<?xml version="1.0" encoding="UTF-8"?>
<!-- Generated by org.testng.reporters.JUnitXMLReporter -->
<testsuite ignored="0" hostname="ACSL-LP-1965" failures="0" tests="21" name="Default test" time="165.988" errors="0" timestamp="2025-11-26T10:43:06 IST">
  <testcase classname="headers_SanityTest.LoginTests" name="customer_remo_shouldOpenLogin" time="2.113"/>
  <testcase classname="headers_SanityTest.LoginTests" name="customer_vendor_shouldOpenLogin" time="2.098"/>
  <testcase classname="headers_SanityTest.LoginTests" name="customer_classic_shouldOpenSignIn" time="5.318"/>
  <testcase classname="headers_SanityTest.LoginTests" name="customer_remit_shouldOpenLogin" time="2.532"/>
  <testcase classname="headers_SanityTest.LoginTests" name="customer_tams_shouldOpenSignIn" time="3.071"/>
  <testcase classname="headers_SanityTest.LoginTests" name="customer_audit_shouldOpenSignIn" time="5.462"/>
  <testcase classname="headers_SanityTest.LoginTests" name="customer_elibraryLogin_shouldOpen" time="4.651"/>
  <testcase classname="headers_SanityTest.LoginTests" name="customer_ess_shouldOpen" time="1.951"/>
  <testcase classname="headers_SanityTest.LoginTests" name="customer_pf_esi_helpdesk_shouldOpen" time="5.612"/>
  <testcase classname="headers_SanityTest.LoginTests" name="employee_myPeople_shouldOpen" time="1.825"/>
  <testcase classname="headers_SanityTest.LoginTests" name="employee_collect_shouldOpen" time="4.895"/>
  <testcase classname="headers_SanityTest.LoginTests" name="employee_expenses_shouldOpen" time="3.425"/>
  <testcase classname="headers_SanityTest.LoginTests" name="employee_helpdesk_shouldOpen" time="4.522"/>
  <testcase classname="headers_SanityTest.LoginTests" name="employee_recruit_shouldOpen" time="3.209"/>
  <testcase classname="headers_SanityTest.LoginTests" name="employee_generalMasters_shouldOpen" time="3.262"/>
  <testcase classname="headers_SanityTest.LoginTests" name="employee_statutoryMasters_shouldOpen" time="12.646"/>
  <testcase classname="headers_SanityTest.LoginTests" name="employee_userAdministration_shouldOpen" time="3.489"/>
  <testcase classname="headers_SanityTest.LoginTests" name="employee_tams_shouldOpen" time="2.656"/>
  <testcase classname="headers_SanityTest.LoginTests" name="employee_remoAdminVpn_shouldOpen" time="2.049"/>
  <testcase classname="headers_SanityTest.LoginTests" name="employee_remoSpLogin_shouldOpen" time="1.842"/>
  <testcase classname="headers_SanityTest.LoginTests" name="employee_classicAudit_shouldOpen" time="5.778"/>
</testsuite> <!-- Default test -->
