<?xml version="1.0" encoding="UTF-8"?>
<!-- Generated by org.testng.reporters.JUnitXMLReporter -->
<testsuite ignored="7" hostname="ACSL-LP-1965" failures="0" tests="1" name="Default test" time="6.136" errors="0" timestamp="2025-11-25T10:12:27 IST">
  <testcase classname="headers_SanityTest.ResourcesTests" name="verifyEventsTab" time="1.512"/>
  <testcase classname="headers_SanityTest.ResourcesTests" name="verifyCSRTab" time="0.0">
    <ignored/>
  </testcase> <!-- verifyCSRTab -->
  <testcase classname="headers_SanityTest.ResourcesTests" name="verifyMediaPressTab" time="0.0">
    <ignored/>
  </testcase> <!-- verifyMediaPressTab -->
  <testcase classname="headers_SanityTest.ResourcesTests" name="verifyWebinarTab" time="0.0">
    <ignored/>
  </testcase> <!-- verifyWebinarTab -->
  <testcase classname="headers_SanityTest.ResourcesTests" name="verifyESDMReportTab" time="0.0">
    <ignored/>
  </testcase> <!-- verifyESDMReportTab -->
  <testcase classname="headers_SanityTest.ResourcesTests" name="verifyBlogTab" time="0.0">
    <ignored/>
  </testcase> <!-- verifyBlogTab -->
  <testcase classname="headers_SanityTest.ResourcesTests" name="verifyCaseStudiesTab" time="0.0">
    <ignored/>
  </testcase> <!-- verifyCaseStudiesTab -->
  <testcase classname="headers_SanityTest.ResourcesTests" name="verifyITeSReportTab" time="0.0">
    <ignored/>
  </testcase> <!-- verifyITeSReportTab -->
</testsuite> <!-- Default test -->
