<html>
<head>
<title>TestNG:  Test</title>
<link href="../testng.css" rel="stylesheet" type="text/css" />
<link href="../my-testng.css" rel="stylesheet" type="text/css" />

<style type="text/css">
.log { display: none;} 
.stack-trace { display: none;} 
</style>
<script type="text/javascript">
<!--
function flip(e) {
  current = e.style.display;
  if (current == 'block') {
    e.style.display = 'none';
    return 0;
  }
  else {
    e.style.display = 'block';
    return 1;
  }
}

function toggleBox(szDivId, elem, msg1, msg2)
{
  var res = -1;  if (document.getElementById) {
    res = flip(document.getElementById(szDivId));
  }
  else if (document.all) {
    // this is the way old msie versions work
    res = flip(document.all[szDivId]);
  }
  if(elem) {
    if(res == 0) elem.innerHTML = msg1; else elem.innerHTML = msg2;
  }

}

function toggleAllBoxes() {
  if (document.getElementsByTagName) {
    d = document.getElementsByTagName('div');
    for (i = 0; i < d.length; i++) {
      if (d[i].className == 'log') {
        flip(d[i]);
      }
    }
  }
}

// -->
</script>

</head>
<body>
<h2 align='center'>Test</h2><table border='1' align="center">
<tr>
<td>Tests passed/Failed/Skipped:</td><td>67/1/0</td>
</tr><tr>
<td>Started on:</td><td>Thu Nov 13 21:55:08 IST 2025</td>
</tr>
<tr><td>Total time:</td><td>504 seconds (504546 ms)</td>
</tr><tr>
<td>Included groups:</td><td></td>
</tr><tr>
<td>Excluded groups:</td><td></td>
</tr>
</table><p/>
<small><i>(Hover the method name to see the test class name)</i></small><p/>
<table width='100%' border='1' class='invocation-failed'>
<tr><td colspan='4' align='center'><b>FAILED TESTS</b></td></tr>
<tr><td><b>Test method</b></td>
<td width="30%"><b>Exception</b></td>
<td width="10%"><b>Time (seconds)</b></td>
<td><b>Instance</b></td>
</tr>
<tr>
<td title='headers_SanityTest.LoginTests.employee_remoAdminVpn_shouldOpen()'><b>employee_remoAdminVpn_shouldOpen</b><br>Test class: headers_SanityTest.LoginTests</td>
<td><div><pre>org.openqa.selenium.NoSuchElementException: no such element: Unable to locate element: {&quot;method&quot;:&quot;xpath&quot;,&quot;selector&quot;:&quot;(//*[text() = &apos;Login&apos;])[2]&quot;}
  (Session info: chrome=142.0.7444.134)
For documentation on this error, please visit: https://www.selenium.dev/documentation/webdriver/troubleshooting/errors#no-such-element-exception
Build info: version: &apos;4.25.0&apos;, revision: &apos;8a8aea2337&apos;
System info: os.name: &apos;Windows 11&apos;, os.arch: &apos;amd64&apos;, os.version: &apos;10.0&apos;, java.version: &apos;23.0.1&apos;
Driver info: org.openqa.selenium.chrome.ChromeDriver
Command: [f7cd1d12153a6fe3b328ba3d508df27c, findElement {value=(//*[text() = &apos;Login&apos;])[2], using=xpath}]
Capabilities {acceptInsecureCerts: false, browserName: chrome, browserVersion: 142.0.7444.134, chrome: {chromedriverVersion: 141.0.7390.54 (b95610d5c4a5..., userDataDir: C:\Users\User\AppData\Local...}, fedcm:accounts: true, goog:chromeOptions: {debuggerAddress: localhost:63562}, networkConnectionEnabled: false, pageLoadStrategy: normal, platformName: windows, proxy: Proxy(), se:cdp: ws://localhost:63562/devtoo..., se:cdpVersion: 142.0.7444.134, setWindowRect: true, strictFileInteractability: false, timeouts: {implicit: 0, pageLoad: 300000, script: 30000}, unhandledPromptBehavior: dismiss and notify, webauthn:extension:credBlob: true, webauthn:extension:largeBlob: true, webauthn:extension:minPinLength: true, webauthn:extension:prf: true, webauthn:virtualAuthenticators: true}
Session ID: f7cd1d12153a6fe3b328ba3d508df27c
	at org.openqa.selenium.remote.ErrorCodec.decode(ErrorCodec.java:167)
	at org.openqa.selenium.remote.codec.w3c.W3CHttpResponseCodec.decode(W3CHttpResponseCodec.java:138)
	at org.openqa.selenium.remote.codec.w3c.W3CHttpResponseCodec.decode(W3CHttpResponseCodec.java:50)
	at org.openqa.selenium.remote.HttpCommandExecutor.execute(HttpCommandExecutor.java:190)
	at org.openqa.selenium.remote.service.DriverCommandExecutor.invokeExecute(DriverCommandExecutor.java:216)
	at org.openqa.selenium.remote.service.DriverCommandExecutor.execute(DriverCommandExecutor.java:174)
	at org.openqa.selenium.remote.RemoteWebDriver.execute(RemoteWebDriver.java:545)
	at org.openqa.selenium.remote.ElementLocation$ElementFinder$2.findElement(ElementLocation.java:165)
	at org.openqa.selenium.remote.ElementLocation.findElement(ElementLocation.java:59)
	at org.openqa.selenium.remote.RemoteWebDriver.findElement(RemoteWebDriver.java:368)
	at org.openqa.selenium.remote.RemoteWebDriver.findElement(RemoteWebDriver.java:362)
	at headers_SanityTest.LoginTests.employee_remoAdminVpn_shouldOpen(LoginTests.java:210)
	at java.base/java.util.ArrayList.forEach(ArrayList.java:1597)
... Removed 28 stack frames</pre></div><a href='#' onClick='toggleBox("stack-trace64746428", this, "Click to show all stack frames", "Click to hide stack frames")'>Click to show all stack frames</a>
<div class='stack-trace' id='stack-trace64746428'><pre>org.openqa.selenium.NoSuchElementException: no such element: Unable to locate element: {&quot;method&quot;:&quot;xpath&quot;,&quot;selector&quot;:&quot;(//*[text() = &apos;Login&apos;])[2]&quot;}
  (Session info: chrome=142.0.7444.134)
For documentation on this error, please visit: https://www.selenium.dev/documentation/webdriver/troubleshooting/errors#no-such-element-exception
Build info: version: &apos;4.25.0&apos;, revision: &apos;8a8aea2337&apos;
System info: os.name: &apos;Windows 11&apos;, os.arch: &apos;amd64&apos;, os.version: &apos;10.0&apos;, java.version: &apos;23.0.1&apos;
Driver info: org.openqa.selenium.chrome.ChromeDriver
Command: [f7cd1d12153a6fe3b328ba3d508df27c, findElement {value=(//*[text() = &apos;Login&apos;])[2], using=xpath}]
Capabilities {acceptInsecureCerts: false, browserName: chrome, browserVersion: 142.0.7444.134, chrome: {chromedriverVersion: 141.0.7390.54 (b95610d5c4a5..., userDataDir: C:\Users\User\AppData\Local...}, fedcm:accounts: true, goog:chromeOptions: {debuggerAddress: localhost:63562}, networkConnectionEnabled: false, pageLoadStrategy: normal, platformName: windows, proxy: Proxy(), se:cdp: ws://localhost:63562/devtoo..., se:cdpVersion: 142.0.7444.134, setWindowRect: true, strictFileInteractability: false, timeouts: {implicit: 0, pageLoad: 300000, script: 30000}, unhandledPromptBehavior: dismiss and notify, webauthn:extension:credBlob: true, webauthn:extension:largeBlob: true, webauthn:extension:minPinLength: true, webauthn:extension:prf: true, webauthn:virtualAuthenticators: true}
Session ID: f7cd1d12153a6fe3b328ba3d508df27c
	at java.base/jdk.internal.reflect.DirectConstructorHandleAccessor.newInstance(DirectConstructorHandleAccessor.java:62)
	at java.base/java.lang.reflect.Constructor.newInstanceWithCaller(Constructor.java:501)
	at java.base/java.lang.reflect.Constructor.newInstance(Constructor.java:485)
	at org.openqa.selenium.remote.ErrorCodec.decode(ErrorCodec.java:167)
	at org.openqa.selenium.remote.codec.w3c.W3CHttpResponseCodec.decode(W3CHttpResponseCodec.java:138)
	at org.openqa.selenium.remote.codec.w3c.W3CHttpResponseCodec.decode(W3CHttpResponseCodec.java:50)
	at org.openqa.selenium.remote.HttpCommandExecutor.execute(HttpCommandExecutor.java:190)
	at org.openqa.selenium.remote.service.DriverCommandExecutor.invokeExecute(DriverCommandExecutor.java:216)
	at org.openqa.selenium.remote.service.DriverCommandExecutor.execute(DriverCommandExecutor.java:174)
	at org.openqa.selenium.remote.RemoteWebDriver.execute(RemoteWebDriver.java:545)
	at org.openqa.selenium.remote.ElementLocation$ElementFinder$2.findElement(ElementLocation.java:165)
	at org.openqa.selenium.remote.ElementLocation.findElement(ElementLocation.java:59)
	at org.openqa.selenium.remote.RemoteWebDriver.findElement(RemoteWebDriver.java:368)
	at org.openqa.selenium.remote.RemoteWebDriver.findElement(RemoteWebDriver.java:362)
	at headers_SanityTest.LoginTests.employee_remoAdminVpn_shouldOpen(LoginTests.java:210)
	at java.base/jdk.internal.reflect.DirectMethodHandleAccessor.invoke(DirectMethodHandleAccessor.java:103)
	at java.base/java.lang.reflect.Method.invoke(Method.java:580)
	at org.testng.internal.MethodInvocationHelper.invokeMethod(MethodInvocationHelper.java:133)
	at org.testng.internal.TestInvoker.invokeMethod(TestInvoker.java:598)
	at org.testng.internal.TestInvoker.invokeTestMethod(TestInvoker.java:173)
	at org.testng.internal.MethodRunner.runInSequence(MethodRunner.java:46)
	at org.testng.internal.TestInvoker$MethodInvocationAgent.invoke(TestInvoker.java:824)
	at org.testng.internal.TestInvoker.invokeTestMethods(TestInvoker.java:146)
	at org.testng.internal.TestMethodWorker.invokeTestMethods(TestMethodWorker.java:146)
	at org.testng.internal.TestMethodWorker.run(TestMethodWorker.java:128)
	at java.base/java.util.ArrayList.forEach(ArrayList.java:1597)
	at org.testng.TestRunner.privateRun(TestRunner.java:794)
	at org.testng.TestRunner.run(TestRunner.java:596)
	at org.testng.SuiteRunner.runTest(SuiteRunner.java:377)
	at org.testng.SuiteRunner.runSequentially(SuiteRunner.java:371)
	at org.testng.SuiteRunner.privateRun(SuiteRunner.java:332)
	at org.testng.SuiteRunner.run(SuiteRunner.java:276)
	at org.testng.SuiteRunnerWorker.runSuite(SuiteRunnerWorker.java:53)
	at org.testng.SuiteRunnerWorker.run(SuiteRunnerWorker.java:96)
	at org.testng.TestNG.runSuitesSequentially(TestNG.java:1212)
	at org.testng.TestNG.runSuitesLocally(TestNG.java:1134)
	at org.testng.TestNG.runSuites(TestNG.java:1063)
	at org.testng.TestNG.run(TestNG.java:1031)
	at org.testng.remote.AbstractRemoteTestNG.run(AbstractRemoteTestNG.java:115)
	at org.testng.remote.RemoteTestNG.initAndRun(RemoteTestNG.java:293)
	at org.testng.remote.RemoteTestNG.main(RemoteTestNG.java:91)
</pre></div></td>
<td>47</td>
<td>headers_SanityTest.LoginTests@45c7e403</td></tr>
</table><p>
<table width='100%' border='1' class='invocation-passed'>
<tr><td colspan='4' align='center'><b>PASSED TESTS</b></td></tr>
<tr><td><b>Test method</b></td>
<td width="30%"><b>Exception</b></td>
<td width="10%"><b>Time (seconds)</b></td>
<td><b>Instance</b></td>
</tr>
<tr>
<td title='headers_SanityTest.ELibraryTests.verifyLatestMinimumWages()'><b>verifyLatestMinimumWages</b><br>Test class: headers_SanityTest.ELibraryTests</td>
<td></td>
<td>2</td>
<td>headers_SanityTest.ELibraryTests@752325ad</td></tr>
<tr>
<td title='headers_SanityTest.ProductsTests.verifySimplianceClassic()'><b>verifySimplianceClassic</b><br>Test class: headers_SanityTest.ProductsTests</td>
<td></td>
<td>1</td>
<td>headers_SanityTest.ProductsTests@2a5c8d3f</td></tr>
<tr>
<td title='headers_SanityTest.ELibraryTests.verifyFCCComplianceCalendarPDF()'><b>verifyFCCComplianceCalendarPDF</b><br>Test class: headers_SanityTest.ELibraryTests</td>
<td></td>
<td>1</td>
<td>headers_SanityTest.ELibraryTests@752325ad</td></tr>
<tr>
<td title='headers_SanityTest.LoginTests.customer_audit_shouldOpenSignIn()'><b>customer_audit_shouldOpenSignIn</b><br>Test class: headers_SanityTest.LoginTests</td>
<td></td>
<td>4</td>
<td>headers_SanityTest.LoginTests@45c7e403</td></tr>
<tr>
<td title='headers_SanityTest.LoginTests.employee_collect_shouldOpen()'><b>employee_collect_shouldOpen</b><br>Test class: headers_SanityTest.LoginTests</td>
<td></td>
<td>2</td>
<td>headers_SanityTest.LoginTests@45c7e403</td></tr>
<tr>
<td title='headers_SanityTest.ServicesTests.verifyPayrollServices()'><b>verifyPayrollServices</b><br>Test class: headers_SanityTest.ServicesTests</td>
<td></td>
<td>1</td>
<td>headers_SanityTest.ServicesTests@3eb25e1a</td></tr>
<tr>
<td title='headers_SanityTest.ServicesTests.verifyEstablishmentCompliances()'><b>verifyEstablishmentCompliances</b><br>Test class: headers_SanityTest.ServicesTests</td>
<td></td>
<td>1</td>
<td>headers_SanityTest.ServicesTests@3eb25e1a</td></tr>
<tr>
<td title='headers_SanityTest.ProductsTests.verifySimplianceRemo()'><b>verifySimplianceRemo</b><br>Test class: headers_SanityTest.ProductsTests</td>
<td></td>
<td>1</td>
<td>headers_SanityTest.ProductsTests@2a5c8d3f</td></tr>
<tr>
<td title='headers_SanityTest.ProductsTests.verifySimplianceAudit()'><b>verifySimplianceAudit</b><br>Test class: headers_SanityTest.ProductsTests</td>
<td></td>
<td>1</td>
<td>headers_SanityTest.ProductsTests@2a5c8d3f</td></tr>
<tr>
<td title='headers_SanityTest.ResourcesTests.verifyMediaPressTab()'><b>verifyMediaPressTab</b><br>Test class: headers_SanityTest.ResourcesTests</td>
<td></td>
<td>1</td>
<td>headers_SanityTest.ResourcesTests@279fedbd</td></tr>
<tr>
<td title='headers_SanityTest.AboutUsTests.verifyManagementTab()'><b>verifyManagementTab</b><br>Test class: headers_SanityTest.AboutUsTests</td>
<td></td>
<td>1</td>
<td>headers_SanityTest.AboutUsTests@b3ca52e</td></tr>
<tr>
<td title='headers_SanityTest.ELibraryTests.verifyProfessionalTax()'><b>verifyProfessionalTax</b><br>Test class: headers_SanityTest.ELibraryTests</td>
<td></td>
<td>2</td>
<td>headers_SanityTest.ELibraryTests@752325ad</td></tr>
<tr>
<td title='headers_SanityTest.ResourcesTests.verifyITeSReportTab()'><b>verifyITeSReportTab</b><br>Test class: headers_SanityTest.ResourcesTests</td>
<td></td>
<td>1</td>
<td>headers_SanityTest.ResourcesTests@279fedbd</td></tr>
<tr>
<td title='headers_SanityTest.LoginTests.employee_generalMasters_shouldOpen()'><b>employee_generalMasters_shouldOpen</b><br>Test class: headers_SanityTest.LoginTests</td>
<td></td>
<td>1</td>
<td>headers_SanityTest.LoginTests@45c7e403</td></tr>
<tr>
<td title='headers_SanityTest.EnquiryFormsTests.verifyITeSReportForm()'><b>verifyITeSReportForm</b><br>Test class: headers_SanityTest.EnquiryFormsTests</td>
<td></td>
<td>2</td>
<td>headers_SanityTest.EnquiryFormsTests@710f4dc7</td></tr>
<tr>
<td title='headers_SanityTest.ELibraryTests.verifyHolidaysList()'><b>verifyHolidaysList</b><br>Test class: headers_SanityTest.ELibraryTests</td>
<td></td>
<td>3</td>
<td>headers_SanityTest.ELibraryTests@752325ad</td></tr>
<tr>
<td title='headers_SanityTest.AboutUsTests.verifyOurCompanyTab()'><b>verifyOurCompanyTab</b><br>Test class: headers_SanityTest.AboutUsTests</td>
<td></td>
<td>1</td>
<td>headers_SanityTest.AboutUsTests@b3ca52e</td></tr>
<tr>
<td title='headers_SanityTest.ResourcesTests.verifyESDMReportTab()'><b>verifyESDMReportTab</b><br>Test class: headers_SanityTest.ResourcesTests</td>
<td></td>
<td>1</td>
<td>headers_SanityTest.ResourcesTests@279fedbd</td></tr>
<tr>
<td title='headers_SanityTest.LoginTests.employee_userAdministration_shouldOpen()'><b>employee_userAdministration_shouldOpen</b><br>Test class: headers_SanityTest.LoginTests</td>
<td></td>
<td>2</td>
<td>headers_SanityTest.LoginTests@45c7e403</td></tr>
<tr>
<td title='headers_SanityTest.LoginTests.employee_statutoryMasters_shouldOpen()'><b>employee_statutoryMasters_shouldOpen</b><br>Test class: headers_SanityTest.LoginTests</td>
<td></td>
<td>8</td>
<td>headers_SanityTest.LoginTests@45c7e403</td></tr>
<tr>
<td title='headers_SanityTest.ServicesTests.verifyVendorComplianceServices()'><b>verifyVendorComplianceServices</b><br>Test class: headers_SanityTest.ServicesTests</td>
<td></td>
<td>1</td>
<td>headers_SanityTest.ServicesTests@3eb25e1a</td></tr>
<tr>
<td title='headers_SanityTest.CareerTests.verifyCareerPageAndApplyNow()'><b>verifyCareerPageAndApplyNow</b><br>Test class: headers_SanityTest.CareerTests</td>
<td></td>
<td>1</td>
<td>headers_SanityTest.CareerTests@2925bf5b</td></tr>
<tr>
<td title='headers_SanityTest.LoginTests.customer_classic_shouldOpenSignIn()'><b>customer_classic_shouldOpenSignIn</b><br>Test class: headers_SanityTest.LoginTests</td>
<td></td>
<td>5</td>
<td>headers_SanityTest.LoginTests@45c7e403</td></tr>
<tr>
<td title='headers_SanityTest.LoginTests.employee_myPeople_shouldOpen()'><b>employee_myPeople_shouldOpen</b><br>Test class: headers_SanityTest.LoginTests</td>
<td></td>
<td>1</td>
<td>headers_SanityTest.LoginTests@45c7e403</td></tr>
<tr>
<td title='headers_SanityTest.ProductsTests.verifySimplianceVendor()'><b>verifySimplianceVendor</b><br>Test class: headers_SanityTest.ProductsTests</td>
<td></td>
<td>1</td>
<td>headers_SanityTest.ProductsTests@2a5c8d3f</td></tr>
<tr>
<td title='headers_SanityTest.LoginTests.customer_elibraryLogin_shouldOpen()'><b>customer_elibraryLogin_shouldOpen</b><br>Test class: headers_SanityTest.LoginTests</td>
<td></td>
<td>1</td>
<td>headers_SanityTest.LoginTests@45c7e403</td></tr>
<tr>
<td title='headers_SanityTest.LoginTests.customer_remit_shouldOpenLogin()'><b>customer_remit_shouldOpenLogin</b><br>Test class: headers_SanityTest.LoginTests</td>
<td></td>
<td>1</td>
<td>headers_SanityTest.LoginTests@45c7e403</td></tr>
<tr>
<td title='headers_SanityTest.LoginTests.customer_remo_shouldOpenLogin()'><b>customer_remo_shouldOpenLogin</b><br>Test class: headers_SanityTest.LoginTests</td>
<td></td>
<td>1</td>
<td>headers_SanityTest.LoginTests@45c7e403</td></tr>
<tr>
<td title='headers_SanityTest.EnquiryFormsTests.verifyEnquiryFormFieldValidations()'><b>verifyEnquiryFormFieldValidations</b><br>Test class: headers_SanityTest.EnquiryFormsTests</td>
<td></td>
<td>1</td>
<td>headers_SanityTest.EnquiryFormsTests@710f4dc7</td></tr>
<tr>
<td title='headers_SanityTest.HomePageClickValidations$HomePageClickValidationTest.verifyISOQMSCertificatePDF()'><b>verifyISOQMSCertificatePDF</b><br>Test class: headers_SanityTest.HomePageClickValidations$HomePageClickValidationTest</td>
<td></td>
<td>3</td>
<td>headers_SanityTest.HomePageClickValidations$HomePageClickValidationTest@6ad82709</td></tr>
<tr>
<td title='headers_SanityTest.ELibraryTests.verifyLabourWelfareFund()'><b>verifyLabourWelfareFund</b><br>Test class: headers_SanityTest.ELibraryTests</td>
<td></td>
<td>2</td>
<td>headers_SanityTest.ELibraryTests@752325ad</td></tr>
<tr>
<td title='headers_SanityTest.AboutUsTests.verifyOurClientsTab()'><b>verifyOurClientsTab</b><br>Test class: headers_SanityTest.AboutUsTests</td>
<td></td>
<td>1</td>
<td>headers_SanityTest.AboutUsTests@b3ca52e</td></tr>
<tr>
<td title='headers_SanityTest.ServicesTests.verifyFactoryComplianceServices()'><b>verifyFactoryComplianceServices</b><br>Test class: headers_SanityTest.ServicesTests</td>
<td></td>
<td>1</td>
<td>headers_SanityTest.ServicesTests@3eb25e1a</td></tr>
<tr>
<td title='headers_SanityTest.LoginTests.employee_helpdesk_shouldOpen()'><b>employee_helpdesk_shouldOpen</b><br>Test class: headers_SanityTest.LoginTests</td>
<td></td>
<td>3</td>
<td>headers_SanityTest.LoginTests@45c7e403</td></tr>
<tr>
<td title='headers_SanityTest.ResourcesTests.verifyEventsTab()'><b>verifyEventsTab</b><br>Test class: headers_SanityTest.ResourcesTests</td>
<td></td>
<td>1</td>
<td>headers_SanityTest.ResourcesTests@279fedbd</td></tr>
<tr>
<td title='headers_SanityTest.ResourcesTests.verifyCaseStudiesTab()'><b>verifyCaseStudiesTab</b><br>Test class: headers_SanityTest.ResourcesTests</td>
<td></td>
<td>1</td>
<td>headers_SanityTest.ResourcesTests@279fedbd</td></tr>
<tr>
<td title='headers_SanityTest.EnquiryFormsTests.verifyEnquireNowForm()'><b>verifyEnquireNowForm</b><br>Test class: headers_SanityTest.EnquiryFormsTests</td>
<td></td>
<td>1</td>
<td>headers_SanityTest.EnquiryFormsTests@710f4dc7</td></tr>
<tr>
<td title='headers_SanityTest.ResourcesTests.verifyBlogTab()'><b>verifyBlogTab</b><br>Test class: headers_SanityTest.ResourcesTests</td>
<td></td>
<td>1</td>
<td>headers_SanityTest.ResourcesTests@279fedbd</td></tr>
<tr>
<td title='headers_SanityTest.EnquiryFormsTests.verifyITESFieldValidations()'><b>verifyITESFieldValidations</b><br>Test class: headers_SanityTest.EnquiryFormsTests</td>
<td></td>
<td>4</td>
<td>headers_SanityTest.EnquiryFormsTests@710f4dc7</td></tr>
<tr>
<td title='headers_SanityTest.HomePageUITests.verifyHomePageUIElements()'><b>verifyHomePageUIElements</b><br>Test class: headers_SanityTest.HomePageUITests</td>
<td></td>
<td>7</td>
<td>headers_SanityTest.HomePageUITests@65e98b1c</td></tr>
<tr>
<td title='headers_SanityTest.ServicesTests.verifyFlexiStaffingServices()'><b>verifyFlexiStaffingServices</b><br>Test class: headers_SanityTest.ServicesTests</td>
<td></td>
<td>1</td>
<td>headers_SanityTest.ServicesTests@3eb25e1a</td></tr>
<tr>
<td title='headers_SanityTest.ResourcesTests.verifyCSRTab()'><b>verifyCSRTab</b><br>Test class: headers_SanityTest.ResourcesTests</td>
<td></td>
<td>1</td>
<td>headers_SanityTest.ResourcesTests@279fedbd</td></tr>
<tr>
<td title='headers_SanityTest.ServicesTests.verifyMinesComplianceServices()'><b>verifyMinesComplianceServices</b><br>Test class: headers_SanityTest.ServicesTests</td>
<td></td>
<td>1</td>
<td>headers_SanityTest.ServicesTests@3eb25e1a</td></tr>
<tr>
<td title='headers_SanityTest.HomePageClickValidations$HomePageClickValidationTest.verifyAllBlogsNavigation()'><b>verifyAllBlogsNavigation</b><br>Test class: headers_SanityTest.HomePageClickValidations$HomePageClickValidationTest</td>
<td></td>
<td>4</td>
<td>headers_SanityTest.HomePageClickValidations$HomePageClickValidationTest@6ad82709</td></tr>
<tr>
<td title='headers_SanityTest.ELibraryTests.verifyProvidentFund()'><b>verifyProvidentFund</b><br>Test class: headers_SanityTest.ELibraryTests</td>
<td></td>
<td>5</td>
<td>headers_SanityTest.ELibraryTests@752325ad</td></tr>
<tr>
<td title='headers_SanityTest.ServicesTests.verifyEHS()'><b>verifyEHS</b><br>Test class: headers_SanityTest.ServicesTests</td>
<td></td>
<td>1</td>
<td>headers_SanityTest.ServicesTests@3eb25e1a</td></tr>
<tr>
<td title='headers_SanityTest.ServicesTests.verifyComplianceRiskAudit()'><b>verifyComplianceRiskAudit</b><br>Test class: headers_SanityTest.ServicesTests</td>
<td></td>
<td>1</td>
<td>headers_SanityTest.ServicesTests@3eb25e1a</td></tr>
<tr>
<td title='headers_SanityTest.HomePageClickValidations$HomePageClickValidationTest.verifyISOIECCertificatePDF()'><b>verifyISOIECCertificatePDF</b><br>Test class: headers_SanityTest.HomePageClickValidations$HomePageClickValidationTest</td>
<td></td>
<td>3</td>
<td>headers_SanityTest.HomePageClickValidations$HomePageClickValidationTest@6ad82709</td></tr>
<tr>
<td title='headers_SanityTest.HomePageClickValidations$HomePageClickValidationTest.verifyCaseStudyNavigation()'><b>verifyCaseStudyNavigation</b><br>Test class: headers_SanityTest.HomePageClickValidations$HomePageClickValidationTest</td>
<td></td>
<td>4</td>
<td>headers_SanityTest.HomePageClickValidations$HomePageClickValidationTest@6ad82709</td></tr>
<tr>
<td title='headers_SanityTest.ResourcesTests.verifyWebinarTab()'><b>verifyWebinarTab</b><br>Test class: headers_SanityTest.ResourcesTests</td>
<td></td>
<td>3</td>
<td>headers_SanityTest.ResourcesTests@279fedbd</td></tr>
<tr>
<td title='headers_SanityTest.EnquiryFormsTests.verifyContactUsForm()'><b>verifyContactUsForm</b><br>Test class: headers_SanityTest.EnquiryFormsTests</td>
<td></td>
<td>8</td>
<td>headers_SanityTest.EnquiryFormsTests@710f4dc7</td></tr>
<tr>
<td title='headers_SanityTest.LoginTests.employee_expenses_shouldOpen()'><b>employee_expenses_shouldOpen</b><br>Test class: headers_SanityTest.LoginTests</td>
<td></td>
<td>3</td>
<td>headers_SanityTest.LoginTests@45c7e403</td></tr>
<tr>
<td title='headers_SanityTest.EnquiryFormsTests.verifyESDMFieldValidations()'><b>verifyESDMFieldValidations</b><br>Test class: headers_SanityTest.EnquiryFormsTests</td>
<td></td>
<td>2</td>
<td>headers_SanityTest.EnquiryFormsTests@710f4dc7</td></tr>
<tr>
<td title='headers_SanityTest.AboutUsTests.verifyContactUsTab()'><b>verifyContactUsTab</b><br>Test class: headers_SanityTest.AboutUsTests</td>
<td></td>
<td>3</td>
<td>headers_SanityTest.AboutUsTests@b3ca52e</td></tr>
<tr>
<td title='headers_SanityTest.LoginTests.customer_tams_shouldOpenSignIn()'><b>customer_tams_shouldOpenSignIn</b><br>Test class: headers_SanityTest.LoginTests</td>
<td></td>
<td>1</td>
<td>headers_SanityTest.LoginTests@45c7e403</td></tr>
<tr>
<td title='headers_SanityTest.LoginTests.customer_vendor_shouldOpenLogin()'><b>customer_vendor_shouldOpenLogin</b><br>Test class: headers_SanityTest.LoginTests</td>
<td></td>
<td>1</td>
<td>headers_SanityTest.LoginTests@45c7e403</td></tr>
<tr>
<td title='headers_SanityTest.LoginTests.employee_tams_shouldOpen()'><b>employee_tams_shouldOpen</b><br>Test class: headers_SanityTest.LoginTests</td>
<td></td>
<td>1</td>
<td>headers_SanityTest.LoginTests@45c7e403</td></tr>
<tr>
<td title='headers_SanityTest.LoginTests.customer_ess_shouldOpen()'><b>customer_ess_shouldOpen</b><br>Test class: headers_SanityTest.LoginTests</td>
<td></td>
<td>1</td>
<td>headers_SanityTest.LoginTests@45c7e403</td></tr>
<tr>
<td title='headers_SanityTest.LoginTests.employee_remoSpLogin_shouldOpen()'><b>employee_remoSpLogin_shouldOpen</b><br>Test class: headers_SanityTest.LoginTests</td>
<td></td>
<td>1</td>
<td>headers_SanityTest.LoginTests@45c7e403</td></tr>
<tr>
<td title='headers_SanityTest.LoginTests.customer_pf_esi_helpdesk_shouldOpen()'><b>customer_pf_esi_helpdesk_shouldOpen</b><br>Test class: headers_SanityTest.LoginTests</td>
<td></td>
<td>4</td>
<td>headers_SanityTest.LoginTests@45c7e403</td></tr>
<tr>
<td title='headers_SanityTest.LoginTests.employee_classicAudit_shouldOpen()'><b>employee_classicAudit_shouldOpen</b><br>Test class: headers_SanityTest.LoginTests</td>
<td></td>
<td>4</td>
<td>headers_SanityTest.LoginTests@45c7e403</td></tr>
<tr>
<td title='headers_SanityTest.AboutUsTests.verifyTestimonialsTab()'><b>verifyTestimonialsTab</b><br>Test class: headers_SanityTest.AboutUsTests</td>
<td></td>
<td>1</td>
<td>headers_SanityTest.AboutUsTests@b3ca52e</td></tr>
<tr>
<td title='headers_SanityTest.ServicesTests.verifyPayrollComplianceServices()'><b>verifyPayrollComplianceServices</b><br>Test class: headers_SanityTest.ServicesTests</td>
<td></td>
<td>1</td>
<td>headers_SanityTest.ServicesTests@3eb25e1a</td></tr>
<tr>
<td title='headers_SanityTest.ELibraryTests.verifyLeaveWorkingHours()'><b>verifyLeaveWorkingHours</b><br>Test class: headers_SanityTest.ELibraryTests</td>
<td></td>
<td>2</td>
<td>headers_SanityTest.ELibraryTests@752325ad</td></tr>
<tr>
<td title='headers_SanityTest.ELibraryTests.verifyLEIComplianceCalendarPDF()'><b>verifyLEIComplianceCalendarPDF</b><br>Test class: headers_SanityTest.ELibraryTests</td>
<td></td>
<td>1</td>
<td>headers_SanityTest.ELibraryTests@752325ad</td></tr>
<tr>
<td title='headers_SanityTest.EnquiryFormsTests.verifyESDMIndustryReportForm()'><b>verifyESDMIndustryReportForm</b><br>Test class: headers_SanityTest.EnquiryFormsTests</td>
<td></td>
<td>2</td>
<td>headers_SanityTest.EnquiryFormsTests@710f4dc7</td></tr>
<tr>
<td title='headers_SanityTest.LoginTests.employee_recruit_shouldOpen()'><b>employee_recruit_shouldOpen</b><br>Test class: headers_SanityTest.LoginTests</td>
<td></td>
<td>2</td>
<td>headers_SanityTest.LoginTests@45c7e403</td></tr>
</table><p>
</body>
</html>