<?xml version="1.0" encoding="UTF-8"?>
<!-- Generated by org.testng.reporters.JUnitXMLReporter -->
<testsuite ignored="0" hostname="ACSL-LP-1965" failures="1" tests="68" name="Test" time="504.546" errors="0" timestamp="2025-11-13T22:03:33 IST">
  <testcase classname="headers_SanityTest.HomePageClickValidations$HomePageClickValidationTest" name="verifyAllBlogsNavigation" time="4.487"/>
  <testcase classname="headers_SanityTest.ServicesTests" name="verifyComplianceRiskAudit" time="1.416"/>
  <testcase classname="headers_SanityTest.ServicesTests" name="verifyEstablishmentCompliances" time="1.471"/>
  <testcase classname="headers_SanityTest.HomePageClickValidations$HomePageClickValidationTest" name="verifyISOIECCertificatePDF" time="3.462"/>
  <testcase classname="headers_SanityTest.HomePageClickValidations$HomePageClickValidationTest" name="verifyISOQMSCertificatePDF" time="3.5"/>
  <testcase classname="headers_SanityTest.ServicesTests" name="verifyPayrollComplianceServices" time="1.212"/>
  <testcase classname="headers_SanityTest.HomePageClickValidations$HomePageClickValidationTest" name="verifyCaseStudyNavigation" time="4.373"/>
  <testcase classname="headers_SanityTest.ServicesTests" name="verifyFactoryComplianceServices" time="1.376"/>
  <testcase classname="headers_SanityTest.ServicesTests" name="verifyVendorComplianceServices" time="1.375"/>
  <testcase classname="headers_SanityTest.ServicesTests" name="verifyMinesComplianceServices" time="1.382"/>
  <testcase classname="headers_SanityTest.ServicesTests" name="verifyFlexiStaffingServices" time="1.385"/>
  <testcase classname="headers_SanityTest.ServicesTests" name="verifyPayrollServices" time="1.48"/>
  <testcase classname="headers_SanityTest.ServicesTests" name="verifyEHS" time="1.319"/>
  <testcase classname="headers_SanityTest.ProductsTests" name="verifySimplianceClassic" time="1.559"/>
  <testcase classname="headers_SanityTest.ProductsTests" name="verifySimplianceRemo" time="1.428"/>
  <testcase classname="headers_SanityTest.ProductsTests" name="verifySimplianceVendor" time="1.411"/>
  <testcase classname="headers_SanityTest.ProductsTests" name="verifySimplianceAudit" time="1.363"/>
  <testcase classname="headers_SanityTest.ELibraryTests" name="verifyLatestMinimumWages" time="2.622"/>
  <testcase classname="headers_SanityTest.ELibraryTests" name="verifyProfessionalTax" time="2.349"/>
  <testcase classname="headers_SanityTest.ELibraryTests" name="verifyLabourWelfareFund" time="2.107"/>
  <testcase classname="headers_SanityTest.ELibraryTests" name="verifyLeaveWorkingHours" time="2.235"/>
  <testcase classname="headers_SanityTest.ELibraryTests" name="verifyHolidaysList" time="3.968"/>
  <testcase classname="headers_SanityTest.ELibraryTests" name="verifyProvidentFund" time="5.193"/>
  <testcase classname="headers_SanityTest.ELibraryTests" name="verifyLEIComplianceCalendarPDF" time="1.105"/>
  <testcase classname="headers_SanityTest.ELibraryTests" name="verifyFCCComplianceCalendarPDF" time="1.274"/>
  <testcase classname="headers_SanityTest.ResourcesTests" name="verifyEventsTab" time="1.245"/>
  <testcase classname="headers_SanityTest.ResourcesTests" name="verifyCaseStudiesTab" time="1.18"/>
  <testcase classname="headers_SanityTest.ResourcesTests" name="verifyBlogTab" time="1.516"/>
  <testcase classname="headers_SanityTest.ResourcesTests" name="verifyMediaPressTab" time="1.759"/>
  <testcase classname="headers_SanityTest.ResourcesTests" name="verifyCSRTab" time="1.304"/>
  <testcase classname="headers_SanityTest.ResourcesTests" name="verifyWebinarTab" time="3.205"/>
  <testcase classname="headers_SanityTest.ResourcesTests" name="verifyITeSReportTab" time="1.572"/>
  <testcase classname="headers_SanityTest.ResourcesTests" name="verifyESDMReportTab" time="1.772"/>
  <testcase classname="headers_SanityTest.AboutUsTests" name="verifyOurCompanyTab" time="1.365"/>
  <testcase classname="headers_SanityTest.AboutUsTests" name="verifyManagementTab" time="1.15"/>
  <testcase classname="headers_SanityTest.AboutUsTests" name="verifyOurClientsTab" time="1.542"/>
  <testcase classname="headers_SanityTest.AboutUsTests" name="verifyContactUsTab" time="3.345"/>
  <testcase classname="headers_SanityTest.AboutUsTests" name="verifyTestimonialsTab" time="1.319"/>
  <testcase classname="headers_SanityTest.LoginTests" name="customer_remo_shouldOpenLogin" time="1.534"/>
  <testcase classname="headers_SanityTest.LoginTests" name="customer_vendor_shouldOpenLogin" time="1.288"/>
  <testcase classname="headers_SanityTest.LoginTests" name="customer_classic_shouldOpenSignIn" time="5.016"/>
  <testcase classname="headers_SanityTest.LoginTests" name="customer_remit_shouldOpenLogin" time="1.566"/>
  <testcase classname="headers_SanityTest.LoginTests" name="customer_tams_shouldOpenSignIn" time="1.834"/>
  <testcase classname="headers_SanityTest.LoginTests" name="customer_audit_shouldOpenSignIn" time="4.953"/>
  <testcase classname="headers_SanityTest.LoginTests" name="customer_elibraryLogin_shouldOpen" time="1.952"/>
  <testcase classname="headers_SanityTest.LoginTests" name="customer_ess_shouldOpen" time="1.378"/>
  <testcase classname="headers_SanityTest.LoginTests" name="customer_pf_esi_helpdesk_shouldOpen" time="4.862"/>
  <testcase classname="headers_SanityTest.LoginTests" name="employee_myPeople_shouldOpen" time="1.454"/>
  <testcase classname="headers_SanityTest.LoginTests" name="employee_collect_shouldOpen" time="2.085"/>
  <testcase classname="headers_SanityTest.LoginTests" name="employee_expenses_shouldOpen" time="3.082"/>
  <testcase classname="headers_SanityTest.LoginTests" name="employee_helpdesk_shouldOpen" time="3.319"/>
  <testcase classname="headers_SanityTest.LoginTests" name="employee_recruit_shouldOpen" time="2.431"/>
  <testcase classname="headers_SanityTest.LoginTests" name="employee_generalMasters_shouldOpen" time="1.845"/>
  <testcase classname="headers_SanityTest.LoginTests" name="employee_statutoryMasters_shouldOpen" time="8.047"/>
  <testcase classname="headers_SanityTest.LoginTests" name="employee_userAdministration_shouldOpen" time="2.182"/>
  <testcase classname="headers_SanityTest.LoginTests" name="employee_tams_shouldOpen" time="1.819"/>
  <testcase classname="headers_SanityTest.LoginTests" name="employee_remoAdminVpn_shouldOpen" time="47.929">
    <failure type="org.openqa.selenium.NoSuchElementException" message="no such element: Unable to locate element: {&amp;quot;method&amp;quot;:&amp;quot;xpath&amp;quot;,&amp;quot;selector&amp;quot;:&amp;quot;(//*[text() = &amp;apos;Login&amp;apos;])[2]&amp;quot;}
  (Session info: chrome=142.0.7444.134)
For documentation on this error, please visit: https://www.selenium.dev/documentation/webdriver/troubleshooting/errors#no-such-element-exception
Build info: version: &amp;apos;4.25.0&amp;apos;, revision: &amp;apos;8a8aea2337&amp;apos;
System info: os.name: &amp;apos;Windows 11&amp;apos;, os.arch: &amp;apos;amd64&amp;apos;, os.version: &amp;apos;10.0&amp;apos;, java.version: &amp;apos;23.0.1&amp;apos;
Driver info: org.openqa.selenium.chrome.ChromeDriver
Command: [f7cd1d12153a6fe3b328ba3d508df27c, findElement {value=(//*[text() = &amp;apos;Login&amp;apos;])[2], using=xpath}]
Capabilities {acceptInsecureCerts: false, browserName: chrome, browserVersion: 142.0.7444.134, chrome: {chromedriverVersion: 141.0.7390.54 (b95610d5c4a5..., userDataDir: C:\Users\User\AppData\Local...}, fedcm:accounts: true, goog:chromeOptions: {debuggerAddress: localhost:63562}, networkConnectionEnabled: false, pageLoadStrategy: normal, platformName: windows, proxy: Proxy(), se:cdp: ws://localhost:63562/devtoo..., se:cdpVersion: 142.0.7444.134, setWindowRect: true, strictFileInteractability: false, timeouts: {implicit: 0, pageLoad: 300000, script: 30000}, unhandledPromptBehavior: dismiss and notify, webauthn:extension:credBlob: true, webauthn:extension:largeBlob: true, webauthn:extension:minPinLength: true, webauthn:extension:prf: true, webauthn:virtualAuthenticators: true}
Session ID: f7cd1d12153a6fe3b328ba3d508df27c">
      <![CDATA[org.openqa.selenium.NoSuchElementException: no such element: Unable to locate element: {"method":"xpath","selector":"(//*[text() = 'Login'])[2]"}
  (Session info: chrome=142.0.7444.134)
For documentation on this error, please visit: https://www.selenium.dev/documentation/webdriver/troubleshooting/errors#no-such-element-exception
Build info: version: '4.25.0', revision: '8a8aea2337'
System info: os.name: 'Windows 11', os.arch: 'amd64', os.version: '10.0', java.version: '23.0.1'
Driver info: org.openqa.selenium.chrome.ChromeDriver
Command: [f7cd1d12153a6fe3b328ba3d508df27c, findElement {value=(//*[text() = 'Login'])[2], using=xpath}]
Capabilities {acceptInsecureCerts: false, browserName: chrome, browserVersion: 142.0.7444.134, chrome: {chromedriverVersion: 141.0.7390.54 (b95610d5c4a5..., userDataDir: C:\Users\User\AppData\Local...}, fedcm:accounts: true, goog:chromeOptions: {debuggerAddress: localhost:63562}, networkConnectionEnabled: false, pageLoadStrategy: normal, platformName: windows, proxy: Proxy(), se:cdp: ws://localhost:63562/devtoo..., se:cdpVersion: 142.0.7444.134, setWindowRect: true, strictFileInteractability: false, timeouts: {implicit: 0, pageLoad: 300000, script: 30000}, unhandledPromptBehavior: dismiss and notify, webauthn:extension:credBlob: true, webauthn:extension:largeBlob: true, webauthn:extension:minPinLength: true, webauthn:extension:prf: true, webauthn:virtualAuthenticators: true}
Session ID: f7cd1d12153a6fe3b328ba3d508df27c
at org.openqa.selenium.remote.ErrorCodec.decode(ErrorCodec.java:167)
at org.openqa.selenium.remote.codec.w3c.W3CHttpResponseCodec.decode(W3CHttpResponseCodec.java:138)
at org.openqa.selenium.remote.codec.w3c.W3CHttpResponseCodec.decode(W3CHttpResponseCodec.java:50)
at org.openqa.selenium.remote.HttpCommandExecutor.execute(HttpCommandExecutor.java:190)
at org.openqa.selenium.remote.service.DriverCommandExecutor.invokeExecute(DriverCommandExecutor.java:216)
at org.openqa.selenium.remote.service.DriverCommandExecutor.execute(DriverCommandExecutor.java:174)
at org.openqa.selenium.remote.RemoteWebDriver.execute(RemoteWebDriver.java:545)
at org.openqa.selenium.remote.ElementLocation$ElementFinder$2.findElement(ElementLocation.java:165)
at org.openqa.selenium.remote.ElementLocation.findElement(ElementLocation.java:59)
at org.openqa.selenium.remote.RemoteWebDriver.findElement(RemoteWebDriver.java:368)
at org.openqa.selenium.remote.RemoteWebDriver.findElement(RemoteWebDriver.java:362)
at headers_SanityTest.LoginTests.employee_remoAdminVpn_shouldOpen(LoginTests.java:210)
at java.base/java.util.ArrayList.forEach(ArrayList.java:1597)
... Removed 28 stack frames]]>
    </failure>
  </testcase> <!-- employee_remoAdminVpn_shouldOpen -->
  <testcase classname="headers_SanityTest.LoginTests" name="employee_remoSpLogin_shouldOpen" time="1.284"/>
  <testcase classname="headers_SanityTest.LoginTests" name="employee_classicAudit_shouldOpen" time="4.933"/>
  <testcase classname="headers_SanityTest.CareerTests" name="verifyCareerPageAndApplyNow" time="1.87"/>
  <testcase classname="headers_SanityTest.EnquiryFormsTests" name="verifyEnquireNowForm" time="1.654"/>
  <testcase classname="headers_SanityTest.EnquiryFormsTests" name="verifyContactUsForm" time="8.367"/>
  <testcase classname="headers_SanityTest.EnquiryFormsTests" name="verifyEnquiryFormFieldValidations" time="1.687"/>
  <testcase classname="headers_SanityTest.EnquiryFormsTests" name="verifyITeSReportForm" time="2.776"/>
  <testcase classname="headers_SanityTest.EnquiryFormsTests" name="verifyESDMIndustryReportForm" time="2.575"/>
  <testcase classname="headers_SanityTest.EnquiryFormsTests" name="verifyITESFieldValidations" time="4.498"/>
  <testcase classname="headers_SanityTest.EnquiryFormsTests" name="verifyESDMFieldValidations" time="2.648"/>
  <testcase classname="headers_SanityTest.HomePageUITests" name="verifyHomePageUIElements" time="7.897"/>
</testsuite> <!-- Test -->
