<?xml version="1.0" encoding="UTF-8"?>
<!-- Generated by org.testng.reporters.JUnitXMLReporter -->
<testsuite ignored="0" hostname="ACSL-LP-1965" failures="1" tests="68" name="Chrome Sanity Tests" time="1089.093" errors="0" timestamp="2025-11-25T10:01:31 IST">
  <testcase classname="headers_SanityTest.LoginTests" name="customer_remo_shouldOpenLogin" time="5.857"/>
  <testcase classname="headers_SanityTest.HomePageClickValidations" name="verifyAllBlogsNavigation" time="5.898"/>
  <testcase classname="headers_SanityTest.CareerTests" name="verifyCareerPageAndApplyNow" time="25.52"/>
  <testcase classname="headers_SanityTest.ServicesTests" name="verifyComplianceRiskAudit" time="8.091"/>
  <testcase classname="headers_SanityTest.EnquiryFormsTests" name="verifyEnquireNowForm" time="17.013"/>
  <testcase classname="headers_SanityTest.ResourcesTests" name="verifyEventsTab" time="15.49">
    <failure type="org.openqa.selenium.TimeoutException" message="Expected condition failed: waiting for visibility of element located by By.xpath: (//*[contains(text(), &amp;apos;Events&amp;apos;)])[3] (tried for 15 second(s) with 500 milliseconds interval)
Build info: version: &amp;apos;4.25.0&amp;apos;, revision: &amp;apos;8a8aea2337&amp;apos;
System info: os.name: &amp;apos;Windows 11&amp;apos;, os.arch: &amp;apos;amd64&amp;apos;, os.version: &amp;apos;10.0&amp;apos;, java.version: &amp;apos;23.0.1&amp;apos;
Driver info: org.openqa.selenium.chrome.ChromeDriver
Capabilities {acceptInsecureCerts: false, browserName: chrome, browserVersion: 142.0.7444.176, chrome: {chromedriverVersion: 142.0.7444.175 (302067f14a4..., userDataDir: C:\Users\User\AppData\Local...}, fedcm:accounts: true, goog:chromeOptions: {debuggerAddress: localhost:52651}, goog:processID: 21588, networkConnectionEnabled: false, pageLoadStrategy: normal, platformName: windows, proxy: Proxy(), se:cdp: ws://localhost:52651/devtoo..., se:cdpVersion: 142.0.7444.176, setWindowRect: true, strictFileInteractability: false, timeouts: {implicit: 0, pageLoad: 300000, script: 30000}, unhandledPromptBehavior: dismiss and notify, webauthn:extension:credBlob: true, webauthn:extension:largeBlob: true, webauthn:extension:minPinLength: true, webauthn:extension:prf: true, webauthn:virtualAuthenticators: true}
Session ID: 56f0c7ffd7b31db58727b5991ae14d7f">
      <![CDATA[org.openqa.selenium.TimeoutException: Expected condition failed: waiting for visibility of element located by By.xpath: (//*[contains(text(), 'Events')])[3] (tried for 15 second(s) with 500 milliseconds interval)
Build info: version: '4.25.0', revision: '8a8aea2337'
System info: os.name: 'Windows 11', os.arch: 'amd64', os.version: '10.0', java.version: '23.0.1'
Driver info: org.openqa.selenium.chrome.ChromeDriver
Capabilities {acceptInsecureCerts: false, browserName: chrome, browserVersion: 142.0.7444.176, chrome: {chromedriverVersion: 142.0.7444.175 (302067f14a4..., userDataDir: C:\Users\User\AppData\Local...}, fedcm:accounts: true, goog:chromeOptions: {debuggerAddress: localhost:52651}, goog:processID: 21588, networkConnectionEnabled: false, pageLoadStrategy: normal, platformName: windows, proxy: Proxy(), se:cdp: ws://localhost:52651/devtoo..., se:cdpVersion: 142.0.7444.176, setWindowRect: true, strictFileInteractability: false, timeouts: {implicit: 0, pageLoad: 300000, script: 30000}, unhandledPromptBehavior: dismiss and notify, webauthn:extension:credBlob: true, webauthn:extension:largeBlob: true, webauthn:extension:minPinLength: true, webauthn:extension:prf: true, webauthn:virtualAuthenticators: true}
Session ID: 56f0c7ffd7b31db58727b5991ae14d7f
at org.openqa.selenium.support.ui.WebDriverWait.timeoutException(WebDriverWait.java:84)
at org.openqa.selenium.support.ui.FluentWait.until(FluentWait.java:228)
at baseClass.BaseTest.waitForVisibility(BaseTest.java:84)
at baseClass.BaseTest.hoverAndClick(BaseTest.java:127)
at headers_SanityTest.ResourcesTests.verifyEventsTab(ResourcesTests.java:16)
at java.base/jdk.internal.reflect.DirectMethodHandleAccessor.invoke(DirectMethodHandleAccessor.java:103)
at java.base/java.lang.reflect.Method.invoke(Method.java:580)
at org.testng.internal.MethodInvocationHelper.invokeMethod(MethodInvocationHelper.java:133)
at org.testng.internal.TestInvoker.invokeMethod(TestInvoker.java:598)
at org.testng.internal.TestInvoker.invokeTestMethod(TestInvoker.java:173)
at org.testng.internal.MethodRunner.runInSequence(MethodRunner.java:46)
at org.testng.internal.TestInvoker$MethodInvocationAgent.invoke(TestInvoker.java:824)
at org.testng.internal.TestInvoker.invokeTestMethods(TestInvoker.java:146)
at org.testng.internal.TestMethodWorker.invokeTestMethods(TestMethodWorker.java:146)
at org.testng.internal.TestMethodWorker.run(TestMethodWorker.java:128)
at java.base/java.util.ArrayList.forEach(ArrayList.java:1597)
at org.testng.TestRunner.privateRun(TestRunner.java:794)
at org.testng.TestRunner.run(TestRunner.java:596)
at org.testng.SuiteRunner.runTest(SuiteRunner.java:377)
at org.testng.SuiteRunner.access$000(SuiteRunner.java:28)
at org.testng.SuiteRunner$SuiteWorker.run(SuiteRunner.java:418)
at org.testng.internal.thread.ThreadUtil.lambda$execute$0(ThreadUtil.java:64)
at java.base/java.util.concurrent.FutureTask.run(FutureTask.java:317)
at java.base/java.util.concurrent.ThreadPoolExecutor.runWorker(ThreadPoolExecutor.java:1144)
at java.base/java.util.concurrent.ThreadPoolExecutor$Worker.run(ThreadPoolExecutor.java:642)
at java.base/java.lang.Thread.run(Thread.java:1575)
]]>
    </failure>
  </testcase> <!-- verifyEventsTab -->
  <testcase classname="headers_SanityTest.HomePageUITests" name="verifyHomePageUIElements" time="4.081"/>
  <testcase classname="headers_SanityTest.ELibraryTests" name="verifyLatestMinimumWages" time="8.971"/>
  <testcase classname="headers_SanityTest.AboutUsTests" name="verifyOurCompanyTab" time="5.608"/>
  <testcase classname="headers_SanityTest.ProductsTests" name="verifySimplianceClassic" time="3.953"/>
  <testcase classname="headers_SanityTest.LoginTests" name="customer_vendor_shouldOpenLogin" time="5.883"/>
  <testcase classname="headers_SanityTest.ResourcesTests" name="verifyCaseStudiesTab" time="3.319"/>
  <testcase classname="headers_SanityTest.EnquiryFormsTests" name="verifyContactUsForm" time="14.441"/>
  <testcase classname="headers_SanityTest.ServicesTests" name="verifyEstablishmentCompliances" time="4.205"/>
  <testcase classname="headers_SanityTest.HomePageClickValidations" name="verifyISOIECCertificatePDF" time="1.811"/>
  <testcase classname="headers_SanityTest.AboutUsTests" name="verifyManagementTab" time="1.351"/>
  <testcase classname="headers_SanityTest.ELibraryTests" name="verifyProfessionalTax" time="23.074"/>
  <testcase classname="headers_SanityTest.ProductsTests" name="verifySimplianceRemo" time="1.681"/>
  <testcase classname="headers_SanityTest.LoginTests" name="customer_classic_shouldOpenSignIn" time="7.242"/>
  <testcase classname="headers_SanityTest.ResourcesTests" name="verifyBlogTab" time="3.112"/>
  <testcase classname="headers_SanityTest.EnquiryFormsTests" name="verifyEnquiryFormFieldValidations" time="2.06"/>
  <testcase classname="headers_SanityTest.HomePageClickValidations" name="verifyISOQMSCertificatePDF" time="0.911"/>
  <testcase classname="headers_SanityTest.ELibraryTests" name="verifyLabourWelfareFund" time="9.347"/>
  <testcase classname="headers_SanityTest.AboutUsTests" name="verifyOurClientsTab" time="1.639"/>
  <testcase classname="headers_SanityTest.ServicesTests" name="verifyPayrollComplianceServices" time="6.617"/>
  <testcase classname="headers_SanityTest.ProductsTests" name="verifySimplianceVendor" time="2.351"/>
  <testcase classname="headers_SanityTest.LoginTests" name="customer_remit_shouldOpenLogin" time="8.231"/>
  <testcase classname="headers_SanityTest.HomePageClickValidations" name="verifyCaseStudyNavigation" time="2.211"/>
  <testcase classname="headers_SanityTest.AboutUsTests" name="verifyContactUsTab" time="1.666"/>
  <testcase classname="headers_SanityTest.ServicesTests" name="verifyFactoryComplianceServices" time="2.006"/>
  <testcase classname="headers_SanityTest.EnquiryFormsTests" name="verifyITeSReportForm" time="6.897"/>
  <testcase classname="headers_SanityTest.ELibraryTests" name="verifyLeaveWorkingHours" time="10.866"/>
  <testcase classname="headers_SanityTest.ResourcesTests" name="verifyMediaPressTab" time="5.635"/>
  <testcase classname="headers_SanityTest.ProductsTests" name="verifySimplianceAudit" time="8.179"/>
  <testcase classname="headers_SanityTest.LoginTests" name="customer_tams_shouldOpenSignIn" time="8.015"/>
  <testcase classname="headers_SanityTest.ResourcesTests" name="verifyCSRTab" time="2.307"/>
  <testcase classname="headers_SanityTest.EnquiryFormsTests" name="verifyESDMIndustryReportForm" time="5.783"/>
  <testcase classname="headers_SanityTest.ELibraryTests" name="verifyHolidaysList" time="18.842"/>
  <testcase classname="headers_SanityTest.AboutUsTests" name="verifyTestimonialsTab" time="8.973"/>
  <testcase classname="headers_SanityTest.ServicesTests" name="verifyVendorComplianceServices" time="1.862"/>
  <testcase classname="headers_SanityTest.LoginTests" name="customer_audit_shouldOpenSignIn" time="7.681"/>
  <testcase classname="headers_SanityTest.EnquiryFormsTests" name="verifyITESFieldValidations" time="3.595"/>
  <testcase classname="headers_SanityTest.ServicesTests" name="verifyMinesComplianceServices" time="5.697"/>
  <testcase classname="headers_SanityTest.ELibraryTests" name="verifyProvidentFund" time="8.301"/>
  <testcase classname="headers_SanityTest.ResourcesTests" name="verifyWebinarTab" time="11.902"/>
  <testcase classname="headers_SanityTest.LoginTests" name="customer_elibraryLogin_shouldOpen" time="3.434"/>
  <testcase classname="headers_SanityTest.EnquiryFormsTests" name="verifyESDMFieldValidations" time="8.887"/>
  <testcase classname="headers_SanityTest.ServicesTests" name="verifyFlexiStaffingServices" time="6.304"/>
  <testcase classname="headers_SanityTest.ResourcesTests" name="verifyITeSReportTab" time="15.685"/>
  <testcase classname="headers_SanityTest.ELibraryTests" name="verifyLEIComplianceCalendarPDF" time="2.308"/>
  <testcase classname="headers_SanityTest.LoginTests" name="customer_ess_shouldOpen" time="5.347"/>
  <testcase classname="headers_SanityTest.ResourcesTests" name="verifyESDMReportTab" time="3.22"/>
  <testcase classname="headers_SanityTest.ELibraryTests" name="verifyFCCComplianceCalendarPDF" time="6.477"/>
  <testcase classname="headers_SanityTest.ServicesTests" name="verifyPayrollServices" time="2.236"/>
  <testcase classname="headers_SanityTest.LoginTests" name="customer_pf_esi_helpdesk_shouldOpen" time="10.734"/>
  <testcase classname="headers_SanityTest.ServicesTests" name="verifyEHS" time="1.697"/>
  <testcase classname="headers_SanityTest.LoginTests" name="employee_myPeople_shouldOpen" time="1.693"/>
  <testcase classname="headers_SanityTest.LoginTests" name="employee_collect_shouldOpen" time="3.534"/>
  <testcase classname="headers_SanityTest.LoginTests" name="employee_expenses_shouldOpen" time="2.709"/>
  <testcase classname="headers_SanityTest.LoginTests" name="employee_helpdesk_shouldOpen" time="10.239"/>
  <testcase classname="headers_SanityTest.LoginTests" name="employee_recruit_shouldOpen" time="3.4"/>
  <testcase classname="headers_SanityTest.LoginTests" name="employee_generalMasters_shouldOpen" time="11.258"/>
  <testcase classname="headers_SanityTest.LoginTests" name="employee_statutoryMasters_shouldOpen" time="46.085"/>
  <testcase classname="headers_SanityTest.LoginTests" name="employee_userAdministration_shouldOpen" time="4.239"/>
  <testcase classname="headers_SanityTest.LoginTests" name="employee_tams_shouldOpen" time="4.194"/>
  <testcase classname="headers_SanityTest.LoginTests" name="employee_remoAdminVpn_shouldOpen" time="1.843"/>
  <testcase classname="headers_SanityTest.LoginTests" name="employee_remoSpLogin_shouldOpen" time="1.458"/>
  <testcase classname="headers_SanityTest.LoginTests" name="employee_classicAudit_shouldOpen" time="5.229"/>
</testsuite> <!-- Chrome Sanity Tests -->
