<?xml version="1.0" encoding="UTF-8"?>
<!-- Generated by org.testng.reporters.JUnitXMLReporter -->
<testsuite ignored="0" hostname="ACSL-LP-1965" failures="0" tests="68" name="Chrome Sanity Tests" time="424.972" errors="0" timestamp="2025-11-26T10:54:59 IST">
  <testcase classname="headers_SanityTest.LoginTests" name="customer_remo_shouldOpenLogin" time="3.261"/>
  <testcase classname="headers_SanityTest.HomePageClickValidations" name="verifyAllBlogsNavigation" time="2.814"/>
  <testcase classname="headers_SanityTest.CareerTests" name="verifyCareerPageAndApplyNow" time="4.882"/>
  <testcase classname="headers_SanityTest.ServicesTests" name="verifyComplianceRiskAudit" time="1.521"/>
  <testcase classname="headers_SanityTest.EnquiryFormsTests" name="verifyEnquireNowForm" time="5.994"/>
  <testcase classname="headers_SanityTest.ResourcesTests" name="verifyEventsTab" time="1.304"/>
  <testcase classname="headers_SanityTest.HomePageUITests" name="verifyHomePageUIElements" time="4.131"/>
  <testcase classname="headers_SanityTest.ELibraryTests" name="verifyLatestMinimumWages" time="2.983"/>
  <testcase classname="headers_SanityTest.AboutUsTests" name="verifyOurCompanyTab" time="1.335"/>
  <testcase classname="headers_SanityTest.ProductsTests" name="verifySimplianceClassic" time="1.392"/>
  <testcase classname="headers_SanityTest.LoginTests" name="customer_vendor_shouldOpenLogin" time="1.586"/>
  <testcase classname="headers_SanityTest.ResourcesTests" name="verifyCaseStudiesTab" time="1.29"/>
  <testcase classname="headers_SanityTest.EnquiryFormsTests" name="verifyContactUsForm" time="8.557"/>
  <testcase classname="headers_SanityTest.ServicesTests" name="verifyEstablishmentCompliances" time="1.286"/>
  <testcase classname="headers_SanityTest.HomePageClickValidations" name="verifyISOIECCertificatePDF" time="0.956"/>
  <testcase classname="headers_SanityTest.AboutUsTests" name="verifyManagementTab" time="1.284"/>
  <testcase classname="headers_SanityTest.ELibraryTests" name="verifyProfessionalTax" time="3.027"/>
  <testcase classname="headers_SanityTest.ProductsTests" name="verifySimplianceRemo" time="1.401"/>
  <testcase classname="headers_SanityTest.LoginTests" name="customer_classic_shouldOpenSignIn" time="5.462"/>
  <testcase classname="headers_SanityTest.ResourcesTests" name="verifyBlogTab" time="1.401"/>
  <testcase classname="headers_SanityTest.EnquiryFormsTests" name="verifyEnquiryFormFieldValidations" time="2.549"/>
  <testcase classname="headers_SanityTest.HomePageClickValidations" name="verifyISOQMSCertificatePDF" time="1.214"/>
  <testcase classname="headers_SanityTest.ELibraryTests" name="verifyLabourWelfareFund" time="3.35"/>
  <testcase classname="headers_SanityTest.AboutUsTests" name="verifyOurClientsTab" time="1.26"/>
  <testcase classname="headers_SanityTest.ServicesTests" name="verifyPayrollComplianceServices" time="1.46"/>
  <testcase classname="headers_SanityTest.ProductsTests" name="verifySimplianceVendor" time="1.365"/>
  <testcase classname="headers_SanityTest.LoginTests" name="customer_remit_shouldOpenLogin" time="1.847"/>
  <testcase classname="headers_SanityTest.HomePageClickValidations" name="verifyCaseStudyNavigation" time="1.648"/>
  <testcase classname="headers_SanityTest.AboutUsTests" name="verifyContactUsTab" time="1.224"/>
  <testcase classname="headers_SanityTest.ServicesTests" name="verifyFactoryComplianceServices" time="1.34"/>
  <testcase classname="headers_SanityTest.EnquiryFormsTests" name="verifyITeSReportForm" time="3.281"/>
  <testcase classname="headers_SanityTest.ELibraryTests" name="verifyLeaveWorkingHours" time="2.435"/>
  <testcase classname="headers_SanityTest.ResourcesTests" name="verifyMediaPressTab" time="1.396"/>
  <testcase classname="headers_SanityTest.ProductsTests" name="verifySimplianceAudit" time="1.438"/>
  <testcase classname="headers_SanityTest.LoginTests" name="customer_tams_shouldOpenSignIn" time="2.367"/>
  <testcase classname="headers_SanityTest.ResourcesTests" name="verifyCSRTab" time="1.274"/>
  <testcase classname="headers_SanityTest.EnquiryFormsTests" name="verifyESDMIndustryReportForm" time="2.758"/>
  <testcase classname="headers_SanityTest.ELibraryTests" name="verifyHolidaysList" time="2.915"/>
  <testcase classname="headers_SanityTest.AboutUsTests" name="verifyTestimonialsTab" time="1.187"/>
  <testcase classname="headers_SanityTest.ServicesTests" name="verifyVendorComplianceServices" time="1.349"/>
  <testcase classname="headers_SanityTest.LoginTests" name="customer_audit_shouldOpenSignIn" time="5.634"/>
  <testcase classname="headers_SanityTest.EnquiryFormsTests" name="verifyITESFieldValidations" time="2.137"/>
  <testcase classname="headers_SanityTest.ServicesTests" name="verifyMinesComplianceServices" time="1.393"/>
  <testcase classname="headers_SanityTest.ELibraryTests" name="verifyProvidentFund" time="5.373"/>
  <testcase classname="headers_SanityTest.ResourcesTests" name="verifyWebinarTab" time="1.441"/>
  <testcase classname="headers_SanityTest.LoginTests" name="customer_elibraryLogin_shouldOpen" time="1.892"/>
  <testcase classname="headers_SanityTest.EnquiryFormsTests" name="verifyESDMFieldValidations" time="2.232"/>
  <testcase classname="headers_SanityTest.ServicesTests" name="verifyFlexiStaffingServices" time="1.376"/>
  <testcase classname="headers_SanityTest.ResourcesTests" name="verifyITeSReportTab" time="1.586"/>
  <testcase classname="headers_SanityTest.ELibraryTests" name="verifyLEIComplianceCalendarPDF" time="1.495"/>
  <testcase classname="headers_SanityTest.LoginTests" name="customer_ess_shouldOpen" time="1.253"/>
  <testcase classname="headers_SanityTest.ResourcesTests" name="verifyESDMReportTab" time="1.695"/>
  <testcase classname="headers_SanityTest.ELibraryTests" name="verifyFCCComplianceCalendarPDF" time="1.633"/>
  <testcase classname="headers_SanityTest.ServicesTests" name="verifyPayrollServices" time="1.335"/>
  <testcase classname="headers_SanityTest.LoginTests" name="customer_pf_esi_helpdesk_shouldOpen" time="4.54"/>
  <testcase classname="headers_SanityTest.ServicesTests" name="verifyEHS" time="1.591"/>
  <testcase classname="headers_SanityTest.LoginTests" name="employee_myPeople_shouldOpen" time="1.693"/>
  <testcase classname="headers_SanityTest.LoginTests" name="employee_collect_shouldOpen" time="3.298"/>
  <testcase classname="headers_SanityTest.LoginTests" name="employee_expenses_shouldOpen" time="2.454"/>
  <testcase classname="headers_SanityTest.LoginTests" name="employee_helpdesk_shouldOpen" time="5.149"/>
  <testcase classname="headers_SanityTest.LoginTests" name="employee_recruit_shouldOpen" time="2.759"/>
  <testcase classname="headers_SanityTest.LoginTests" name="employee_generalMasters_shouldOpen" time="2.291"/>
  <testcase classname="headers_SanityTest.LoginTests" name="employee_statutoryMasters_shouldOpen" time="10.002"/>
  <testcase classname="headers_SanityTest.LoginTests" name="employee_userAdministration_shouldOpen" time="2.899"/>
  <testcase classname="headers_SanityTest.LoginTests" name="employee_tams_shouldOpen" time="2.816"/>
  <testcase classname="headers_SanityTest.LoginTests" name="employee_remoAdminVpn_shouldOpen" time="1.562"/>
  <testcase classname="headers_SanityTest.LoginTests" name="employee_remoSpLogin_shouldOpen" time="1.566"/>
  <testcase classname="headers_SanityTest.LoginTests" name="employee_classicAudit_shouldOpen" time="5.398"/>
</testsuite> <!-- Chrome Sanity Tests -->
