<?xml version="1.0" encoding="UTF-8"?>
<!-- Generated by org.testng.reporters.JUnitXMLReporter -->
<testsuite ignored="0" hostname="ACSL-LP-1965" failures="0" tests="12" name="Edge Sanity Tests" time="150.5" errors="0" timestamp="2025-11-20T11:30:30 IST">
  <testcase classname="headers_SanityTest.HomePageClickValidations" name="verifyAllBlogsNavigation" time="2.864"/>
  <testcase classname="headers_SanityTest.EnquiryFormsTests" name="verifyEnquireNowForm" time="3.149"/>
  <testcase classname="headers_SanityTest.HomePageUITests" name="verifyHomePageUIElements" time="4.455"/>
  <testcase classname="headers_SanityTest.EnquiryFormsTests" name="verifyContactUsForm" time="10.427"/>
  <testcase classname="headers_SanityTest.HomePageClickValidations" name="verifyISOIECCertificatePDF" time="1.756"/>
  <testcase classname="headers_SanityTest.EnquiryFormsTests" name="verifyEnquiryFormFieldValidations" time="3.629"/>
  <testcase classname="headers_SanityTest.HomePageClickValidations" name="verifyISOQMSCertificatePDF" time="2.352"/>
  <testcase classname="headers_SanityTest.HomePageClickValidations" name="verifyCaseStudyNavigation" time="4.091"/>
  <testcase classname="headers_SanityTest.EnquiryFormsTests" name="verifyITeSReportForm" time="5.562"/>
  <testcase classname="headers_SanityTest.EnquiryFormsTests" name="verifyESDMIndustryReportForm" time="5.008"/>
  <testcase classname="headers_SanityTest.EnquiryFormsTests" name="verifyITESFieldValidations" time="16.184"/>
  <testcase classname="headers_SanityTest.EnquiryFormsTests" name="verifyESDMFieldValidations" time="5.389"/>
</testsuite> <!-- Edge Sanity Tests -->
