<?xml version="1.0" encoding="UTF-8"?>
<testng-results ignored="0" total="1" passed="1" failed="0" skipped="0">
  <reporter-output>
  </reporter-output>
  <suite started-at="2025-11-25T14:10:19 IST" name="Surefire suite" finished-at="2025-11-25T14:10:30 IST" duration-ms="11100">
    <groups>
    </groups>
    <test started-at="2025-11-25T14:10:19 IST" name="Surefire test" finished-at="2025-11-25T14:10:30 IST" duration-ms="11100">
      <class name="headers_SanityTest.CareerTests">
        <test-method is-config="true" signature="setUp(java.lang.String,java.lang.reflect.Method)[pri:0, instance:headers_SanityTest.CareerTests@5e82df6a]" started-at="2025-11-25T14:10:19 IST" name="setUp" finished-at="2025-11-25T14:10:26 IST" duration-ms="6848" status="PASS">
          <params>
            <param index="0">
              <value>
                <![CDATA[chrome]]>
              </value>
            </param>
            <param index="1">
              <value>
                <![CDATA[public void headers_SanityTest.CareerTests.verifyCareerPageAndApplyNow()]]>
              </value>
            </param>
          </params>
          <reporter-output>
          </reporter-output>
        </test-method> <!-- setUp -->
        <test-method signature="verifyCareerPageAndApplyNow()[pri:1, instance:headers_SanityTest.CareerTests@5e82df6a]" started-at="2025-11-25T14:10:26 IST" name="verifyCareerPageAndApplyNow" finished-at="2025-11-25T14:10:30 IST" duration-ms="4016" status="PASS">
          <reporter-output>
          </reporter-output>
        </test-method> <!-- verifyCareerPageAndApplyNow -->
        <test-method is-config="true" signature="tearDown(org.testng.ITestResult)[pri:0, instance:headers_SanityTest.CareerTests@5e82df6a]" started-at="2025-11-25T14:10:30 IST" name="tearDown" finished-at="2025-11-25T14:10:30 IST" duration-ms="202" status="PASS">
          <params>
            <param index="0">
              <value>
                <![CDATA[[TestResult name=verifyCareerPageAndApplyNow status=SUCCESS method=CareerTests.verifyCareerPageAndApplyNow()[pri:1, instance:headers_SanityTest.CareerTests@5e82df6a] output={null}]]]>
              </value>
            </param>
          </params>
          <reporter-output>
          </reporter-output>
        </test-method> <!-- tearDown -->
      </class> <!-- headers_SanityTest.CareerTests -->
    </test> <!-- Surefire test -->
  </suite> <!-- Surefire suite -->
</testng-results>
