<?xml version="1.0" encoding="UTF-8"?>
<testng-results ignored="0" total="68" passed="68" failed="0" skipped="0">
  <reporter-output>
  </reporter-output>
  <suite started-at="2025-11-26T10:47:54 IST" name="Aparajitha Cross-Browser Suite" finished-at="2025-11-26T10:54:59 IST" duration-ms="424972">
    <groups>
    </groups>
    <test started-at="2025-11-26T10:47:54 IST" name="Chrome Sanity Tests" finished-at="2025-11-26T10:54:59 IST" duration-ms="424972">
      <class name="headers_SanityTest.AboutUsTests">
        <test-method is-config="true" signature="setUp(java.lang.String,java.lang.reflect.Method)[pri:0, instance:headers_SanityTest.AboutUsTests@7f2cfe3f]" started-at="2025-11-26T10:48:56 IST" name="setUp" finished-at="2025-11-26T10:48:59 IST" duration-ms="3104" status="PASS">
          <params>
            <param index="0">
              <value>
                <![CDATA[chrome]]>
              </value>
            </param>
            <param index="1">
              <value>
                <![CDATA[public void headers_SanityTest.AboutUsTests.verifyOurCompanyTab()]]>
              </value>
            </param>
          </params>
          <reporter-output>
          </reporter-output>
        </test-method> <!-- setUp -->
        <test-method signature="verifyOurCompanyTab()[pri:1, instance:headers_SanityTest.AboutUsTests@7f2cfe3f]" started-at="2025-11-26T10:48:59 IST" name="verifyOurCompanyTab" finished-at="2025-11-26T10:49:00 IST" duration-ms="1335" status="PASS">
          <reporter-output>
          </reporter-output>
        </test-method> <!-- verifyOurCompanyTab -->
        <test-method is-config="true" signature="tearDown(org.testng.ITestResult)[pri:0, instance:headers_SanityTest.AboutUsTests@7f2cfe3f]" started-at="2025-11-26T10:49:00 IST" name="tearDown" finished-at="2025-11-26T10:49:01 IST" duration-ms="242" status="PASS">
          <params>
            <param index="0">
              <value>
                <![CDATA[[TestResult name=verifyOurCompanyTab status=SUCCESS method=AboutUsTests.verifyOurCompanyTab()[pri:1, instance:headers_SanityTest.AboutUsTests@7f2cfe3f] output={null}]]]>
              </value>
            </param>
          </params>
          <reporter-output>
          </reporter-output>
        </test-method> <!-- tearDown -->
        <test-method is-config="true" signature="setUp(java.lang.String,java.lang.reflect.Method)[pri:0, instance:headers_SanityTest.AboutUsTests@7f2cfe3f]" started-at="2025-11-26T10:49:36 IST" name="setUp" finished-at="2025-11-26T10:49:40 IST" duration-ms="3485" status="PASS">
          <params>
            <param index="0">
              <value>
                <![CDATA[chrome]]>
              </value>
            </param>
            <param index="1">
              <value>
                <![CDATA[public void headers_SanityTest.AboutUsTests.verifyManagementTab()]]>
              </value>
            </param>
          </params>
          <reporter-output>
          </reporter-output>
        </test-method> <!-- setUp -->
        <test-method signature="verifyManagementTab()[pri:2, instance:headers_SanityTest.AboutUsTests@7f2cfe3f]" started-at="2025-11-26T10:49:40 IST" name="verifyManagementTab" finished-at="2025-11-26T10:49:41 IST" duration-ms="1284" status="PASS">
          <reporter-output>
          </reporter-output>
        </test-method> <!-- verifyManagementTab -->
        <test-method is-config="true" signature="tearDown(org.testng.ITestResult)[pri:0, instance:headers_SanityTest.AboutUsTests@7f2cfe3f]" started-at="2025-11-26T10:49:41 IST" name="tearDown" finished-at="2025-11-26T10:49:41 IST" duration-ms="279" status="PASS">
          <params>
            <param index="0">
              <value>
                <![CDATA[[TestResult name=verifyManagementTab status=SUCCESS method=AboutUsTests.verifyManagementTab()[pri:2, instance:headers_SanityTest.AboutUsTests@7f2cfe3f] output={null}]]]>
              </value>
            </param>
          </params>
          <reporter-output>
          </reporter-output>
        </test-method> <!-- tearDown -->
        <test-method is-config="true" signature="setUp(java.lang.String,java.lang.reflect.Method)[pri:0, instance:headers_SanityTest.AboutUsTests@7f2cfe3f]" started-at="2025-11-26T10:50:25 IST" name="setUp" finished-at="2025-11-26T10:50:28 IST" duration-ms="3184" status="PASS">
          <params>
            <param index="0">
              <value>
                <![CDATA[chrome]]>
              </value>
            </param>
            <param index="1">
              <value>
                <![CDATA[public void headers_SanityTest.AboutUsTests.verifyOurClientsTab()]]>
              </value>
            </param>
          </params>
          <reporter-output>
          </reporter-output>
        </test-method> <!-- setUp -->
        <test-method signature="verifyOurClientsTab()[pri:3, instance:headers_SanityTest.AboutUsTests@7f2cfe3f]" started-at="2025-11-26T10:50:28 IST" name="verifyOurClientsTab" finished-at="2025-11-26T10:50:29 IST" duration-ms="1260" status="PASS">
          <reporter-output>
          </reporter-output>
        </test-method> <!-- verifyOurClientsTab -->
        <test-method is-config="true" signature="tearDown(org.testng.ITestResult)[pri:0, instance:headers_SanityTest.AboutUsTests@7f2cfe3f]" started-at="2025-11-26T10:50:29 IST" name="tearDown" finished-at="2025-11-26T10:50:30 IST" duration-ms="249" status="PASS">
          <params>
            <param index="0">
              <value>
                <![CDATA[[TestResult name=verifyOurClientsTab status=SUCCESS method=AboutUsTests.verifyOurClientsTab()[pri:3, instance:headers_SanityTest.AboutUsTests@7f2cfe3f] output={null}]]]>
              </value>
            </param>
          </params>
          <reporter-output>
          </reporter-output>
        </test-method> <!-- tearDown -->
        <test-method is-config="true" signature="setUp(java.lang.String,java.lang.reflect.Method)[pri:0, instance:headers_SanityTest.AboutUsTests@7f2cfe3f]" started-at="2025-11-26T10:50:50 IST" name="setUp" finished-at="2025-11-26T10:50:53 IST" duration-ms="3252" status="PASS">
          <params>
            <param index="0">
              <value>
                <![CDATA[chrome]]>
              </value>
            </param>
            <param index="1">
              <value>
                <![CDATA[public void headers_SanityTest.AboutUsTests.verifyContactUsTab()]]>
              </value>
            </param>
          </params>
          <reporter-output>
          </reporter-output>
        </test-method> <!-- setUp -->
        <test-method signature="verifyContactUsTab()[pri:4, instance:headers_SanityTest.AboutUsTests@7f2cfe3f]" started-at="2025-11-26T10:50:53 IST" name="verifyContactUsTab" finished-at="2025-11-26T10:50:54 IST" duration-ms="1224" status="PASS">
          <reporter-output>
          </reporter-output>
        </test-method> <!-- verifyContactUsTab -->
        <test-method is-config="true" signature="tearDown(org.testng.ITestResult)[pri:0, instance:headers_SanityTest.AboutUsTests@7f2cfe3f]" started-at="2025-11-26T10:50:54 IST" name="tearDown" finished-at="2025-11-26T10:50:55 IST" duration-ms="255" status="PASS">
          <params>
            <param index="0">
              <value>
                <![CDATA[[TestResult name=verifyContactUsTab status=SUCCESS method=AboutUsTests.verifyContactUsTab()[pri:4, instance:headers_SanityTest.AboutUsTests@7f2cfe3f] output={null}]]]>
              </value>
            </param>
          </params>
          <reporter-output>
          </reporter-output>
        </test-method> <!-- tearDown -->
        <test-method is-config="true" signature="setUp(java.lang.String,java.lang.reflect.Method)[pri:0, instance:headers_SanityTest.AboutUsTests@7f2cfe3f]" started-at="2025-11-26T10:51:51 IST" name="setUp" finished-at="2025-11-26T10:51:55 IST" duration-ms="3207" status="PASS">
          <params>
            <param index="0">
              <value>
                <![CDATA[chrome]]>
              </value>
            </param>
            <param index="1">
              <value>
                <![CDATA[public void headers_SanityTest.AboutUsTests.verifyTestimonialsTab()]]>
              </value>
            </param>
          </params>
          <reporter-output>
          </reporter-output>
        </test-method> <!-- setUp -->
        <test-method signature="verifyTestimonialsTab()[pri:5, instance:headers_SanityTest.AboutUsTests@7f2cfe3f]" started-at="2025-11-26T10:51:55 IST" name="verifyTestimonialsTab" finished-at="2025-11-26T10:51:56 IST" duration-ms="1187" status="PASS">
          <reporter-output>
          </reporter-output>
        </test-method> <!-- verifyTestimonialsTab -->
        <test-method is-config="true" signature="tearDown(org.testng.ITestResult)[pri:0, instance:headers_SanityTest.AboutUsTests@7f2cfe3f]" started-at="2025-11-26T10:51:56 IST" name="tearDown" finished-at="2025-11-26T10:51:56 IST" duration-ms="274" status="PASS">
          <params>
            <param index="0">
              <value>
                <![CDATA[[TestResult name=verifyTestimonialsTab status=SUCCESS method=AboutUsTests.verifyTestimonialsTab()[pri:5, instance:headers_SanityTest.AboutUsTests@7f2cfe3f] output={null}]]]>
              </value>
            </param>
          </params>
          <reporter-output>
          </reporter-output>
        </test-method> <!-- tearDown -->
      </class> <!-- headers_SanityTest.AboutUsTests -->
      <class name="headers_SanityTest.EnquiryFormsTests">
        <test-method is-config="true" signature="setUp(java.lang.String,java.lang.reflect.Method)[pri:0, instance:headers_SanityTest.EnquiryFormsTests@32115b28]" started-at="2025-11-26T10:48:26 IST" name="setUp" finished-at="2025-11-26T10:48:29 IST" duration-ms="3223" status="PASS">
          <params>
            <param index="0">
              <value>
                <![CDATA[chrome]]>
              </value>
            </param>
            <param index="1">
              <value>
                <![CDATA[public void headers_SanityTest.EnquiryFormsTests.verifyEnquireNowForm()]]>
              </value>
            </param>
          </params>
          <reporter-output>
          </reporter-output>
        </test-method> <!-- setUp -->
        <test-method signature="verifyEnquireNowForm()[pri:1, instance:headers_SanityTest.EnquiryFormsTests@32115b28]" started-at="2025-11-26T10:48:29 IST" name="verifyEnquireNowForm" finished-at="2025-11-26T10:48:35 IST" duration-ms="5994" status="PASS">
          <reporter-output>
          </reporter-output>
        </test-method> <!-- verifyEnquireNowForm -->
        <test-method is-config="true" signature="tearDown(org.testng.ITestResult)[pri:0, instance:headers_SanityTest.EnquiryFormsTests@32115b28]" started-at="2025-11-26T10:48:35 IST" name="tearDown" finished-at="2025-11-26T10:48:36 IST" duration-ms="462" status="PASS">
          <params>
            <param index="0">
              <value>
                <![CDATA[[TestResult name=verifyEnquireNowForm status=SUCCESS method=EnquiryFormsTests.verifyEnquireNowForm()[pri:1, instance:headers_SanityTest.EnquiryFormsTests@32115b28] output={null}]]]>
              </value>
            </param>
          </params>
          <reporter-output>
          </reporter-output>
        </test-method> <!-- tearDown -->
        <test-method is-config="true" signature="setUp(java.lang.String,java.lang.reflect.Method)[pri:0, instance:headers_SanityTest.EnquiryFormsTests@32115b28]" started-at="2025-11-26T10:49:16 IST" name="setUp" finished-at="2025-11-26T10:49:19 IST" duration-ms="3290" status="PASS">
          <params>
            <param index="0">
              <value>
                <![CDATA[chrome]]>
              </value>
            </param>
            <param index="1">
              <value>
                <![CDATA[public void headers_SanityTest.EnquiryFormsTests.verifyContactUsForm()]]>
              </value>
            </param>
          </params>
          <reporter-output>
          </reporter-output>
        </test-method> <!-- setUp -->
        <test-method signature="verifyContactUsForm()[pri:2, instance:headers_SanityTest.EnquiryFormsTests@32115b28]" started-at="2025-11-26T10:49:19 IST" name="verifyContactUsForm" finished-at="2025-11-26T10:49:28 IST" duration-ms="8557" status="PASS">
          <reporter-output>
          </reporter-output>
        </test-method> <!-- verifyContactUsForm -->
        <test-method is-config="true" signature="tearDown(org.testng.ITestResult)[pri:0, instance:headers_SanityTest.EnquiryFormsTests@32115b28]" started-at="2025-11-26T10:49:28 IST" name="tearDown" finished-at="2025-11-26T10:49:28 IST" duration-ms="248" status="PASS">
          <params>
            <param index="0">
              <value>
                <![CDATA[[TestResult name=verifyContactUsForm status=SUCCESS method=EnquiryFormsTests.verifyContactUsForm()[pri:2, instance:headers_SanityTest.EnquiryFormsTests@32115b28] output={null}]]]>
              </value>
            </param>
          </params>
          <reporter-output>
          </reporter-output>
        </test-method> <!-- tearDown -->
        <test-method is-config="true" signature="setUp(java.lang.String,java.lang.reflect.Method)[pri:0, instance:headers_SanityTest.EnquiryFormsTests@32115b28]" started-at="2025-11-26T10:50:07 IST" name="setUp" finished-at="2025-11-26T10:50:10 IST" duration-ms="3257" status="PASS">
          <params>
            <param index="0">
              <value>
                <![CDATA[chrome]]>
              </value>
            </param>
            <param index="1">
              <value>
                <![CDATA[public void headers_SanityTest.EnquiryFormsTests.verifyEnquiryFormFieldValidations()]]>
              </value>
            </param>
          </params>
          <reporter-output>
          </reporter-output>
        </test-method> <!-- setUp -->
        <test-method signature="verifyEnquiryFormFieldValidations()[pri:3, instance:headers_SanityTest.EnquiryFormsTests@32115b28]" started-at="2025-11-26T10:50:10 IST" name="verifyEnquiryFormFieldValidations" finished-at="2025-11-26T10:50:12 IST" duration-ms="2549" status="PASS">
          <reporter-output>
          </reporter-output>
        </test-method> <!-- verifyEnquiryFormFieldValidations -->
        <test-method is-config="true" signature="tearDown(org.testng.ITestResult)[pri:0, instance:headers_SanityTest.EnquiryFormsTests@32115b28]" started-at="2025-11-26T10:50:12 IST" name="tearDown" finished-at="2025-11-26T10:50:13 IST" duration-ms="238" status="PASS">
          <params>
            <param index="0">
              <value>
                <![CDATA[[TestResult name=verifyEnquiryFormFieldValidations status=SUCCESS method=EnquiryFormsTests.verifyEnquiryFormFieldValidations()[pri:3, instance:headers_SanityTest.EnquiryFormsTests@32115b28] output={null}]]]>
              </value>
            </param>
          </params>
          <reporter-output>
          </reporter-output>
        </test-method> <!-- tearDown -->
        <test-method is-config="true" signature="setUp(java.lang.String,java.lang.reflect.Method)[pri:0, instance:headers_SanityTest.EnquiryFormsTests@32115b28]" started-at="2025-11-26T10:51:00 IST" name="setUp" finished-at="2025-11-26T10:51:03 IST" duration-ms="3306" status="PASS">
          <params>
            <param index="0">
              <value>
                <![CDATA[chrome]]>
              </value>
            </param>
            <param index="1">
              <value>
                <![CDATA[public void headers_SanityTest.EnquiryFormsTests.verifyITeSReportForm()]]>
              </value>
            </param>
          </params>
          <reporter-output>
          </reporter-output>
        </test-method> <!-- setUp -->
        <test-method signature="verifyITeSReportForm()[pri:4, instance:headers_SanityTest.EnquiryFormsTests@32115b28]" started-at="2025-11-26T10:51:03 IST" name="verifyITeSReportForm" finished-at="2025-11-26T10:51:06 IST" duration-ms="3281" status="PASS">
          <reporter-output>
          </reporter-output>
        </test-method> <!-- verifyITeSReportForm -->
        <test-method is-config="true" signature="tearDown(org.testng.ITestResult)[pri:0, instance:headers_SanityTest.EnquiryFormsTests@32115b28]" started-at="2025-11-26T10:51:06 IST" name="tearDown" finished-at="2025-11-26T10:51:07 IST" duration-ms="208" status="PASS">
          <params>
            <param index="0">
              <value>
                <![CDATA[[TestResult name=verifyITeSReportForm status=SUCCESS method=EnquiryFormsTests.verifyITeSReportForm()[pri:4, instance:headers_SanityTest.EnquiryFormsTests@32115b28] output={null}]]]>
              </value>
            </param>
          </params>
          <reporter-output>
          </reporter-output>
        </test-method> <!-- tearDown -->
        <test-method is-config="true" signature="setUp(java.lang.String,java.lang.reflect.Method)[pri:0, instance:headers_SanityTest.EnquiryFormsTests@32115b28]" started-at="2025-11-26T10:51:35 IST" name="setUp" finished-at="2025-11-26T10:51:38 IST" duration-ms="3662" status="PASS">
          <params>
            <param index="0">
              <value>
                <![CDATA[chrome]]>
              </value>
            </param>
            <param index="1">
              <value>
                <![CDATA[public void headers_SanityTest.EnquiryFormsTests.verifyESDMIndustryReportForm()]]>
              </value>
            </param>
          </params>
          <reporter-output>
          </reporter-output>
        </test-method> <!-- setUp -->
        <test-method signature="verifyESDMIndustryReportForm()[pri:5, instance:headers_SanityTest.EnquiryFormsTests@32115b28]" started-at="2025-11-26T10:51:38 IST" name="verifyESDMIndustryReportForm" finished-at="2025-11-26T10:51:41 IST" duration-ms="2758" status="PASS">
          <reporter-output>
          </reporter-output>
        </test-method> <!-- verifyESDMIndustryReportForm -->
        <test-method is-config="true" signature="tearDown(org.testng.ITestResult)[pri:0, instance:headers_SanityTest.EnquiryFormsTests@32115b28]" started-at="2025-11-26T10:51:41 IST" name="tearDown" finished-at="2025-11-26T10:51:41 IST" duration-ms="263" status="PASS">
          <params>
            <param index="0">
              <value>
                <![CDATA[[TestResult name=verifyESDMIndustryReportForm status=SUCCESS method=EnquiryFormsTests.verifyESDMIndustryReportForm()[pri:5, instance:headers_SanityTest.EnquiryFormsTests@32115b28] output={null}]]]>
              </value>
            </param>
          </params>
          <reporter-output>
          </reporter-output>
        </test-method> <!-- tearDown -->
        <test-method is-config="true" signature="setUp(java.lang.String,java.lang.reflect.Method)[pri:0, instance:headers_SanityTest.EnquiryFormsTests@32115b28]" started-at="2025-11-26T10:52:10 IST" name="setUp" finished-at="2025-11-26T10:52:13 IST" duration-ms="3160" status="PASS">
          <params>
            <param index="0">
              <value>
                <![CDATA[chrome]]>
              </value>
            </param>
            <param index="1">
              <value>
                <![CDATA[public void headers_SanityTest.EnquiryFormsTests.verifyITESFieldValidations()]]>
              </value>
            </param>
          </params>
          <reporter-output>
          </reporter-output>
        </test-method> <!-- setUp -->
        <test-method signature="verifyITESFieldValidations()[pri:6, instance:headers_SanityTest.EnquiryFormsTests@32115b28]" started-at="2025-11-26T10:52:13 IST" name="verifyITESFieldValidations" finished-at="2025-11-26T10:52:15 IST" duration-ms="2137" status="PASS">
          <reporter-output>
          </reporter-output>
        </test-method> <!-- verifyITESFieldValidations -->
        <test-method is-config="true" signature="tearDown(org.testng.ITestResult)[pri:0, instance:headers_SanityTest.EnquiryFormsTests@32115b28]" started-at="2025-11-26T10:52:15 IST" name="tearDown" finished-at="2025-11-26T10:52:16 IST" duration-ms="236" status="PASS">
          <params>
            <param index="0">
              <value>
                <![CDATA[[TestResult name=verifyITESFieldValidations status=SUCCESS method=EnquiryFormsTests.verifyITESFieldValidations()[pri:6, instance:headers_SanityTest.EnquiryFormsTests@32115b28] output={null}]]]>
              </value>
            </param>
          </params>
          <reporter-output>
          </reporter-output>
        </test-method> <!-- tearDown -->
        <test-method is-config="true" signature="setUp(java.lang.String,java.lang.reflect.Method)[pri:0, instance:headers_SanityTest.EnquiryFormsTests@32115b28]" started-at="2025-11-26T10:52:40 IST" name="setUp" finished-at="2025-11-26T10:52:43 IST" duration-ms="3469" status="PASS">
          <params>
            <param index="0">
              <value>
                <![CDATA[chrome]]>
              </value>
            </param>
            <param index="1">
              <value>
                <![CDATA[public void headers_SanityTest.EnquiryFormsTests.verifyESDMFieldValidations()]]>
              </value>
            </param>
          </params>
          <reporter-output>
          </reporter-output>
        </test-method> <!-- setUp -->
        <test-method signature="verifyESDMFieldValidations()[pri:7, instance:headers_SanityTest.EnquiryFormsTests@32115b28]" started-at="2025-11-26T10:52:43 IST" name="verifyESDMFieldValidations" finished-at="2025-11-26T10:52:46 IST" duration-ms="2232" status="PASS">
          <reporter-output>
          </reporter-output>
        </test-method> <!-- verifyESDMFieldValidations -->
        <test-method is-config="true" signature="tearDown(org.testng.ITestResult)[pri:0, instance:headers_SanityTest.EnquiryFormsTests@32115b28]" started-at="2025-11-26T10:52:46 IST" name="tearDown" finished-at="2025-11-26T10:52:46 IST" duration-ms="269" status="PASS">
          <params>
            <param index="0">
              <value>
                <![CDATA[[TestResult name=verifyESDMFieldValidations status=SUCCESS method=EnquiryFormsTests.verifyESDMFieldValidations()[pri:7, instance:headers_SanityTest.EnquiryFormsTests@32115b28] output={null}]]]>
              </value>
            </param>
          </params>
          <reporter-output>
          </reporter-output>
        </test-method> <!-- tearDown -->
      </class> <!-- headers_SanityTest.EnquiryFormsTests -->
      <class name="headers_SanityTest.ELibraryTests">
        <test-method is-config="true" signature="setUp(java.lang.String,java.lang.reflect.Method)[pri:0, instance:headers_SanityTest.ELibraryTests@6cc4cdb9]" started-at="2025-11-26T10:48:50 IST" name="setUp" finished-at="2025-11-26T10:48:53 IST" duration-ms="3231" status="PASS">
          <params>
            <param index="0">
              <value>
                <![CDATA[chrome]]>
              </value>
            </param>
            <param index="1">
              <value>
                <![CDATA[public void headers_SanityTest.ELibraryTests.verifyLatestMinimumWages()]]>
              </value>
            </param>
          </params>
          <reporter-output>
          </reporter-output>
        </test-method> <!-- setUp -->
        <test-method signature="verifyLatestMinimumWages()[pri:1, instance:headers_SanityTest.ELibraryTests@6cc4cdb9]" started-at="2025-11-26T10:48:53 IST" name="verifyLatestMinimumWages" finished-at="2025-11-26T10:48:56 IST" duration-ms="2983" status="PASS">
          <reporter-output>
          </reporter-output>
        </test-method> <!-- verifyLatestMinimumWages -->
        <test-method is-config="true" signature="tearDown(org.testng.ITestResult)[pri:0, instance:headers_SanityTest.ELibraryTests@6cc4cdb9]" started-at="2025-11-26T10:48:56 IST" name="tearDown" finished-at="2025-11-26T10:48:56 IST" duration-ms="251" status="PASS">
          <params>
            <param index="0">
              <value>
                <![CDATA[[TestResult name=verifyLatestMinimumWages status=SUCCESS method=ELibraryTests.verifyLatestMinimumWages()[pri:1, instance:headers_SanityTest.ELibraryTests@6cc4cdb9] output={null}]]]>
              </value>
            </param>
          </params>
          <reporter-output>
          </reporter-output>
        </test-method> <!-- tearDown -->
        <test-method is-config="true" signature="setUp(java.lang.String,java.lang.reflect.Method)[pri:0, instance:headers_SanityTest.ELibraryTests@6cc4cdb9]" started-at="2025-11-26T10:49:41 IST" name="setUp" finished-at="2025-11-26T10:49:45 IST" duration-ms="3053" status="PASS">
          <params>
            <param index="0">
              <value>
                <![CDATA[chrome]]>
              </value>
            </param>
            <param index="1">
              <value>
                <![CDATA[public void headers_SanityTest.ELibraryTests.verifyProfessionalTax()]]>
              </value>
            </param>
          </params>
          <reporter-output>
          </reporter-output>
        </test-method> <!-- setUp -->
        <test-method signature="verifyProfessionalTax()[pri:2, instance:headers_SanityTest.ELibraryTests@6cc4cdb9]" started-at="2025-11-26T10:49:45 IST" name="verifyProfessionalTax" finished-at="2025-11-26T10:49:48 IST" duration-ms="3027" status="PASS">
          <reporter-output>
          </reporter-output>
        </test-method> <!-- verifyProfessionalTax -->
        <test-method is-config="true" signature="tearDown(org.testng.ITestResult)[pri:0, instance:headers_SanityTest.ELibraryTests@6cc4cdb9]" started-at="2025-11-26T10:49:48 IST" name="tearDown" finished-at="2025-11-26T10:49:48 IST" duration-ms="225" status="PASS">
          <params>
            <param index="0">
              <value>
                <![CDATA[[TestResult name=verifyProfessionalTax status=SUCCESS method=ELibraryTests.verifyProfessionalTax()[pri:2, instance:headers_SanityTest.ELibraryTests@6cc4cdb9] output={null}]]]>
              </value>
            </param>
          </params>
          <reporter-output>
          </reporter-output>
        </test-method> <!-- tearDown -->
        <test-method is-config="true" signature="setUp(java.lang.String,java.lang.reflect.Method)[pri:0, instance:headers_SanityTest.ELibraryTests@6cc4cdb9]" started-at="2025-11-26T10:50:18 IST" name="setUp" finished-at="2025-11-26T10:50:21 IST" duration-ms="3601" status="PASS">
          <params>
            <param index="0">
              <value>
                <![CDATA[chrome]]>
              </value>
            </param>
            <param index="1">
              <value>
                <![CDATA[public void headers_SanityTest.ELibraryTests.verifyLabourWelfareFund()]]>
              </value>
            </param>
          </params>
          <reporter-output>
          </reporter-output>
        </test-method> <!-- setUp -->
        <test-method signature="verifyLabourWelfareFund()[pri:3, instance:headers_SanityTest.ELibraryTests@6cc4cdb9]" started-at="2025-11-26T10:50:21 IST" name="verifyLabourWelfareFund" finished-at="2025-11-26T10:50:25 IST" duration-ms="3350" status="PASS">
          <reporter-output>
          </reporter-output>
        </test-method> <!-- verifyLabourWelfareFund -->
        <test-method is-config="true" signature="tearDown(org.testng.ITestResult)[pri:0, instance:headers_SanityTest.ELibraryTests@6cc4cdb9]" started-at="2025-11-26T10:50:25 IST" name="tearDown" finished-at="2025-11-26T10:50:25 IST" duration-ms="217" status="PASS">
          <params>
            <param index="0">
              <value>
                <![CDATA[[TestResult name=verifyLabourWelfareFund status=SUCCESS method=ELibraryTests.verifyLabourWelfareFund()[pri:3, instance:headers_SanityTest.ELibraryTests@6cc4cdb9] output={null}]]]>
              </value>
            </param>
          </params>
          <reporter-output>
          </reporter-output>
        </test-method> <!-- tearDown -->
        <test-method is-config="true" signature="setUp(java.lang.String,java.lang.reflect.Method)[pri:0, instance:headers_SanityTest.ELibraryTests@6cc4cdb9]" started-at="2025-11-26T10:51:07 IST" name="setUp" finished-at="2025-11-26T10:51:10 IST" duration-ms="3377" status="PASS">
          <params>
            <param index="0">
              <value>
                <![CDATA[chrome]]>
              </value>
            </param>
            <param index="1">
              <value>
                <![CDATA[public void headers_SanityTest.ELibraryTests.verifyLeaveWorkingHours()]]>
              </value>
            </param>
          </params>
          <reporter-output>
          </reporter-output>
        </test-method> <!-- setUp -->
        <test-method signature="verifyLeaveWorkingHours()[pri:4, instance:headers_SanityTest.ELibraryTests@6cc4cdb9]" started-at="2025-11-26T10:51:10 IST" name="verifyLeaveWorkingHours" finished-at="2025-11-26T10:51:12 IST" duration-ms="2435" status="PASS">
          <reporter-output>
          </reporter-output>
        </test-method> <!-- verifyLeaveWorkingHours -->
        <test-method is-config="true" signature="tearDown(org.testng.ITestResult)[pri:0, instance:headers_SanityTest.ELibraryTests@6cc4cdb9]" started-at="2025-11-26T10:51:12 IST" name="tearDown" finished-at="2025-11-26T10:51:13 IST" duration-ms="232" status="PASS">
          <params>
            <param index="0">
              <value>
                <![CDATA[[TestResult name=verifyLeaveWorkingHours status=SUCCESS method=ELibraryTests.verifyLeaveWorkingHours()[pri:4, instance:headers_SanityTest.ELibraryTests@6cc4cdb9] output={null}]]]>
              </value>
            </param>
          </params>
          <reporter-output>
          </reporter-output>
        </test-method> <!-- tearDown -->
        <test-method is-config="true" signature="setUp(java.lang.String,java.lang.reflect.Method)[pri:0, instance:headers_SanityTest.ELibraryTests@6cc4cdb9]" started-at="2025-11-26T10:51:41 IST" name="setUp" finished-at="2025-11-26T10:51:48 IST" duration-ms="6804" status="PASS">
          <params>
            <param index="0">
              <value>
                <![CDATA[chrome]]>
              </value>
            </param>
            <param index="1">
              <value>
                <![CDATA[public void headers_SanityTest.ELibraryTests.verifyHolidaysList()]]>
              </value>
            </param>
          </params>
          <reporter-output>
          </reporter-output>
        </test-method> <!-- setUp -->
        <test-method signature="verifyHolidaysList()[pri:5, instance:headers_SanityTest.ELibraryTests@6cc4cdb9]" started-at="2025-11-26T10:51:48 IST" name="verifyHolidaysList" finished-at="2025-11-26T10:51:51 IST" duration-ms="2915" status="PASS">
          <reporter-output>
          </reporter-output>
        </test-method> <!-- verifyHolidaysList -->
        <test-method is-config="true" signature="tearDown(org.testng.ITestResult)[pri:0, instance:headers_SanityTest.ELibraryTests@6cc4cdb9]" started-at="2025-11-26T10:51:51 IST" name="tearDown" finished-at="2025-11-26T10:51:51 IST" duration-ms="259" status="PASS">
          <params>
            <param index="0">
              <value>
                <![CDATA[[TestResult name=verifyHolidaysList status=SUCCESS method=ELibraryTests.verifyHolidaysList()[pri:5, instance:headers_SanityTest.ELibraryTests@6cc4cdb9] output={null}]]]>
              </value>
            </param>
          </params>
          <reporter-output>
          </reporter-output>
        </test-method> <!-- tearDown -->
        <test-method is-config="true" signature="setUp(java.lang.String,java.lang.reflect.Method)[pri:0, instance:headers_SanityTest.ELibraryTests@6cc4cdb9]" started-at="2025-11-26T10:52:20 IST" name="setUp" finished-at="2025-11-26T10:52:24 IST" duration-ms="3509" status="PASS">
          <params>
            <param index="0">
              <value>
                <![CDATA[chrome]]>
              </value>
            </param>
            <param index="1">
              <value>
                <![CDATA[public void headers_SanityTest.ELibraryTests.verifyProvidentFund()]]>
              </value>
            </param>
          </params>
          <reporter-output>
          </reporter-output>
        </test-method> <!-- setUp -->
        <test-method signature="verifyProvidentFund()[pri:6, instance:headers_SanityTest.ELibraryTests@6cc4cdb9]" started-at="2025-11-26T10:52:24 IST" name="verifyProvidentFund" finished-at="2025-11-26T10:52:29 IST" duration-ms="5373" status="PASS">
          <reporter-output>
          </reporter-output>
        </test-method> <!-- verifyProvidentFund -->
        <test-method is-config="true" signature="tearDown(org.testng.ITestResult)[pri:0, instance:headers_SanityTest.ELibraryTests@6cc4cdb9]" started-at="2025-11-26T10:52:29 IST" name="tearDown" finished-at="2025-11-26T10:52:30 IST" duration-ms="250" status="PASS">
          <params>
            <param index="0">
              <value>
                <![CDATA[[TestResult name=verifyProvidentFund status=SUCCESS method=ELibraryTests.verifyProvidentFund()[pri:6, instance:headers_SanityTest.ELibraryTests@6cc4cdb9] output={null}]]]>
              </value>
            </param>
          </params>
          <reporter-output>
          </reporter-output>
        </test-method> <!-- tearDown -->
        <test-method is-config="true" signature="setUp(java.lang.String,java.lang.reflect.Method)[pri:0, instance:headers_SanityTest.ELibraryTests@6cc4cdb9]" started-at="2025-11-26T10:52:56 IST" name="setUp" finished-at="2025-11-26T10:52:59 IST" duration-ms="3232" status="PASS">
          <params>
            <param index="0">
              <value>
                <![CDATA[chrome]]>
              </value>
            </param>
            <param index="1">
              <value>
                <![CDATA[public void headers_SanityTest.ELibraryTests.verifyLEIComplianceCalendarPDF()]]>
              </value>
            </param>
          </params>
          <reporter-output>
          </reporter-output>
        </test-method> <!-- setUp -->
        <test-method signature="verifyLEIComplianceCalendarPDF()[pri:7, instance:headers_SanityTest.ELibraryTests@6cc4cdb9]" started-at="2025-11-26T10:52:59 IST" name="verifyLEIComplianceCalendarPDF" finished-at="2025-11-26T10:53:01 IST" duration-ms="1495" status="PASS">
          <reporter-output>
          </reporter-output>
        </test-method> <!-- verifyLEIComplianceCalendarPDF -->
        <test-method is-config="true" signature="tearDown(org.testng.ITestResult)[pri:0, instance:headers_SanityTest.ELibraryTests@6cc4cdb9]" started-at="2025-11-26T10:53:01 IST" name="tearDown" finished-at="2025-11-26T10:53:01 IST" duration-ms="242" status="PASS">
          <params>
            <param index="0">
              <value>
                <![CDATA[[TestResult name=verifyLEIComplianceCalendarPDF status=SUCCESS method=ELibraryTests.verifyLEIComplianceCalendarPDF()[pri:7, instance:headers_SanityTest.ELibraryTests@6cc4cdb9] output={null}]]]>
              </value>
            </param>
          </params>
          <reporter-output>
          </reporter-output>
        </test-method> <!-- tearDown -->
        <test-method is-config="true" signature="setUp(java.lang.String,java.lang.reflect.Method)[pri:0, instance:headers_SanityTest.ELibraryTests@6cc4cdb9]" started-at="2025-11-26T10:53:11 IST" name="setUp" finished-at="2025-11-26T10:53:14 IST" duration-ms="3190" status="PASS">
          <params>
            <param index="0">
              <value>
                <![CDATA[chrome]]>
              </value>
            </param>
            <param index="1">
              <value>
                <![CDATA[public void headers_SanityTest.ELibraryTests.verifyFCCComplianceCalendarPDF()]]>
              </value>
            </param>
          </params>
          <reporter-output>
          </reporter-output>
        </test-method> <!-- setUp -->
        <test-method signature="verifyFCCComplianceCalendarPDF()[pri:8, instance:headers_SanityTest.ELibraryTests@6cc4cdb9]" started-at="2025-11-26T10:53:14 IST" name="verifyFCCComplianceCalendarPDF" finished-at="2025-11-26T10:53:16 IST" duration-ms="1633" status="PASS">
          <reporter-output>
          </reporter-output>
        </test-method> <!-- verifyFCCComplianceCalendarPDF -->
        <test-method is-config="true" signature="tearDown(org.testng.ITestResult)[pri:0, instance:headers_SanityTest.ELibraryTests@6cc4cdb9]" started-at="2025-11-26T10:53:16 IST" name="tearDown" finished-at="2025-11-26T10:53:16 IST" duration-ms="200" status="PASS">
          <params>
            <param index="0">
              <value>
                <![CDATA[[TestResult name=verifyFCCComplianceCalendarPDF status=SUCCESS method=ELibraryTests.verifyFCCComplianceCalendarPDF()[pri:8, instance:headers_SanityTest.ELibraryTests@6cc4cdb9] output={null}]]]>
              </value>
            </param>
          </params>
          <reporter-output>
          </reporter-output>
        </test-method> <!-- tearDown -->
      </class> <!-- headers_SanityTest.ELibraryTests -->
      <class name="headers_SanityTest.CareerTests">
        <test-method is-config="true" signature="setUp(java.lang.String,java.lang.reflect.Method)[pri:0, instance:headers_SanityTest.CareerTests@5038d0b5]" started-at="2025-11-26T10:48:11 IST" name="setUp" finished-at="2025-11-26T10:48:15 IST" duration-ms="4097" status="PASS">
          <params>
            <param index="0">
              <value>
                <![CDATA[chrome]]>
              </value>
            </param>
            <param index="1">
              <value>
                <![CDATA[public void headers_SanityTest.CareerTests.verifyCareerPageAndApplyNow()]]>
              </value>
            </param>
          </params>
          <reporter-output>
          </reporter-output>
        </test-method> <!-- setUp -->
        <test-method signature="verifyCareerPageAndApplyNow()[pri:1, instance:headers_SanityTest.CareerTests@5038d0b5]" started-at="2025-11-26T10:48:15 IST" name="verifyCareerPageAndApplyNow" finished-at="2025-11-26T10:48:20 IST" duration-ms="4882" status="PASS">
          <reporter-output>
          </reporter-output>
        </test-method> <!-- verifyCareerPageAndApplyNow -->
        <test-method is-config="true" signature="tearDown(org.testng.ITestResult)[pri:0, instance:headers_SanityTest.CareerTests@5038d0b5]" started-at="2025-11-26T10:48:20 IST" name="tearDown" finished-at="2025-11-26T10:48:20 IST" duration-ms="267" status="PASS">
          <params>
            <param index="0">
              <value>
                <![CDATA[[TestResult name=verifyCareerPageAndApplyNow status=SUCCESS method=CareerTests.verifyCareerPageAndApplyNow()[pri:1, instance:headers_SanityTest.CareerTests@5038d0b5] output={null}]]]>
              </value>
            </param>
          </params>
          <reporter-output>
          </reporter-output>
        </test-method> <!-- tearDown -->
      </class> <!-- headers_SanityTest.CareerTests -->
      <class name="headers_SanityTest.HomePageClickValidations">
        <test-method is-config="true" signature="setUp(java.lang.String,java.lang.reflect.Method)[pri:0, instance:headers_SanityTest.HomePageClickValidations@7d9f158f]" started-at="2025-11-26T10:48:02 IST" name="setUp" finished-at="2025-11-26T10:48:08 IST" duration-ms="5632" status="PASS">
          <params>
            <param index="0">
              <value>
                <![CDATA[chrome]]>
              </value>
            </param>
            <param index="1">
              <value>
                <![CDATA[public void headers_SanityTest.HomePageClickValidations.verifyAllBlogsNavigation()]]>
              </value>
            </param>
          </params>
          <reporter-output>
          </reporter-output>
        </test-method> <!-- setUp -->
        <test-method signature="verifyAllBlogsNavigation()[pri:1, instance:headers_SanityTest.HomePageClickValidations@7d9f158f]" started-at="2025-11-26T10:48:08 IST" name="verifyAllBlogsNavigation" finished-at="2025-11-26T10:48:11 IST" duration-ms="2814" status="PASS">
          <reporter-output>
          </reporter-output>
        </test-method> <!-- verifyAllBlogsNavigation -->
        <test-method is-config="true" signature="tearDown(org.testng.ITestResult)[pri:0, instance:headers_SanityTest.HomePageClickValidations@7d9f158f]" started-at="2025-11-26T10:48:11 IST" name="tearDown" finished-at="2025-11-26T10:48:11 IST" duration-ms="296" status="PASS">
          <params>
            <param index="0">
              <value>
                <![CDATA[[TestResult name=verifyAllBlogsNavigation status=SUCCESS method=HomePageClickValidations.verifyAllBlogsNavigation()[pri:1, instance:headers_SanityTest.HomePageClickValidations@7d9f158f] output={null}]]]>
              </value>
            </param>
          </params>
          <reporter-output>
          </reporter-output>
        </test-method> <!-- tearDown -->
        <test-method is-config="true" signature="setUp(java.lang.String,java.lang.reflect.Method)[pri:0, instance:headers_SanityTest.HomePageClickValidations@7d9f158f]" started-at="2025-11-26T10:49:32 IST" name="setUp" finished-at="2025-11-26T10:49:35 IST" duration-ms="2739" status="PASS">
          <params>
            <param index="0">
              <value>
                <![CDATA[chrome]]>
              </value>
            </param>
            <param index="1">
              <value>
                <![CDATA[public void headers_SanityTest.HomePageClickValidations.verifyISOIECCertificatePDF()]]>
              </value>
            </param>
          </params>
          <reporter-output>
          </reporter-output>
        </test-method> <!-- setUp -->
        <test-method signature="verifyISOIECCertificatePDF()[pri:2, instance:headers_SanityTest.HomePageClickValidations@7d9f158f]" started-at="2025-11-26T10:49:35 IST" name="verifyISOIECCertificatePDF" finished-at="2025-11-26T10:49:36 IST" duration-ms="956" status="PASS">
          <reporter-output>
          </reporter-output>
        </test-method> <!-- verifyISOIECCertificatePDF -->
        <test-method is-config="true" signature="tearDown(org.testng.ITestResult)[pri:0, instance:headers_SanityTest.HomePageClickValidations@7d9f158f]" started-at="2025-11-26T10:49:36 IST" name="tearDown" finished-at="2025-11-26T10:49:36 IST" duration-ms="280" status="PASS">
          <params>
            <param index="0">
              <value>
                <![CDATA[[TestResult name=verifyISOIECCertificatePDF status=SUCCESS method=HomePageClickValidations.verifyISOIECCertificatePDF()[pri:2, instance:headers_SanityTest.HomePageClickValidations@7d9f158f] output={null}]]]>
              </value>
            </param>
          </params>
          <reporter-output>
          </reporter-output>
        </test-method> <!-- tearDown -->
        <test-method is-config="true" signature="setUp(java.lang.String,java.lang.reflect.Method)[pri:0, instance:headers_SanityTest.HomePageClickValidations@7d9f158f]" started-at="2025-11-26T10:50:13 IST" name="setUp" finished-at="2025-11-26T10:50:16 IST" duration-ms="3685" status="PASS">
          <params>
            <param index="0">
              <value>
                <![CDATA[chrome]]>
              </value>
            </param>
            <param index="1">
              <value>
                <![CDATA[public void headers_SanityTest.HomePageClickValidations.verifyISOQMSCertificatePDF()]]>
              </value>
            </param>
          </params>
          <reporter-output>
          </reporter-output>
        </test-method> <!-- setUp -->
        <test-method signature="verifyISOQMSCertificatePDF()[pri:3, instance:headers_SanityTest.HomePageClickValidations@7d9f158f]" started-at="2025-11-26T10:50:16 IST" name="verifyISOQMSCertificatePDF" finished-at="2025-11-26T10:50:17 IST" duration-ms="1214" status="PASS">
          <reporter-output>
          </reporter-output>
        </test-method> <!-- verifyISOQMSCertificatePDF -->
        <test-method is-config="true" signature="tearDown(org.testng.ITestResult)[pri:0, instance:headers_SanityTest.HomePageClickValidations@7d9f158f]" started-at="2025-11-26T10:50:17 IST" name="tearDown" finished-at="2025-11-26T10:50:18 IST" duration-ms="229" status="PASS">
          <params>
            <param index="0">
              <value>
                <![CDATA[[TestResult name=verifyISOQMSCertificatePDF status=SUCCESS method=HomePageClickValidations.verifyISOQMSCertificatePDF()[pri:3, instance:headers_SanityTest.HomePageClickValidations@7d9f158f] output={null}]]]>
              </value>
            </param>
          </params>
          <reporter-output>
          </reporter-output>
        </test-method> <!-- tearDown -->
        <test-method is-config="true" signature="setUp(java.lang.String,java.lang.reflect.Method)[pri:0, instance:headers_SanityTest.HomePageClickValidations@7d9f158f]" started-at="2025-11-26T10:50:45 IST" name="setUp" finished-at="2025-11-26T10:50:48 IST" duration-ms="3257" status="PASS">
          <params>
            <param index="0">
              <value>
                <![CDATA[chrome]]>
              </value>
            </param>
            <param index="1">
              <value>
                <![CDATA[public void headers_SanityTest.HomePageClickValidations.verifyCaseStudyNavigation()]]>
              </value>
            </param>
          </params>
          <reporter-output>
          </reporter-output>
        </test-method> <!-- setUp -->
        <test-method signature="verifyCaseStudyNavigation()[pri:4, instance:headers_SanityTest.HomePageClickValidations@7d9f158f]" started-at="2025-11-26T10:50:48 IST" name="verifyCaseStudyNavigation" finished-at="2025-11-26T10:50:50 IST" duration-ms="1648" status="PASS">
          <reporter-output>
          </reporter-output>
        </test-method> <!-- verifyCaseStudyNavigation -->
        <test-method is-config="true" signature="tearDown(org.testng.ITestResult)[pri:0, instance:headers_SanityTest.HomePageClickValidations@7d9f158f]" started-at="2025-11-26T10:50:50 IST" name="tearDown" finished-at="2025-11-26T10:50:50 IST" duration-ms="237" status="PASS">
          <params>
            <param index="0">
              <value>
                <![CDATA[[TestResult name=verifyCaseStudyNavigation status=SUCCESS method=HomePageClickValidations.verifyCaseStudyNavigation()[pri:4, instance:headers_SanityTest.HomePageClickValidations@7d9f158f] output={null}]]]>
              </value>
            </param>
          </params>
          <reporter-output>
          </reporter-output>
        </test-method> <!-- tearDown -->
      </class> <!-- headers_SanityTest.HomePageClickValidations -->
      <class name="headers_SanityTest.LoginTests">
        <test-method is-config="true" signature="setUp(java.lang.String,java.lang.reflect.Method)[pri:0, instance:headers_SanityTest.LoginTests@1a5b6f42]" started-at="2025-11-26T10:47:54 IST" name="setUp" finished-at="2025-11-26T10:47:59 IST" duration-ms="4669" status="PASS">
          <params>
            <param index="0">
              <value>
                <![CDATA[chrome]]>
              </value>
            </param>
            <param index="1">
              <value>
                <![CDATA[public void headers_SanityTest.LoginTests.customer_remo_shouldOpenLogin()]]>
              </value>
            </param>
          </params>
          <reporter-output>
          </reporter-output>
        </test-method> <!-- setUp -->
        <test-method signature="customer_remo_shouldOpenLogin()[pri:1, instance:headers_SanityTest.LoginTests@1a5b6f42]" started-at="2025-11-26T10:47:59 IST" name="customer_remo_shouldOpenLogin" finished-at="2025-11-26T10:48:02 IST" duration-ms="3261" status="PASS">
          <reporter-output>
          </reporter-output>
        </test-method> <!-- customer_remo_shouldOpenLogin -->
        <test-method is-config="true" signature="tearDown(org.testng.ITestResult)[pri:0, instance:headers_SanityTest.LoginTests@1a5b6f42]" started-at="2025-11-26T10:48:02 IST" name="tearDown" finished-at="2025-11-26T10:48:02 IST" duration-ms="309" status="PASS">
          <params>
            <param index="0">
              <value>
                <![CDATA[[TestResult name=customer_remo_shouldOpenLogin status=SUCCESS method=LoginTests.customer_remo_shouldOpenLogin()[pri:1, instance:headers_SanityTest.LoginTests@1a5b6f42] output={null}]]]>
              </value>
            </param>
          </params>
          <reporter-output>
          </reporter-output>
        </test-method> <!-- tearDown -->
        <test-method is-config="true" signature="setUp(java.lang.String,java.lang.reflect.Method)[pri:0, instance:headers_SanityTest.LoginTests@1a5b6f42]" started-at="2025-11-26T10:49:06 IST" name="setUp" finished-at="2025-11-26T10:49:09 IST" duration-ms="3310" status="PASS">
          <params>
            <param index="0">
              <value>
                <![CDATA[chrome]]>
              </value>
            </param>
            <param index="1">
              <value>
                <![CDATA[public void headers_SanityTest.LoginTests.customer_vendor_shouldOpenLogin()]]>
              </value>
            </param>
          </params>
          <reporter-output>
          </reporter-output>
        </test-method> <!-- setUp -->
        <test-method signature="customer_vendor_shouldOpenLogin()[pri:2, instance:headers_SanityTest.LoginTests@1a5b6f42]" started-at="2025-11-26T10:49:09 IST" name="customer_vendor_shouldOpenLogin" finished-at="2025-11-26T10:49:10 IST" duration-ms="1586" status="PASS">
          <reporter-output>
          </reporter-output>
        </test-method> <!-- customer_vendor_shouldOpenLogin -->
        <test-method is-config="true" signature="tearDown(org.testng.ITestResult)[pri:0, instance:headers_SanityTest.LoginTests@1a5b6f42]" started-at="2025-11-26T10:49:10 IST" name="tearDown" finished-at="2025-11-26T10:49:11 IST" duration-ms="281" status="PASS">
          <params>
            <param index="0">
              <value>
                <![CDATA[[TestResult name=customer_vendor_shouldOpenLogin status=SUCCESS method=LoginTests.customer_vendor_shouldOpenLogin()[pri:2, instance:headers_SanityTest.LoginTests@1a5b6f42] output={null}]]]>
              </value>
            </param>
          </params>
          <reporter-output>
          </reporter-output>
        </test-method> <!-- tearDown -->
        <test-method is-config="true" signature="setUp(java.lang.String,java.lang.reflect.Method)[pri:0, instance:headers_SanityTest.LoginTests@1a5b6f42]" started-at="2025-11-26T10:49:52 IST" name="setUp" finished-at="2025-11-26T10:49:56 IST" duration-ms="3593" status="PASS">
          <params>
            <param index="0">
              <value>
                <![CDATA[chrome]]>
              </value>
            </param>
            <param index="1">
              <value>
                <![CDATA[public void headers_SanityTest.LoginTests.customer_classic_shouldOpenSignIn()]]>
              </value>
            </param>
          </params>
          <reporter-output>
          </reporter-output>
        </test-method> <!-- setUp -->
        <test-method signature="customer_classic_shouldOpenSignIn()[pri:3, instance:headers_SanityTest.LoginTests@1a5b6f42]" started-at="2025-11-26T10:49:56 IST" name="customer_classic_shouldOpenSignIn" finished-at="2025-11-26T10:50:01 IST" duration-ms="5462" status="PASS">
          <reporter-output>
          </reporter-output>
        </test-method> <!-- customer_classic_shouldOpenSignIn -->
        <test-method is-config="true" signature="tearDown(org.testng.ITestResult)[pri:0, instance:headers_SanityTest.LoginTests@1a5b6f42]" started-at="2025-11-26T10:50:01 IST" name="tearDown" finished-at="2025-11-26T10:50:02 IST" duration-ms="232" status="PASS">
          <params>
            <param index="0">
              <value>
                <![CDATA[[TestResult name=customer_classic_shouldOpenSignIn status=SUCCESS method=LoginTests.customer_classic_shouldOpenSignIn()[pri:3, instance:headers_SanityTest.LoginTests@1a5b6f42] output={null}]]]>
              </value>
            </param>
          </params>
          <reporter-output>
          </reporter-output>
        </test-method> <!-- tearDown -->
        <test-method is-config="true" signature="setUp(java.lang.String,java.lang.reflect.Method)[pri:0, instance:headers_SanityTest.LoginTests@1a5b6f42]" started-at="2025-11-26T10:50:39 IST" name="setUp" finished-at="2025-11-26T10:50:43 IST" duration-ms="3299" status="PASS">
          <params>
            <param index="0">
              <value>
                <![CDATA[chrome]]>
              </value>
            </param>
            <param index="1">
              <value>
                <![CDATA[public void headers_SanityTest.LoginTests.customer_remit_shouldOpenLogin()]]>
              </value>
            </param>
          </params>
          <reporter-output>
          </reporter-output>
        </test-method> <!-- setUp -->
        <test-method signature="customer_remit_shouldOpenLogin()[pri:4, instance:headers_SanityTest.LoginTests@1a5b6f42]" started-at="2025-11-26T10:50:43 IST" name="customer_remit_shouldOpenLogin" finished-at="2025-11-26T10:50:45 IST" duration-ms="1847" status="PASS">
          <reporter-output>
          </reporter-output>
        </test-method> <!-- customer_remit_shouldOpenLogin -->
        <test-method is-config="true" signature="tearDown(org.testng.ITestResult)[pri:0, instance:headers_SanityTest.LoginTests@1a5b6f42]" started-at="2025-11-26T10:50:45 IST" name="tearDown" finished-at="2025-11-26T10:50:45 IST" duration-ms="221" status="PASS">
          <params>
            <param index="0">
              <value>
                <![CDATA[[TestResult name=customer_remit_shouldOpenLogin status=SUCCESS method=LoginTests.customer_remit_shouldOpenLogin()[pri:4, instance:headers_SanityTest.LoginTests@1a5b6f42] output={null}]]]>
              </value>
            </param>
          </params>
          <reporter-output>
          </reporter-output>
        </test-method> <!-- tearDown -->
        <test-method is-config="true" signature="setUp(java.lang.String,java.lang.reflect.Method)[pri:0, instance:headers_SanityTest.LoginTests@1a5b6f42]" started-at="2025-11-26T10:51:23 IST" name="setUp" finished-at="2025-11-26T10:51:26 IST" duration-ms="3320" status="PASS">
          <params>
            <param index="0">
              <value>
                <![CDATA[chrome]]>
              </value>
            </param>
            <param index="1">
              <value>
                <![CDATA[public void headers_SanityTest.LoginTests.customer_tams_shouldOpenSignIn()]]>
              </value>
            </param>
          </params>
          <reporter-output>
          </reporter-output>
        </test-method> <!-- setUp -->
        <test-method signature="customer_tams_shouldOpenSignIn()[pri:5, instance:headers_SanityTest.LoginTests@1a5b6f42]" started-at="2025-11-26T10:51:26 IST" name="customer_tams_shouldOpenSignIn" finished-at="2025-11-26T10:51:28 IST" duration-ms="2367" status="PASS">
          <reporter-output>
          </reporter-output>
        </test-method> <!-- customer_tams_shouldOpenSignIn -->
        <test-method is-config="true" signature="tearDown(org.testng.ITestResult)[pri:0, instance:headers_SanityTest.LoginTests@1a5b6f42]" started-at="2025-11-26T10:51:28 IST" name="tearDown" finished-at="2025-11-26T10:51:29 IST" duration-ms="290" status="PASS">
          <params>
            <param index="0">
              <value>
                <![CDATA[[TestResult name=customer_tams_shouldOpenSignIn status=SUCCESS method=LoginTests.customer_tams_shouldOpenSignIn()[pri:5, instance:headers_SanityTest.LoginTests@1a5b6f42] output={null}]]]>
              </value>
            </param>
          </params>
          <reporter-output>
          </reporter-output>
        </test-method> <!-- tearDown -->
        <test-method is-config="true" signature="setUp(java.lang.String,java.lang.reflect.Method)[pri:0, instance:headers_SanityTest.LoginTests@1a5b6f42]" started-at="2025-11-26T10:52:01 IST" name="setUp" finished-at="2025-11-26T10:52:04 IST" duration-ms="3330" status="PASS">
          <params>
            <param index="0">
              <value>
                <![CDATA[chrome]]>
              </value>
            </param>
            <param index="1">
              <value>
                <![CDATA[public void headers_SanityTest.LoginTests.customer_audit_shouldOpenSignIn()]]>
              </value>
            </param>
          </params>
          <reporter-output>
          </reporter-output>
        </test-method> <!-- setUp -->
        <test-method signature="customer_audit_shouldOpenSignIn()[pri:6, instance:headers_SanityTest.LoginTests@1a5b6f42]" started-at="2025-11-26T10:52:04 IST" name="customer_audit_shouldOpenSignIn" finished-at="2025-11-26T10:52:10 IST" duration-ms="5634" status="PASS">
          <reporter-output>
          </reporter-output>
        </test-method> <!-- customer_audit_shouldOpenSignIn -->
        <test-method is-config="true" signature="tearDown(org.testng.ITestResult)[pri:0, instance:headers_SanityTest.LoginTests@1a5b6f42]" started-at="2025-11-26T10:52:10 IST" name="tearDown" finished-at="2025-11-26T10:52:10 IST" duration-ms="233" status="PASS">
          <params>
            <param index="0">
              <value>
                <![CDATA[[TestResult name=customer_audit_shouldOpenSignIn status=SUCCESS method=LoginTests.customer_audit_shouldOpenSignIn()[pri:6, instance:headers_SanityTest.LoginTests@1a5b6f42] output={null}]]]>
              </value>
            </param>
          </params>
          <reporter-output>
          </reporter-output>
        </test-method> <!-- tearDown -->
        <test-method is-config="true" signature="setUp(java.lang.String,java.lang.reflect.Method)[pri:0, instance:headers_SanityTest.LoginTests@1a5b6f42]" started-at="2025-11-26T10:52:35 IST" name="setUp" finished-at="2025-11-26T10:52:38 IST" duration-ms="3227" status="PASS">
          <params>
            <param index="0">
              <value>
                <![CDATA[chrome]]>
              </value>
            </param>
            <param index="1">
              <value>
                <![CDATA[public void headers_SanityTest.LoginTests.customer_elibraryLogin_shouldOpen()]]>
              </value>
            </param>
          </params>
          <reporter-output>
          </reporter-output>
        </test-method> <!-- setUp -->
        <test-method signature="customer_elibraryLogin_shouldOpen()[pri:7, instance:headers_SanityTest.LoginTests@1a5b6f42]" started-at="2025-11-26T10:52:38 IST" name="customer_elibraryLogin_shouldOpen" finished-at="2025-11-26T10:52:40 IST" duration-ms="1892" status="PASS">
          <reporter-output>
          </reporter-output>
        </test-method> <!-- customer_elibraryLogin_shouldOpen -->
        <test-method is-config="true" signature="tearDown(org.testng.ITestResult)[pri:0, instance:headers_SanityTest.LoginTests@1a5b6f42]" started-at="2025-11-26T10:52:40 IST" name="tearDown" finished-at="2025-11-26T10:52:40 IST" duration-ms="255" status="PASS">
          <params>
            <param index="0">
              <value>
                <![CDATA[[TestResult name=customer_elibraryLogin_shouldOpen status=SUCCESS method=LoginTests.customer_elibraryLogin_shouldOpen()[pri:7, instance:headers_SanityTest.LoginTests@1a5b6f42] output={null}]]]>
              </value>
            </param>
          </params>
          <reporter-output>
          </reporter-output>
        </test-method> <!-- tearDown -->
        <test-method is-config="true" signature="setUp(java.lang.String,java.lang.reflect.Method)[pri:0, instance:headers_SanityTest.LoginTests@1a5b6f42]" started-at="2025-11-26T10:53:01 IST" name="setUp" finished-at="2025-11-26T10:53:04 IST" duration-ms="3194" status="PASS">
          <params>
            <param index="0">
              <value>
                <![CDATA[chrome]]>
              </value>
            </param>
            <param index="1">
              <value>
                <![CDATA[public void headers_SanityTest.LoginTests.customer_ess_shouldOpen()]]>
              </value>
            </param>
          </params>
          <reporter-output>
          </reporter-output>
        </test-method> <!-- setUp -->
        <test-method signature="customer_ess_shouldOpen()[pri:8, instance:headers_SanityTest.LoginTests@1a5b6f42]" started-at="2025-11-26T10:53:04 IST" name="customer_ess_shouldOpen" finished-at="2025-11-26T10:53:05 IST" duration-ms="1253" status="PASS">
          <reporter-output>
          </reporter-output>
        </test-method> <!-- customer_ess_shouldOpen -->
        <test-method is-config="true" signature="tearDown(org.testng.ITestResult)[pri:0, instance:headers_SanityTest.LoginTests@1a5b6f42]" started-at="2025-11-26T10:53:05 IST" name="tearDown" finished-at="2025-11-26T10:53:06 IST" duration-ms="264" status="PASS">
          <params>
            <param index="0">
              <value>
                <![CDATA[[TestResult name=customer_ess_shouldOpen status=SUCCESS method=LoginTests.customer_ess_shouldOpen()[pri:8, instance:headers_SanityTest.LoginTests@1a5b6f42] output={null}]]]>
              </value>
            </param>
          </params>
          <reporter-output>
          </reporter-output>
        </test-method> <!-- tearDown -->
        <test-method is-config="true" signature="setUp(java.lang.String,java.lang.reflect.Method)[pri:0, instance:headers_SanityTest.LoginTests@1a5b6f42]" started-at="2025-11-26T10:53:21 IST" name="setUp" finished-at="2025-11-26T10:53:24 IST" duration-ms="3357" status="PASS">
          <params>
            <param index="0">
              <value>
                <![CDATA[chrome]]>
              </value>
            </param>
            <param index="1">
              <value>
                <![CDATA[public void headers_SanityTest.LoginTests.customer_pf_esi_helpdesk_shouldOpen()]]>
              </value>
            </param>
          </params>
          <reporter-output>
          </reporter-output>
        </test-method> <!-- setUp -->
        <test-method signature="customer_pf_esi_helpdesk_shouldOpen()[pri:9, instance:headers_SanityTest.LoginTests@1a5b6f42]" started-at="2025-11-26T10:53:24 IST" name="customer_pf_esi_helpdesk_shouldOpen" finished-at="2025-11-26T10:53:29 IST" duration-ms="4540" status="PASS">
          <reporter-output>
          </reporter-output>
        </test-method> <!-- customer_pf_esi_helpdesk_shouldOpen -->
        <test-method is-config="true" signature="tearDown(org.testng.ITestResult)[pri:0, instance:headers_SanityTest.LoginTests@1a5b6f42]" started-at="2025-11-26T10:53:29 IST" name="tearDown" finished-at="2025-11-26T10:53:29 IST" duration-ms="271" status="PASS">
          <params>
            <param index="0">
              <value>
                <![CDATA[[TestResult name=customer_pf_esi_helpdesk_shouldOpen status=SUCCESS method=LoginTests.customer_pf_esi_helpdesk_shouldOpen()[pri:9, instance:headers_SanityTest.LoginTests@1a5b6f42] output={null}]]]>
              </value>
            </param>
          </params>
          <reporter-output>
          </reporter-output>
        </test-method> <!-- tearDown -->
        <test-method is-config="true" signature="setUp(java.lang.String,java.lang.reflect.Method)[pri:0, instance:headers_SanityTest.LoginTests@1a5b6f42]" started-at="2025-11-26T10:53:34 IST" name="setUp" finished-at="2025-11-26T10:53:38 IST" duration-ms="3644" status="PASS">
          <params>
            <param index="0">
              <value>
                <![CDATA[chrome]]>
              </value>
            </param>
            <param index="1">
              <value>
                <![CDATA[public void headers_SanityTest.LoginTests.employee_myPeople_shouldOpen()]]>
              </value>
            </param>
          </params>
          <reporter-output>
          </reporter-output>
        </test-method> <!-- setUp -->
        <test-method signature="employee_myPeople_shouldOpen()[pri:10, instance:headers_SanityTest.LoginTests@1a5b6f42]" started-at="2025-11-26T10:53:38 IST" name="employee_myPeople_shouldOpen" finished-at="2025-11-26T10:53:40 IST" duration-ms="1693" status="PASS">
          <reporter-output>
          </reporter-output>
        </test-method> <!-- employee_myPeople_shouldOpen -->
        <test-method is-config="true" signature="tearDown(org.testng.ITestResult)[pri:0, instance:headers_SanityTest.LoginTests@1a5b6f42]" started-at="2025-11-26T10:53:40 IST" name="tearDown" finished-at="2025-11-26T10:53:40 IST" duration-ms="202" status="PASS">
          <params>
            <param index="0">
              <value>
                <![CDATA[[TestResult name=employee_myPeople_shouldOpen status=SUCCESS method=LoginTests.employee_myPeople_shouldOpen()[pri:10, instance:headers_SanityTest.LoginTests@1a5b6f42] output={null}]]]>
              </value>
            </param>
          </params>
          <reporter-output>
          </reporter-output>
        </test-method> <!-- tearDown -->
        <test-method is-config="true" signature="setUp(java.lang.String,java.lang.reflect.Method)[pri:0, instance:headers_SanityTest.LoginTests@1a5b6f42]" started-at="2025-11-26T10:53:40 IST" name="setUp" finished-at="2025-11-26T10:53:43 IST" duration-ms="3283" status="PASS">
          <params>
            <param index="0">
              <value>
                <![CDATA[chrome]]>
              </value>
            </param>
            <param index="1">
              <value>
                <![CDATA[public void headers_SanityTest.LoginTests.employee_collect_shouldOpen()]]>
              </value>
            </param>
          </params>
          <reporter-output>
          </reporter-output>
        </test-method> <!-- setUp -->
        <test-method signature="employee_collect_shouldOpen()[pri:11, instance:headers_SanityTest.LoginTests@1a5b6f42]" started-at="2025-11-26T10:53:43 IST" name="employee_collect_shouldOpen" finished-at="2025-11-26T10:53:46 IST" duration-ms="3298" status="PASS">
          <reporter-output>
          </reporter-output>
        </test-method> <!-- employee_collect_shouldOpen -->
        <test-method is-config="true" signature="tearDown(org.testng.ITestResult)[pri:0, instance:headers_SanityTest.LoginTests@1a5b6f42]" started-at="2025-11-26T10:53:46 IST" name="tearDown" finished-at="2025-11-26T10:53:47 IST" duration-ms="230" status="PASS">
          <params>
            <param index="0">
              <value>
                <![CDATA[[TestResult name=employee_collect_shouldOpen status=SUCCESS method=LoginTests.employee_collect_shouldOpen()[pri:11, instance:headers_SanityTest.LoginTests@1a5b6f42] output={null}]]]>
              </value>
            </param>
          </params>
          <reporter-output>
          </reporter-output>
        </test-method> <!-- tearDown -->
        <test-method is-config="true" signature="setUp(java.lang.String,java.lang.reflect.Method)[pri:0, instance:headers_SanityTest.LoginTests@1a5b6f42]" started-at="2025-11-26T10:53:47 IST" name="setUp" finished-at="2025-11-26T10:53:51 IST" duration-ms="4736" status="PASS">
          <params>
            <param index="0">
              <value>
                <![CDATA[chrome]]>
              </value>
            </param>
            <param index="1">
              <value>
                <![CDATA[public void headers_SanityTest.LoginTests.employee_expenses_shouldOpen()]]>
              </value>
            </param>
          </params>
          <reporter-output>
          </reporter-output>
        </test-method> <!-- setUp -->
        <test-method signature="employee_expenses_shouldOpen()[pri:12, instance:headers_SanityTest.LoginTests@1a5b6f42]" started-at="2025-11-26T10:53:51 IST" name="employee_expenses_shouldOpen" finished-at="2025-11-26T10:53:54 IST" duration-ms="2454" status="PASS">
          <reporter-output>
          </reporter-output>
        </test-method> <!-- employee_expenses_shouldOpen -->
        <test-method is-config="true" signature="tearDown(org.testng.ITestResult)[pri:0, instance:headers_SanityTest.LoginTests@1a5b6f42]" started-at="2025-11-26T10:53:54 IST" name="tearDown" finished-at="2025-11-26T10:53:54 IST" duration-ms="225" status="PASS">
          <params>
            <param index="0">
              <value>
                <![CDATA[[TestResult name=employee_expenses_shouldOpen status=SUCCESS method=LoginTests.employee_expenses_shouldOpen()[pri:12, instance:headers_SanityTest.LoginTests@1a5b6f42] output={null}]]]>
              </value>
            </param>
          </params>
          <reporter-output>
          </reporter-output>
        </test-method> <!-- tearDown -->
        <test-method is-config="true" signature="setUp(java.lang.String,java.lang.reflect.Method)[pri:0, instance:headers_SanityTest.LoginTests@1a5b6f42]" started-at="2025-11-26T10:53:54 IST" name="setUp" finished-at="2025-11-26T10:53:57 IST" duration-ms="3269" status="PASS">
          <params>
            <param index="0">
              <value>
                <![CDATA[chrome]]>
              </value>
            </param>
            <param index="1">
              <value>
                <![CDATA[public void headers_SanityTest.LoginTests.employee_helpdesk_shouldOpen()]]>
              </value>
            </param>
          </params>
          <reporter-output>
          </reporter-output>
        </test-method> <!-- setUp -->
        <test-method signature="employee_helpdesk_shouldOpen()[pri:13, instance:headers_SanityTest.LoginTests@1a5b6f42]" started-at="2025-11-26T10:53:57 IST" name="employee_helpdesk_shouldOpen" finished-at="2025-11-26T10:54:03 IST" duration-ms="5149" status="PASS">
          <reporter-output>
          </reporter-output>
        </test-method> <!-- employee_helpdesk_shouldOpen -->
        <test-method is-config="true" signature="tearDown(org.testng.ITestResult)[pri:0, instance:headers_SanityTest.LoginTests@1a5b6f42]" started-at="2025-11-26T10:54:03 IST" name="tearDown" finished-at="2025-11-26T10:54:03 IST" duration-ms="229" status="PASS">
          <params>
            <param index="0">
              <value>
                <![CDATA[[TestResult name=employee_helpdesk_shouldOpen status=SUCCESS method=LoginTests.employee_helpdesk_shouldOpen()[pri:13, instance:headers_SanityTest.LoginTests@1a5b6f42] output={null}]]]>
              </value>
            </param>
          </params>
          <reporter-output>
          </reporter-output>
        </test-method> <!-- tearDown -->
        <test-method is-config="true" signature="setUp(java.lang.String,java.lang.reflect.Method)[pri:0, instance:headers_SanityTest.LoginTests@1a5b6f42]" started-at="2025-11-26T10:54:03 IST" name="setUp" finished-at="2025-11-26T10:54:06 IST" duration-ms="3142" status="PASS">
          <params>
            <param index="0">
              <value>
                <![CDATA[chrome]]>
              </value>
            </param>
            <param index="1">
              <value>
                <![CDATA[public void headers_SanityTest.LoginTests.employee_recruit_shouldOpen()]]>
              </value>
            </param>
          </params>
          <reporter-output>
          </reporter-output>
        </test-method> <!-- setUp -->
        <test-method signature="employee_recruit_shouldOpen()[pri:14, instance:headers_SanityTest.LoginTests@1a5b6f42]" started-at="2025-11-26T10:54:06 IST" name="employee_recruit_shouldOpen" finished-at="2025-11-26T10:54:09 IST" duration-ms="2759" status="PASS">
          <reporter-output>
          </reporter-output>
        </test-method> <!-- employee_recruit_shouldOpen -->
        <test-method is-config="true" signature="tearDown(org.testng.ITestResult)[pri:0, instance:headers_SanityTest.LoginTests@1a5b6f42]" started-at="2025-11-26T10:54:09 IST" name="tearDown" finished-at="2025-11-26T10:54:09 IST" duration-ms="205" status="PASS">
          <params>
            <param index="0">
              <value>
                <![CDATA[[TestResult name=employee_recruit_shouldOpen status=SUCCESS method=LoginTests.employee_recruit_shouldOpen()[pri:14, instance:headers_SanityTest.LoginTests@1a5b6f42] output={null}]]]>
              </value>
            </param>
          </params>
          <reporter-output>
          </reporter-output>
        </test-method> <!-- tearDown -->
        <test-method is-config="true" signature="setUp(java.lang.String,java.lang.reflect.Method)[pri:0, instance:headers_SanityTest.LoginTests@1a5b6f42]" started-at="2025-11-26T10:54:09 IST" name="setUp" finished-at="2025-11-26T10:54:12 IST" duration-ms="3162" status="PASS">
          <params>
            <param index="0">
              <value>
                <![CDATA[chrome]]>
              </value>
            </param>
            <param index="1">
              <value>
                <![CDATA[public void headers_SanityTest.LoginTests.employee_generalMasters_shouldOpen()]]>
              </value>
            </param>
          </params>
          <reporter-output>
          </reporter-output>
        </test-method> <!-- setUp -->
        <test-method signature="employee_generalMasters_shouldOpen()[pri:15, instance:headers_SanityTest.LoginTests@1a5b6f42]" started-at="2025-11-26T10:54:12 IST" name="employee_generalMasters_shouldOpen" finished-at="2025-11-26T10:54:14 IST" duration-ms="2291" status="PASS">
          <reporter-output>
          </reporter-output>
        </test-method> <!-- employee_generalMasters_shouldOpen -->
        <test-method is-config="true" signature="tearDown(org.testng.ITestResult)[pri:0, instance:headers_SanityTest.LoginTests@1a5b6f42]" started-at="2025-11-26T10:54:14 IST" name="tearDown" finished-at="2025-11-26T10:54:15 IST" duration-ms="254" status="PASS">
          <params>
            <param index="0">
              <value>
                <![CDATA[[TestResult name=employee_generalMasters_shouldOpen status=SUCCESS method=LoginTests.employee_generalMasters_shouldOpen()[pri:15, instance:headers_SanityTest.LoginTests@1a5b6f42] output={null}]]]>
              </value>
            </param>
          </params>
          <reporter-output>
          </reporter-output>
        </test-method> <!-- tearDown -->
        <test-method is-config="true" signature="setUp(java.lang.String,java.lang.reflect.Method)[pri:0, instance:headers_SanityTest.LoginTests@1a5b6f42]" started-at="2025-11-26T10:54:15 IST" name="setUp" finished-at="2025-11-26T10:54:18 IST" duration-ms="3133" status="PASS">
          <params>
            <param index="0">
              <value>
                <![CDATA[chrome]]>
              </value>
            </param>
            <param index="1">
              <value>
                <![CDATA[public void headers_SanityTest.LoginTests.employee_statutoryMasters_shouldOpen()]]>
              </value>
            </param>
          </params>
          <reporter-output>
          </reporter-output>
        </test-method> <!-- setUp -->
        <test-method signature="employee_statutoryMasters_shouldOpen()[pri:16, instance:headers_SanityTest.LoginTests@1a5b6f42]" started-at="2025-11-26T10:54:18 IST" name="employee_statutoryMasters_shouldOpen" finished-at="2025-11-26T10:54:28 IST" duration-ms="10002" status="PASS">
          <reporter-output>
          </reporter-output>
        </test-method> <!-- employee_statutoryMasters_shouldOpen -->
        <test-method is-config="true" signature="tearDown(org.testng.ITestResult)[pri:0, instance:headers_SanityTest.LoginTests@1a5b6f42]" started-at="2025-11-26T10:54:28 IST" name="tearDown" finished-at="2025-11-26T10:54:28 IST" duration-ms="235" status="PASS">
          <params>
            <param index="0">
              <value>
                <![CDATA[[TestResult name=employee_statutoryMasters_shouldOpen status=SUCCESS method=LoginTests.employee_statutoryMasters_shouldOpen()[pri:16, instance:headers_SanityTest.LoginTests@1a5b6f42] output={null}]]]>
              </value>
            </param>
          </params>
          <reporter-output>
          </reporter-output>
        </test-method> <!-- tearDown -->
        <test-method is-config="true" signature="setUp(java.lang.String,java.lang.reflect.Method)[pri:0, instance:headers_SanityTest.LoginTests@1a5b6f42]" started-at="2025-11-26T10:54:28 IST" name="setUp" finished-at="2025-11-26T10:54:31 IST" duration-ms="3068" status="PASS">
          <params>
            <param index="0">
              <value>
                <![CDATA[chrome]]>
              </value>
            </param>
            <param index="1">
              <value>
                <![CDATA[public void headers_SanityTest.LoginTests.employee_userAdministration_shouldOpen()]]>
              </value>
            </param>
          </params>
          <reporter-output>
          </reporter-output>
        </test-method> <!-- setUp -->
        <test-method signature="employee_userAdministration_shouldOpen()[pri:17, instance:headers_SanityTest.LoginTests@1a5b6f42]" started-at="2025-11-26T10:54:31 IST" name="employee_userAdministration_shouldOpen" finished-at="2025-11-26T10:54:34 IST" duration-ms="2899" status="PASS">
          <reporter-output>
          </reporter-output>
        </test-method> <!-- employee_userAdministration_shouldOpen -->
        <test-method is-config="true" signature="tearDown(org.testng.ITestResult)[pri:0, instance:headers_SanityTest.LoginTests@1a5b6f42]" started-at="2025-11-26T10:54:34 IST" name="tearDown" finished-at="2025-11-26T10:54:34 IST" duration-ms="255" status="PASS">
          <params>
            <param index="0">
              <value>
                <![CDATA[[TestResult name=employee_userAdministration_shouldOpen status=SUCCESS method=LoginTests.employee_userAdministration_shouldOpen()[pri:17, instance:headers_SanityTest.LoginTests@1a5b6f42] output={null}]]]>
              </value>
            </param>
          </params>
          <reporter-output>
          </reporter-output>
        </test-method> <!-- tearDown -->
        <test-method is-config="true" signature="setUp(java.lang.String,java.lang.reflect.Method)[pri:0, instance:headers_SanityTest.LoginTests@1a5b6f42]" started-at="2025-11-26T10:54:34 IST" name="setUp" finished-at="2025-11-26T10:54:37 IST" duration-ms="3069" status="PASS">
          <params>
            <param index="0">
              <value>
                <![CDATA[chrome]]>
              </value>
            </param>
            <param index="1">
              <value>
                <![CDATA[public void headers_SanityTest.LoginTests.employee_tams_shouldOpen()]]>
              </value>
            </param>
          </params>
          <reporter-output>
          </reporter-output>
        </test-method> <!-- setUp -->
        <test-method signature="employee_tams_shouldOpen()[pri:18, instance:headers_SanityTest.LoginTests@1a5b6f42]" started-at="2025-11-26T10:54:37 IST" name="employee_tams_shouldOpen" finished-at="2025-11-26T10:54:40 IST" duration-ms="2816" status="PASS">
          <reporter-output>
          </reporter-output>
        </test-method> <!-- employee_tams_shouldOpen -->
        <test-method is-config="true" signature="tearDown(org.testng.ITestResult)[pri:0, instance:headers_SanityTest.LoginTests@1a5b6f42]" started-at="2025-11-26T10:54:40 IST" name="tearDown" finished-at="2025-11-26T10:54:40 IST" duration-ms="258" status="PASS">
          <params>
            <param index="0">
              <value>
                <![CDATA[[TestResult name=employee_tams_shouldOpen status=SUCCESS method=LoginTests.employee_tams_shouldOpen()[pri:18, instance:headers_SanityTest.LoginTests@1a5b6f42] output={null}]]]>
              </value>
            </param>
          </params>
          <reporter-output>
[...]
            <param index="0">
              <value>
                <![CDATA[chrome]]>
              </value>
            </param>
            <param index="1">
              <value>
                <![CDATA[public void headers_SanityTest.ServicesTests.verifyPayrollComplianceServices()]]>
              </value>
            </param>
          </params>
          <reporter-output>
          </reporter-output>
        </test-method> <!-- setUp -->
        <test-method signature="verifyPayrollComplianceServices()[pri:3, instance:headers_SanityTest.ServicesTests@565f390]" started-at="2025-11-26T10:50:33 IST" name="verifyPayrollComplianceServices" finished-at="2025-11-26T10:50:34 IST" duration-ms="1460" status="PASS">
          <reporter-output>
          </reporter-output>
        </test-method> <!-- verifyPayrollComplianceServices -->
        <test-method is-config="true" signature="tearDown(org.testng.ITestResult)[pri:0, instance:headers_SanityTest.ServicesTests@565f390]" started-at="2025-11-26T10:50:34 IST" name="tearDown" finished-at="2025-11-26T10:50:35 IST" duration-ms="202" status="PASS">
          <params>
            <param index="0">
              <value>
                <![CDATA[[TestResult name=verifyPayrollComplianceServices status=SUCCESS method=ServicesTests.verifyPayrollComplianceServices()[pri:3, instance:headers_SanityTest.ServicesTests@565f390] output={null}]]]>
              </value>
            </param>
          </params>
          <reporter-output>
          </reporter-output>
        </test-method> <!-- tearDown -->
        <test-method is-config="true" signature="setUp(java.lang.String,java.lang.reflect.Method)[pri:0, instance:headers_SanityTest.ServicesTests@565f390]" started-at="2025-11-26T10:50:55 IST" name="setUp" finished-at="2025-11-26T10:50:58 IST" duration-ms="3487" status="PASS">
          <params>
            <param index="0">
              <value>
                <![CDATA[chrome]]>
              </value>
            </param>
            <param index="1">
              <value>
                <![CDATA[public void headers_SanityTest.ServicesTests.verifyFactoryComplianceServices()]]>
              </value>
            </param>
          </params>
          <reporter-output>
          </reporter-output>
        </test-method> <!-- setUp -->
        <test-method signature="verifyFactoryComplianceServices()[pri:4, instance:headers_SanityTest.ServicesTests@565f390]" started-at="2025-11-26T10:50:58 IST" name="verifyFactoryComplianceServices" finished-at="2025-11-26T10:51:00 IST" duration-ms="1340" status="PASS">
          <reporter-output>
          </reporter-output>
        </test-method> <!-- verifyFactoryComplianceServices -->
        <test-method is-config="true" signature="tearDown(org.testng.ITestResult)[pri:0, instance:headers_SanityTest.ServicesTests@565f390]" started-at="2025-11-26T10:51:00 IST" name="tearDown" finished-at="2025-11-26T10:51:00 IST" duration-ms="221" status="PASS">
          <params>
            <param index="0">
              <value>
                <![CDATA[[TestResult name=verifyFactoryComplianceServices status=SUCCESS method=ServicesTests.verifyFactoryComplianceServices()[pri:4, instance:headers_SanityTest.ServicesTests@565f390] output={null}]]]>
              </value>
            </param>
          </params>
          <reporter-output>
          </reporter-output>
        </test-method> <!-- tearDown -->
        <test-method is-config="true" signature="setUp(java.lang.String,java.lang.reflect.Method)[pri:0, instance:headers_SanityTest.ServicesTests@565f390]" started-at="2025-11-26T10:51:56 IST" name="setUp" finished-at="2025-11-26T10:51:59 IST" duration-ms="3281" status="PASS">
          <params>
            <param index="0">
              <value>
                <![CDATA[chrome]]>
              </value>
            </param>
            <param index="1">
              <value>
                <![CDATA[public void headers_SanityTest.ServicesTests.verifyVendorComplianceServices()]]>
              </value>
            </param>
          </params>
          <reporter-output>
          </reporter-output>
        </test-method> <!-- setUp -->
        <test-method signature="verifyVendorComplianceServices()[pri:5, instance:headers_SanityTest.ServicesTests@565f390]" started-at="2025-11-26T10:51:59 IST" name="verifyVendorComplianceServices" finished-at="2025-11-26T10:52:01 IST" duration-ms="1349" status="PASS">
          <reporter-output>
          </reporter-output>
        </test-method> <!-- verifyVendorComplianceServices -->
        <test-method is-config="true" signature="tearDown(org.testng.ITestResult)[pri:0, instance:headers_SanityTest.ServicesTests@565f390]" started-at="2025-11-26T10:52:01 IST" name="tearDown" finished-at="2025-11-26T10:52:01 IST" duration-ms="251" status="PASS">
          <params>
            <param index="0">
              <value>
                <![CDATA[[TestResult name=verifyVendorComplianceServices status=SUCCESS method=ServicesTests.verifyVendorComplianceServices()[pri:5, instance:headers_SanityTest.ServicesTests@565f390] output={null}]]]>
              </value>
            </param>
          </params>
          <reporter-output>
          </reporter-output>
        </test-method> <!-- tearDown -->
        <test-method is-config="true" signature="setUp(java.lang.String,java.lang.reflect.Method)[pri:0, instance:headers_SanityTest.ServicesTests@565f390]" started-at="2025-11-26T10:52:16 IST" name="setUp" finished-at="2025-11-26T10:52:19 IST" duration-ms="3102" status="PASS">
          <params>
            <param index="0">
              <value>
                <![CDATA[chrome]]>
              </value>
            </param>
            <param index="1">
              <value>
                <![CDATA[public void headers_SanityTest.ServicesTests.verifyMinesComplianceServices()]]>
              </value>
            </param>
          </params>
          <reporter-output>
          </reporter-output>
        </test-method> <!-- setUp -->
        <test-method signature="verifyMinesComplianceServices()[pri:6, instance:headers_SanityTest.ServicesTests@565f390]" started-at="2025-11-26T10:52:19 IST" name="verifyMinesComplianceServices" finished-at="2025-11-26T10:52:20 IST" duration-ms="1393" status="PASS">
          <reporter-output>
          </reporter-output>
        </test-method> <!-- verifyMinesComplianceServices -->
        <test-method is-config="true" signature="tearDown(org.testng.ITestResult)[pri:0, instance:headers_SanityTest.ServicesTests@565f390]" started-at="2025-11-26T10:52:20 IST" name="tearDown" finished-at="2025-11-26T10:52:20 IST" duration-ms="236" status="PASS">
          <params>
            <param index="0">
              <value>
                <![CDATA[[TestResult name=verifyMinesComplianceServices status=SUCCESS method=ServicesTests.verifyMinesComplianceServices()[pri:6, instance:headers_SanityTest.ServicesTests@565f390] output={null}]]]>
              </value>
            </param>
          </params>
          <reporter-output>
          </reporter-output>
        </test-method> <!-- tearDown -->
        <test-method is-config="true" signature="setUp(java.lang.String,java.lang.reflect.Method)[pri:0, instance:headers_SanityTest.ServicesTests@565f390]" started-at="2025-11-26T10:52:46 IST" name="setUp" finished-at="2025-11-26T10:52:49 IST" duration-ms="3308" status="PASS">
          <params>
            <param index="0">
              <value>
                <![CDATA[chrome]]>
              </value>
            </param>
            <param index="1">
              <value>
                <![CDATA[public void headers_SanityTest.ServicesTests.verifyFlexiStaffingServices()]]>
              </value>
            </param>
          </params>
          <reporter-output>
          </reporter-output>
        </test-method> <!-- setUp -->
        <test-method signature="verifyFlexiStaffingServices()[pri:7, instance:headers_SanityTest.ServicesTests@565f390]" started-at="2025-11-26T10:52:49 IST" name="verifyFlexiStaffingServices" finished-at="2025-11-26T10:52:51 IST" duration-ms="1376" status="PASS">
          <reporter-output>
          </reporter-output>
        </test-method> <!-- verifyFlexiStaffingServices -->
        <test-method is-config="true" signature="tearDown(org.testng.ITestResult)[pri:0, instance:headers_SanityTest.ServicesTests@565f390]" started-at="2025-11-26T10:52:51 IST" name="tearDown" finished-at="2025-11-26T10:52:51 IST" duration-ms="249" status="PASS">
          <params>
            <param index="0">
              <value>
                <![CDATA[[TestResult name=verifyFlexiStaffingServices status=SUCCESS method=ServicesTests.verifyFlexiStaffingServices()[pri:7, instance:headers_SanityTest.ServicesTests@565f390] output={null}]]]>
              </value>
            </param>
          </params>
          <reporter-output>
          </reporter-output>
        </test-method> <!-- tearDown -->
        <test-method is-config="true" signature="setUp(java.lang.String,java.lang.reflect.Method)[pri:0, instance:headers_SanityTest.ServicesTests@565f390]" started-at="2025-11-26T10:53:16 IST" name="setUp" finished-at="2025-11-26T10:53:19 IST" duration-ms="3204" status="PASS">
          <params>
            <param index="0">
              <value>
                <![CDATA[chrome]]>
              </value>
            </param>
            <param index="1">
              <value>
                <![CDATA[public void headers_SanityTest.ServicesTests.verifyPayrollServices()]]>
              </value>
            </param>
          </params>
          <reporter-output>
          </reporter-output>
        </test-method> <!-- setUp -->
        <test-method signature="verifyPayrollServices()[pri:8, instance:headers_SanityTest.ServicesTests@565f390]" started-at="2025-11-26T10:53:19 IST" name="verifyPayrollServices" finished-at="2025-11-26T10:53:20 IST" duration-ms="1335" status="PASS">
          <reporter-output>
          </reporter-output>
        </test-method> <!-- verifyPayrollServices -->
        <test-method is-config="true" signature="tearDown(org.testng.ITestResult)[pri:0, instance:headers_SanityTest.ServicesTests@565f390]" started-at="2025-11-26T10:53:20 IST" name="tearDown" finished-at="2025-11-26T10:53:21 IST" duration-ms="252" status="PASS">
          <params>
            <param index="0">
              <value>
                <![CDATA[[TestResult name=verifyPayrollServices status=SUCCESS method=ServicesTests.verifyPayrollServices()[pri:8, instance:headers_SanityTest.ServicesTests@565f390] output={null}]]]>
              </value>
            </param>
          </params>
          <reporter-output>
          </reporter-output>
        </test-method> <!-- tearDown -->
        <test-method is-config="true" signature="setUp(java.lang.String,java.lang.reflect.Method)[pri:0, instance:headers_SanityTest.ServicesTests@565f390]" started-at="2025-11-26T10:53:29 IST" name="setUp" finished-at="2025-11-26T10:53:32 IST" duration-ms="3582" status="PASS">
          <params>
            <param index="0">
              <value>
                <![CDATA[chrome]]>
              </value>
            </param>
            <param index="1">
              <value>
                <![CDATA[public void headers_SanityTest.ServicesTests.verifyEHS()]]>
              </value>
            </param>
          </params>
          <reporter-output>
          </reporter-output>
        </test-method> <!-- setUp -->
        <test-method signature="verifyEHS()[pri:9, instance:headers_SanityTest.ServicesTests@565f390]" started-at="2025-11-26T10:53:32 IST" name="verifyEHS" finished-at="2025-11-26T10:53:34 IST" duration-ms="1591" status="PASS">
          <reporter-output>
          </reporter-output>
        </test-method> <!-- verifyEHS -->
        <test-method is-config="true" signature="tearDown(org.testng.ITestResult)[pri:0, instance:headers_SanityTest.ServicesTests@565f390]" started-at="2025-11-26T10:53:34 IST" name="tearDown" finished-at="2025-11-26T10:53:34 IST" duration-ms="311" status="PASS">
          <params>
            <param index="0">
              <value>
                <![CDATA[[TestResult name=verifyEHS status=SUCCESS method=ServicesTests.verifyEHS()[pri:9, instance:headers_SanityTest.ServicesTests@565f390] output={null}]]]>
              </value>
            </param>
          </params>
          <reporter-output>
          </reporter-output>
        </test-method> <!-- tearDown -->
      </class> <!-- headers_SanityTest.ServicesTests -->
      <class name="headers_SanityTest.ProductsTests">
        <test-method is-config="true" signature="setUp(java.lang.String,java.lang.reflect.Method)[pri:0, instance:headers_SanityTest.ProductsTests@50f6ac94]" started-at="2025-11-26T10:49:01 IST" name="setUp" finished-at="2025-11-26T10:49:04 IST" duration-ms="3263" status="PASS">
          <params>
            <param index="0">
              <value>
                <![CDATA[chrome]]>
              </value>
            </param>
            <param index="1">
              <value>
                <![CDATA[public void headers_SanityTest.ProductsTests.verifySimplianceClassic()]]>
              </value>
            </param>
          </params>
          <reporter-output>
          </reporter-output>
        </test-method> <!-- setUp -->
        <test-method signature="verifySimplianceClassic()[pri:1, instance:headers_SanityTest.ProductsTests@50f6ac94]" started-at="2025-11-26T10:49:04 IST" name="verifySimplianceClassic" finished-at="2025-11-26T10:49:05 IST" duration-ms="1392" status="PASS">
          <reporter-output>
          </reporter-output>
        </test-method> <!-- verifySimplianceClassic -->
        <test-method is-config="true" signature="tearDown(org.testng.ITestResult)[pri:0, instance:headers_SanityTest.ProductsTests@50f6ac94]" started-at="2025-11-26T10:49:05 IST" name="tearDown" finished-at="2025-11-26T10:49:06 IST" duration-ms="257" status="PASS">
          <params>
            <param index="0">
              <value>
                <![CDATA[[TestResult name=verifySimplianceClassic status=SUCCESS method=ProductsTests.verifySimplianceClassic()[pri:1, instance:headers_SanityTest.ProductsTests@50f6ac94] output={null}]]]>
              </value>
            </param>
          </params>
          <reporter-output>
          </reporter-output>
        </test-method> <!-- tearDown -->
        <test-method is-config="true" signature="setUp(java.lang.String,java.lang.reflect.Method)[pri:0, instance:headers_SanityTest.ProductsTests@50f6ac94]" started-at="2025-11-26T10:49:48 IST" name="setUp" finished-at="2025-11-26T10:49:51 IST" duration-ms="2963" status="PASS">
          <params>
            <param index="0">
              <value>
                <![CDATA[chrome]]>
              </value>
            </param>
            <param index="1">
              <value>
                <![CDATA[public void headers_SanityTest.ProductsTests.verifySimplianceRemo()]]>
              </value>
            </param>
          </params>
          <reporter-output>
          </reporter-output>
        </test-method> <!-- setUp -->
        <test-method signature="verifySimplianceRemo()[pri:2, instance:headers_SanityTest.ProductsTests@50f6ac94]" started-at="2025-11-26T10:49:51 IST" name="verifySimplianceRemo" finished-at="2025-11-26T10:49:52 IST" duration-ms="1401" status="PASS">
          <reporter-output>
          </reporter-output>
        </test-method> <!-- verifySimplianceRemo -->
        <test-method is-config="true" signature="tearDown(org.testng.ITestResult)[pri:0, instance:headers_SanityTest.ProductsTests@50f6ac94]" started-at="2025-11-26T10:49:52 IST" name="tearDown" finished-at="2025-11-26T10:49:52 IST" duration-ms="256" status="PASS">
          <params>
            <param index="0">
              <value>
                <![CDATA[[TestResult name=verifySimplianceRemo status=SUCCESS method=ProductsTests.verifySimplianceRemo()[pri:2, instance:headers_SanityTest.ProductsTests@50f6ac94] output={null}]]]>
              </value>
            </param>
          </params>
          <reporter-output>
          </reporter-output>
        </test-method> <!-- tearDown -->
        <test-method is-config="true" signature="setUp(java.lang.String,java.lang.reflect.Method)[pri:0, instance:headers_SanityTest.ProductsTests@50f6ac94]" started-at="2025-11-26T10:50:35 IST" name="setUp" finished-at="2025-11-26T10:50:38 IST" duration-ms="3228" status="PASS">
          <params>
            <param index="0">
              <value>
                <![CDATA[chrome]]>
              </value>
            </param>
            <param index="1">
              <value>
                <![CDATA[public void headers_SanityTest.ProductsTests.verifySimplianceVendor()]]>
              </value>
            </param>
          </params>
          <reporter-output>
          </reporter-output>
        </test-method> <!-- setUp -->
        <test-method signature="verifySimplianceVendor()[pri:3, instance:headers_SanityTest.ProductsTests@50f6ac94]" started-at="2025-11-26T10:50:38 IST" name="verifySimplianceVendor" finished-at="2025-11-26T10:50:39 IST" duration-ms="1365" status="PASS">
          <reporter-output>
          </reporter-output>
        </test-method> <!-- verifySimplianceVendor -->
        <test-method is-config="true" signature="tearDown(org.testng.ITestResult)[pri:0, instance:headers_SanityTest.ProductsTests@50f6ac94]" started-at="2025-11-26T10:50:39 IST" name="tearDown" finished-at="2025-11-26T10:50:39 IST" duration-ms="208" status="PASS">
          <params>
            <param index="0">
              <value>
                <![CDATA[[TestResult name=verifySimplianceVendor status=SUCCESS method=ProductsTests.verifySimplianceVendor()[pri:3, instance:headers_SanityTest.ProductsTests@50f6ac94] output={null}]]]>
              </value>
            </param>
          </params>
          <reporter-output>
          </reporter-output>
        </test-method> <!-- tearDown -->
        <test-method is-config="true" signature="setUp(java.lang.String,java.lang.reflect.Method)[pri:0, instance:headers_SanityTest.ProductsTests@50f6ac94]" started-at="2025-11-26T10:51:17 IST" name="setUp" finished-at="2025-11-26T10:51:21 IST" duration-ms="3628" status="PASS">
          <params>
            <param index="0">
              <value>
                <![CDATA[chrome]]>
              </value>
            </param>
            <param index="1">
              <value>
                <![CDATA[public void headers_SanityTest.ProductsTests.verifySimplianceAudit()]]>
              </value>
            </param>
          </params>
          <reporter-output>
          </reporter-output>
        </test-method> <!-- setUp -->
        <test-method signature="verifySimplianceAudit()[pri:4, instance:headers_SanityTest.ProductsTests@50f6ac94]" started-at="2025-11-26T10:51:21 IST" name="verifySimplianceAudit" finished-at="2025-11-26T10:51:22 IST" duration-ms="1438" status="PASS">
          <reporter-output>
          </reporter-output>
        </test-method> <!-- verifySimplianceAudit -->
        <test-method is-config="true" signature="tearDown(org.testng.ITestResult)[pri:0, instance:headers_SanityTest.ProductsTests@50f6ac94]" started-at="2025-11-26T10:51:23 IST" name="tearDown" finished-at="2025-11-26T10:51:23 IST" duration-ms="243" status="PASS">
          <params>
            <param index="0">
              <value>
                <![CDATA[[TestResult name=verifySimplianceAudit status=SUCCESS method=ProductsTests.verifySimplianceAudit()[pri:4, instance:headers_SanityTest.ProductsTests@50f6ac94] output={null}]]]>
              </value>
            </param>
          </params>
          <reporter-output>
          </reporter-output>
        </test-method> <!-- tearDown -->
      </class> <!-- headers_SanityTest.ProductsTests -->
    </test> <!-- Chrome Sanity Tests -->
  </suite> <!-- Aparajitha Cross-Browser Suite -->
</testng-results>
