<?xml version="1.0" encoding="UTF-8"?>
<testng-results ignored="7" total="8" passed="1" failed="0" skipped="0">
  <reporter-output>
  </reporter-output>
  <suite started-at="2025-11-25T10:12:21 IST" name="Default suite" finished-at="2025-11-25T10:12:27 IST" duration-ms="6136">
    <groups>
    </groups>
    <test started-at="2025-11-25T10:12:21 IST" name="Default test" finished-at="2025-11-25T10:12:27 IST" duration-ms="6136">
      <class name="headers_SanityTest.ResourcesTests">
        <test-method is-config="true" signature="setUp(java.lang.String,java.lang.reflect.Method)[pri:0, instance:headers_SanityTest.ResourcesTests@292b08d6]" started-at="2025-11-25T10:12:21 IST" name="setUp" finished-at="2025-11-25T10:12:26 IST" duration-ms="4372" status="PASS">
          <params>
            <param index="0">
              <value>
                <![CDATA[chrome]]>
              </value>
            </param>
            <param index="1">
              <value>
                <![CDATA[public void headers_SanityTest.ResourcesTests.verifyEventsTab()]]>
              </value>
            </param>
          </params>
          <reporter-output>
          </reporter-output>
        </test-method> <!-- setUp -->
        <test-method signature="verifyEventsTab()[pri:1, instance:headers_SanityTest.ResourcesTests@292b08d6]" started-at="2025-11-25T10:12:26 IST" name="verifyEventsTab" finished-at="2025-11-25T10:12:27 IST" duration-ms="1512" status="PASS">
          <reporter-output>
          </reporter-output>
        </test-method> <!-- verifyEventsTab -->
        <test-method is-config="true" signature="tearDown(org.testng.ITestResult)[pri:0, instance:headers_SanityTest.ResourcesTests@292b08d6]" started-at="2025-11-25T10:12:27 IST" name="tearDown" finished-at="2025-11-25T10:12:27 IST" duration-ms="222" status="PASS">
          <params>
            <param index="0">
              <value>
                <![CDATA[[TestResult name=verifyEventsTab status=SUCCESS method=ResourcesTests.verifyEventsTab()[pri:1, instance:headers_SanityTest.ResourcesTests@292b08d6] output={null}]]]>
              </value>
            </param>
          </params>
          <reporter-output>
          </reporter-output>
        </test-method> <!-- tearDown -->
      </class> <!-- headers_SanityTest.ResourcesTests -->
    </test> <!-- Default test -->
  </suite> <!-- Default suite -->
</testng-results>
