<?xml version="1.0" encoding="UTF-8"?>
<!-- Generated by org.testng.reporters.JUnitReportReporter -->
<testsuite hostname="ACSL-LP-1965" failures="0" tests="9" name="headers_SanityTest.ServicesTests" time="45.162" errors="0" timestamp="2025-11-26T10:55:06 IST" skipped="0">
  <testcase classname="headers_SanityTest.ServicesTests" name="verifyComplianceRiskAudit" time="5.209"/>
  <system-out/>
  <testcase classname="headers_SanityTest.ServicesTests" name="verifyEstablishmentCompliances" time="4.609"/>
  <system-out/>
  <testcase classname="headers_SanityTest.ServicesTests" name="verifyPayrollComplianceServices" time="5.460"/>
  <system-out/>
  <testcase classname="headers_SanityTest.ServicesTests" name="verifyFactoryComplianceServices" time="4.679"/>
  <system-out/>
  <testcase classname="headers_SanityTest.ServicesTests" name="verifyVendorComplianceServices" time="5.182"/>
  <system-out/>
  <testcase classname="headers_SanityTest.ServicesTests" name="verifyMinesComplianceServices" time="4.937"/>
  <system-out/>
  <testcase classname="headers_SanityTest.ServicesTests" name="verifyFlexiStaffingServices" time="5.174"/>
  <system-out/>
  <testcase classname="headers_SanityTest.ServicesTests" name="verifyPayrollServices" time="4.788"/>
  <system-out/>
  <testcase classname="headers_SanityTest.ServicesTests" name="verifyEHS" time="5.124"/>
  <system-out/>
</testsuite> <!-- headers_SanityTest.ServicesTests -->
