<?xml version="1.0" encoding="UTF-8"?>
<!-- Generated by org.testng.reporters.JUnitReportReporter -->
<testsuite hostname="ACSL-LP-1965" failures="0" tests="4" name="headers_SanityTest.HomePageClickValidations" time="51.541" errors="0" timestamp="2025-11-25T10:01:38 IST" skipped="0">
  <testcase classname="headers_SanityTest.HomePageClickValidations" name="verifyAllBlogsNavigation" time="16.661"/>
  <system-out/>
  <testcase classname="headers_SanityTest.HomePageClickValidations" name="verifyISOIECCertificatePDF" time="11.609"/>
  <system-out/>
  <testcase classname="headers_SanityTest.HomePageClickValidations" name="verifyISOQMSCertificatePDF" time="10.615"/>
  <system-out/>
  <testcase classname="headers_SanityTest.HomePageClickValidations" name="verifyCaseStudyNavigation" time="12.656"/>
  <system-out/>
</testsuite> <!-- headers_SanityTest.HomePageClickValidations -->
