<?xml version="1.0" encoding="UTF-8"?>
<!-- Generated by org.testng.reporters.JUnitReportReporter -->
<testsuite hostname="ACSL-LP-1965" failures="0" tests="9" name="headers_SanityTest.ServicesTests" time="133.418" errors="0" timestamp="2025-11-25T10:01:38 IST" skipped="0">
  <testcase classname="headers_SanityTest.ServicesTests" name="verifyComplianceRiskAudit" time="19.126"/>
  <system-out/>
  <testcase classname="headers_SanityTest.ServicesTests" name="verifyEstablishmentCompliances" time="14.063"/>
  <system-out/>
  <testcase classname="headers_SanityTest.ServicesTests" name="verifyPayrollComplianceServices" time="20.354"/>
  <system-out/>
  <testcase classname="headers_SanityTest.ServicesTests" name="verifyFactoryComplianceServices" time="11.660"/>
  <system-out/>
  <testcase classname="headers_SanityTest.ServicesTests" name="verifyVendorComplianceServices" time="12.308"/>
  <system-out/>
  <testcase classname="headers_SanityTest.ServicesTests" name="verifyMinesComplianceServices" time="14.996"/>
  <system-out/>
  <testcase classname="headers_SanityTest.ServicesTests" name="verifyFlexiStaffingServices" time="17.627"/>
  <system-out/>
  <testcase classname="headers_SanityTest.ServicesTests" name="verifyPayrollServices" time="11.475"/>
  <system-out/>
  <testcase classname="headers_SanityTest.ServicesTests" name="verifyEHS" time="11.809"/>
  <system-out/>
</testsuite> <!-- headers_SanityTest.ServicesTests -->
