<?xml version="1.0" encoding="UTF-8"?>
<!-- Generated by org.testng.reporters.JUnitReportReporter -->
<testsuite hostname="ACSL-LP-1965" failures="0" tests="4" name="headers_SanityTest.ProductsTests" time="19.642" errors="0" timestamp="2025-11-26T10:55:06 IST" skipped="0">
  <testcase classname="headers_SanityTest.ProductsTests" name="verifySimplianceClassic" time="5.276"/>
  <system-out/>
  <testcase classname="headers_SanityTest.ProductsTests" name="verifySimplianceRemo" time="4.607"/>
  <system-out/>
  <testcase classname="headers_SanityTest.ProductsTests" name="verifySimplianceVendor" time="4.836"/>
  <system-out/>
  <testcase classname="headers_SanityTest.ProductsTests" name="verifySimplianceAudit" time="4.923"/>
  <system-out/>
</testsuite> <!-- headers_SanityTest.ProductsTests -->
