<?xml version="1.0" encoding="UTF-8"?>
<!-- Generated by org.testng.reporters.JUnitReportReporter -->
<testsuite hostname="ACSL-LP-1965" failures="0" tests="8" name="headers_SanityTest.ELibraryTests" time="168.035" errors="0" timestamp="2025-11-25T10:01:38 IST" skipped="0">
  <testcase classname="headers_SanityTest.ELibraryTests" name="verifyLatestMinimumWages" time="20.405"/>
  <system-out/>
  <testcase classname="headers_SanityTest.ELibraryTests" name="verifyProfessionalTax" time="34.085"/>
  <system-out/>
  <testcase classname="headers_SanityTest.ELibraryTests" name="verifyLabourWelfareFund" time="18.855"/>
  <system-out/>
  <testcase classname="headers_SanityTest.ELibraryTests" name="verifyLeaveWorkingHours" time="19.095"/>
  <system-out/>
  <testcase classname="headers_SanityTest.ELibraryTests" name="verifyHolidaysList" time="27.912"/>
  <system-out/>
  <testcase classname="headers_SanityTest.ELibraryTests" name="verifyProvidentFund" time="24.070"/>
  <system-out/>
  <testcase classname="headers_SanityTest.ELibraryTests" name="verifyLEIComplianceCalendarPDF" time="6.841"/>
  <system-out/>
  <testcase classname="headers_SanityTest.ELibraryTests" name="verifyFCCComplianceCalendarPDF" time="16.772"/>
  <system-out/>
</testsuite> <!-- headers_SanityTest.ELibraryTests -->
