<?xml version="1.0" encoding="UTF-8"?>
<!-- Generated by org.testng.reporters.JUnitReportReporter -->
<testsuite hostname="ACSL-LP-1965" failures="0" tests="21" name="headers_SanityTest.LoginTests" time="146.187" errors="0" timestamp="2025-11-26T10:55:06 IST" skipped="0">
  <testcase classname="headers_SanityTest.LoginTests" name="customer_remo_shouldOpenLogin" time="6.769"/>
  <system-out/>
  <testcase classname="headers_SanityTest.LoginTests" name="customer_vendor_shouldOpenLogin" time="5.080"/>
  <system-out/>
  <testcase classname="headers_SanityTest.LoginTests" name="customer_classic_shouldOpenSignIn" time="10.431"/>
  <system-out/>
  <testcase classname="headers_SanityTest.LoginTests" name="customer_remit_shouldOpenLogin" time="5.218"/>
  <system-out/>
  <testcase classname="headers_SanityTest.LoginTests" name="customer_tams_shouldOpenSignIn" time="5.935"/>
  <system-out/>
  <testcase classname="headers_SanityTest.LoginTests" name="customer_audit_shouldOpenSignIn" time="10.505"/>
  <system-out/>
  <testcase classname="headers_SanityTest.LoginTests" name="customer_elibraryLogin_shouldOpen" time="5.407"/>
  <system-out/>
  <testcase classname="headers_SanityTest.LoginTests" name="customer_ess_shouldOpen" time="4.573"/>
  <system-out/>
  <testcase classname="headers_SanityTest.LoginTests" name="customer_pf_esi_helpdesk_shouldOpen" time="8.448"/>
  <system-out/>
  <testcase classname="headers_SanityTest.LoginTests" name="employee_myPeople_shouldOpen" time="5.116"/>
  <system-out/>
  <testcase classname="headers_SanityTest.LoginTests" name="employee_collect_shouldOpen" time="6.802"/>
  <system-out/>
  <testcase classname="headers_SanityTest.LoginTests" name="employee_expenses_shouldOpen" time="6.058"/>
  <system-out/>
  <testcase classname="headers_SanityTest.LoginTests" name="employee_helpdesk_shouldOpen" time="8.472"/>
  <system-out/>
  <testcase classname="headers_SanityTest.LoginTests" name="employee_recruit_shouldOpen" time="6.106"/>
  <system-out/>
  <testcase classname="headers_SanityTest.LoginTests" name="employee_generalMasters_shouldOpen" time="5.863"/>
  <system-out/>
  <testcase classname="headers_SanityTest.LoginTests" name="employee_statutoryMasters_shouldOpen" time="13.577"/>
  <system-out/>
  <testcase classname="headers_SanityTest.LoginTests" name="employee_userAdministration_shouldOpen" time="6.341"/>
  <system-out/>
  <testcase classname="headers_SanityTest.LoginTests" name="employee_tams_shouldOpen" time="6.213"/>
  <system-out/>
  <testcase classname="headers_SanityTest.LoginTests" name="employee_remoAdminVpn_shouldOpen" time="5.410"/>
  <system-out/>
  <testcase classname="headers_SanityTest.LoginTests" name="employee_remoSpLogin_shouldOpen" time="5.126"/>
  <system-out/>
  <testcase classname="headers_SanityTest.LoginTests" name="employee_classicAudit_shouldOpen" time="8.737"/>
  <system-out/>
</testsuite> <!-- headers_SanityTest.LoginTests -->
