<?xml version="1.0" encoding="UTF-8"?>
<!-- Generated by org.testng.reporters.JUnitReportReporter -->
<testsuite hostname="ACSL-LP-1965" failures="0" tests="4" name="headers_SanityTest.ProductsTests" time="46.153" errors="0" timestamp="2025-11-25T10:01:38 IST" skipped="0">
  <testcase classname="headers_SanityTest.ProductsTests" name="verifySimplianceClassic" time="8.300"/>
  <system-out/>
  <testcase classname="headers_SanityTest.ProductsTests" name="verifySimplianceRemo" time="12.934"/>
  <system-out/>
  <testcase classname="headers_SanityTest.ProductsTests" name="verifySimplianceVendor" time="6.385"/>
  <system-out/>
  <testcase classname="headers_SanityTest.ProductsTests" name="verifySimplianceAudit" time="18.534"/>
  <system-out/>
</testsuite> <!-- headers_SanityTest.ProductsTests -->
