<?xml version="1.0" encoding="UTF-8"?>
<!-- Generated by org.testng.reporters.JUnitReportReporter -->
<testsuite hostname="ACSL-LP-1965" failures="0" tests="8" name="headers_SanityTest.ResourcesTests" time="42.370" errors="0" timestamp="2025-11-26T10:55:06 IST" skipped="0">
  <testcase classname="headers_SanityTest.ResourcesTests" name="verifyEventsTab" time="4.745"/>
  <system-out/>
  <testcase classname="headers_SanityTest.ResourcesTests" name="verifyCaseStudiesTab" time="5.947"/>
  <system-out/>
  <testcase classname="headers_SanityTest.ResourcesTests" name="verifyBlogTab" time="5.051"/>
  <system-out/>
  <testcase classname="headers_SanityTest.ResourcesTests" name="verifyMediaPressTab" time="6.464"/>
  <system-out/>
  <testcase classname="headers_SanityTest.ResourcesTests" name="verifyCSRTab" time="4.691"/>
  <system-out/>
  <testcase classname="headers_SanityTest.ResourcesTests" name="verifyWebinarTab" time="4.940"/>
  <system-out/>
  <testcase classname="headers_SanityTest.ResourcesTests" name="verifyITeSReportTab" time="5.180"/>
  <system-out/>
  <testcase classname="headers_SanityTest.ResourcesTests" name="verifyESDMReportTab" time="5.352"/>
  <system-out/>
</testsuite> <!-- headers_SanityTest.ResourcesTests -->
