<?xml version="1.0" encoding="UTF-8"?>
<!-- Generated by org.testng.reporters.JUnitReportReporter -->
<testsuite hostname="ACSL-LP-1965" failures="0" tests="5" name="headers_SanityTest.AboutUsTests" time="71.331" errors="0" timestamp="2025-11-25T10:01:38 IST" skipped="0">
  <testcase classname="headers_SanityTest.AboutUsTests" name="verifyOurCompanyTab" time="15.687"/>
  <system-out/>
  <testcase classname="headers_SanityTest.AboutUsTests" name="verifyManagementTab" time="10.849"/>
  <system-out/>
  <testcase classname="headers_SanityTest.AboutUsTests" name="verifyOurClientsTab" time="12.844"/>
  <system-out/>
  <testcase classname="headers_SanityTest.AboutUsTests" name="verifyContactUsTab" time="12.850"/>
  <system-out/>
  <testcase classname="headers_SanityTest.AboutUsTests" name="verifyTestimonialsTab" time="19.101"/>
  <system-out/>
</testsuite> <!-- headers_SanityTest.AboutUsTests -->
