<?xml version="1.0" encoding="UTF-8"?>
<!-- Generated by org.testng.reporters.JUnitReportReporter -->
<testsuite hostname="ACSL-LP-1965" failures="0" tests="7" name="headers_SanityTest.EnquiryFormsTests" time="52.799" errors="0" timestamp="2025-11-26T10:55:06 IST" skipped="0">
  <testcase classname="headers_SanityTest.EnquiryFormsTests" name="verifyEnquireNowForm" time="9.699"/>
  <system-out/>
  <testcase classname="headers_SanityTest.EnquiryFormsTests" name="verifyContactUsForm" time="11.988"/>
  <system-out/>
  <testcase classname="headers_SanityTest.EnquiryFormsTests" name="verifyEnquiryFormFieldValidations" time="6.317"/>
  <system-out/>
  <testcase classname="headers_SanityTest.EnquiryFormsTests" name="verifyITeSReportForm" time="7.181"/>
  <system-out/>
  <testcase classname="headers_SanityTest.EnquiryFormsTests" name="verifyESDMIndustryReportForm" time="6.263"/>
  <system-out/>
  <testcase classname="headers_SanityTest.EnquiryFormsTests" name="verifyITESFieldValidations" time="5.560"/>
  <system-out/>
  <testcase classname="headers_SanityTest.EnquiryFormsTests" name="verifyESDMFieldValidations" time="5.791"/>
  <system-out/>
</testsuite> <!-- headers_SanityTest.EnquiryFormsTests -->
