<?xml version="1.0" encoding="UTF-8"?>
<!-- Generated by org.testng.reporters.JUnitReportReporter -->
<testsuite hostname="ACSL-LP-1965" failures="0" tests="8" name="headers_SanityTest.ELibraryTests" time="55.084" errors="0" timestamp="2025-11-26T10:55:06 IST" skipped="0">
  <testcase classname="headers_SanityTest.ELibraryTests" name="verifyLatestMinimumWages" time="6.585"/>
  <system-out/>
  <testcase classname="headers_SanityTest.ELibraryTests" name="verifyProfessionalTax" time="6.870"/>
  <system-out/>
  <testcase classname="headers_SanityTest.ELibraryTests" name="verifyLabourWelfareFund" time="10.405"/>
  <system-out/>
  <testcase classname="headers_SanityTest.ELibraryTests" name="verifyLeaveWorkingHours" time="5.916"/>
  <system-out/>
  <testcase classname="headers_SanityTest.ELibraryTests" name="verifyHolidaysList" time="6.641"/>
  <system-out/>
  <testcase classname="headers_SanityTest.ELibraryTests" name="verifyProvidentFund" time="8.837"/>
  <system-out/>
  <testcase classname="headers_SanityTest.ELibraryTests" name="verifyLEIComplianceCalendarPDF" time="4.944"/>
  <system-out/>
  <testcase classname="headers_SanityTest.ELibraryTests" name="verifyFCCComplianceCalendarPDF" time="4.886"/>
  <system-out/>
</testsuite> <!-- headers_SanityTest.ELibraryTests -->
