<?xml version="1.0" encoding="UTF-8"?>
<!-- Generated by org.testng.reporters.JUnitReportReporter -->
<testsuite hostname="ACSL-LP-1965" failures="0" tests="7" name="headers_SanityTest.EnquiryFormsTests" time="126.326" errors="0" timestamp="2025-11-25T10:01:38 IST" skipped="0">
  <testcase classname="headers_SanityTest.EnquiryFormsTests" name="verifyEnquireNowForm" time="21.590"/>
  <system-out/>
  <testcase classname="headers_SanityTest.EnquiryFormsTests" name="verifyContactUsForm" time="24.372"/>
  <system-out/>
  <testcase classname="headers_SanityTest.EnquiryFormsTests" name="verifyEnquiryFormFieldValidations" time="13.677"/>
  <system-out/>
  <testcase classname="headers_SanityTest.EnquiryFormsTests" name="verifyITeSReportForm" time="19.223"/>
  <system-out/>
  <testcase classname="headers_SanityTest.EnquiryFormsTests" name="verifyESDMIndustryReportForm" time="15.407"/>
  <system-out/>
  <testcase classname="headers_SanityTest.EnquiryFormsTests" name="verifyITESFieldValidations" time="19.712"/>
  <system-out/>
  <testcase classname="headers_SanityTest.EnquiryFormsTests" name="verifyESDMFieldValidations" time="12.345"/>
  <system-out/>
</testsuite> <!-- headers_SanityTest.EnquiryFormsTests -->
