<?xml version="1.0" encoding="UTF-8"?>
<!-- Generated by org.testng.reporters.JUnitReportReporter -->
<testsuite hostname="ACSL-LP-1965" failures="0" tests="21" name="headers_SanityTest.LoginTests" time="293.135" errors="0" timestamp="2025-11-25T10:01:38 IST" skipped="0">
  <testcase classname="headers_SanityTest.LoginTests" name="customer_remo_shouldOpenLogin" time="15.520"/>
  <system-out/>
  <testcase classname="headers_SanityTest.LoginTests" name="customer_vendor_shouldOpenLogin" time="9.221"/>
  <system-out/>
  <testcase classname="headers_SanityTest.LoginTests" name="customer_classic_shouldOpenSignIn" time="17.657"/>
  <system-out/>
  <testcase classname="headers_SanityTest.LoginTests" name="customer_remit_shouldOpenLogin" time="12.171"/>
  <system-out/>
  <testcase classname="headers_SanityTest.LoginTests" name="customer_tams_shouldOpenSignIn" time="11.464"/>
  <system-out/>
  <testcase classname="headers_SanityTest.LoginTests" name="customer_audit_shouldOpenSignIn" time="23.152"/>
  <system-out/>
  <testcase classname="headers_SanityTest.LoginTests" name="customer_elibraryLogin_shouldOpen" time="9.077"/>
  <system-out/>
  <testcase classname="headers_SanityTest.LoginTests" name="customer_ess_shouldOpen" time="8.763"/>
  <system-out/>
  <testcase classname="headers_SanityTest.LoginTests" name="customer_pf_esi_helpdesk_shouldOpen" time="19.454"/>
  <system-out/>
  <testcase classname="headers_SanityTest.LoginTests" name="employee_myPeople_shouldOpen" time="15.878"/>
  <system-out/>
  <testcase classname="headers_SanityTest.LoginTests" name="employee_collect_shouldOpen" time="12.658"/>
  <system-out/>
  <testcase classname="headers_SanityTest.LoginTests" name="employee_expenses_shouldOpen" time="4.164"/>
  <system-out/>
  <testcase classname="headers_SanityTest.LoginTests" name="employee_helpdesk_shouldOpen" time="13.578"/>
  <system-out/>
  <testcase classname="headers_SanityTest.LoginTests" name="employee_recruit_shouldOpen" time="6.858"/>
  <system-out/>
  <testcase classname="headers_SanityTest.LoginTests" name="employee_generalMasters_shouldOpen" time="14.680"/>
  <system-out/>
  <testcase classname="headers_SanityTest.LoginTests" name="employee_statutoryMasters_shouldOpen" time="50.873"/>
  <system-out/>
  <testcase classname="headers_SanityTest.LoginTests" name="employee_userAdministration_shouldOpen" time="15.602"/>
  <system-out/>
  <testcase classname="headers_SanityTest.LoginTests" name="employee_tams_shouldOpen" time="7.806"/>
  <system-out/>
  <testcase classname="headers_SanityTest.LoginTests" name="employee_remoAdminVpn_shouldOpen" time="5.183"/>
  <system-out/>
  <testcase classname="headers_SanityTest.LoginTests" name="employee_remoSpLogin_shouldOpen" time="10.685"/>
  <system-out/>
  <testcase classname="headers_SanityTest.LoginTests" name="employee_classicAudit_shouldOpen" time="8.691"/>
  <system-out/>
</testsuite> <!-- headers_SanityTest.LoginTests -->
