<?xml version="1.0" encoding="UTF-8"?>
<!-- Generated by org.testng.reporters.JUnitReportReporter -->
<testsuite hostname="ACSL-LP-1965" failures="0" tests="4" name="headers_SanityTest.HomePageClickValidations" time="22.987" errors="0" timestamp="2025-11-26T10:55:06 IST" skipped="0">
  <testcase classname="headers_SanityTest.HomePageClickValidations" name="verifyAllBlogsNavigation" time="8.683"/>
  <system-out/>
  <testcase classname="headers_SanityTest.HomePageClickValidations" name="verifyISOIECCertificatePDF" time="3.924"/>
  <system-out/>
  <testcase classname="headers_SanityTest.HomePageClickValidations" name="verifyISOQMSCertificatePDF" time="4.751"/>
  <system-out/>
  <testcase classname="headers_SanityTest.HomePageClickValidations" name="verifyCaseStudyNavigation" time="5.629"/>
  <system-out/>
</testsuite> <!-- headers_SanityTest.HomePageClickValidations -->
