<?xml version="1.0" encoding="UTF-8"?>
<!-- Generated by org.testng.reporters.JUnitReportReporter -->
<testsuite hostname="ACSL-LP-1965" failures="0" tests="5" name="headers_SanityTest.AboutUsTests" time="23.821" errors="0" timestamp="2025-11-26T10:55:06 IST" skipped="0">
  <testcase classname="headers_SanityTest.AboutUsTests" name="verifyOurCompanyTab" time="4.861"/>
  <system-out/>
  <testcase classname="headers_SanityTest.AboutUsTests" name="verifyManagementTab" time="4.740"/>
  <system-out/>
  <testcase classname="headers_SanityTest.AboutUsTests" name="verifyOurClientsTab" time="4.723"/>
  <system-out/>
  <testcase classname="headers_SanityTest.AboutUsTests" name="verifyContactUsTab" time="4.964"/>
  <system-out/>
  <testcase classname="headers_SanityTest.AboutUsTests" name="verifyTestimonialsTab" time="4.533"/>
  <system-out/>
</testsuite> <!-- headers_SanityTest.AboutUsTests -->
