<?xml version="1.0" encoding="UTF-8"?>
<!-- Generated by org.testng.reporters.JUnitReportReporter -->
<testsuite hostname="ACSL-LP-1965" failures="0" tests="4" name="headers_SanityTest.HomePageClickValidations$HomePageClickValidationTest" time="34.839" errors="0" timestamp="2025-11-15T22:41:27 IST" skipped="0">
  <testcase classname="headers_SanityTest.HomePageClickValidations$HomePageClickValidationTest" name="verifyAllBlogsNavigation" time="9.192"/>
  <system-out/>
  <testcase classname="headers_SanityTest.HomePageClickValidations$HomePageClickValidationTest" name="verifyISOIECCertificatePDF" time="7.364"/>
  <system-out/>
  <testcase classname="headers_SanityTest.HomePageClickValidations$HomePageClickValidationTest" name="verifyISOQMSCertificatePDF" time="8.222"/>
  <system-out/>
  <testcase classname="headers_SanityTest.HomePageClickValidations$HomePageClickValidationTest" name="verifyCaseStudyNavigation" time="10.061"/>
  <system-out/>
</testsuite> <!-- headers_SanityTest.HomePageClickValidations$HomePageClickValidationTest -->
